<?xml version="1.0" encoding="UTF-8"?>
<testsuite xmlns:xsi="http://www.w3.org/2001/XMLSchema-instance" xsi:noNamespaceSchemaLocation="https://maven.apache.org/surefire/maven-surefire-plugin/xsd/surefire-test-report.xsd" version="3.0.2" name="app.config.ApplicationConfigIntegrationTest" time="2.719" tests="3" errors="0" skipped="0" failures="2">
  <properties>
[...]
</properties>
  <testcase name="authTokenValidationAcceptsValidBearerToken" classname="app.config.ApplicationConfigIntegrationTest" time="0.375">
    <failure message="expected: &lt;200&gt; but was: &lt;500&gt;" type="org.opentest4j.AssertionFailedError"><![CDATA[org.opentest4j.AssertionFailedError: expected: <200> but was: <500>
	at org.junit.jupiter.api.AssertionFailureBuilder.build(AssertionFailureBuilder.java:158)
	at org.junit.jupiter.api.AssertionFailureBuilder.buildAndThrow(AssertionFailureBuilder.java:139)
	at org.junit.jupiter.api.AssertEquals.failNotEqual(AssertEquals.java:201)
	at org.junit.jupiter.api.AssertEquals.assertEquals(AssertEquals.java:152)
	at org.junit.jupiter.api.AssertEquals.assertEquals(AssertEquals.java:147)
	at org.junit.jupiter.api.Assertions.assertEquals(Assertions.java:558)
	at app.config.ApplicationConfigIntegrationTest.loginAndGetToken(ApplicationConfigIntegrationTest.java:126)
	at app.config.ApplicationConfigIntegrationTest.authTokenValidationAcceptsValidBearerToken(ApplicationConfigIntegrationTest.java:94)
]]></failure>
    <system-out><![CDATA[00:53:11.232 [main] DEBUG org.testcontainers.utility.TestcontainersConfiguration -- Testcontainers configuration overrides will be loaded from file:/Users/emilthorsen/.testcontainers.properties
00:53:11.235 [main] INFO org.testcontainers.images.PullPolicy -- Image pull policy will be performed by: DefaultPullPolicy()
00:53:11.235 [main] INFO org.testcontainers.utility.ImageNameSubstitutor -- Image name substitution will be performed by: DefaultImageNameSubstitutor (composite of 'ConfigurationFileImageNameSubstitutor' and 'PrefixingImageNameSubstitutor')
00:53:11.245 [main] INFO org.testcontainers.DockerClientFactory -- Testcontainers version: 2.0.3
00:53:11.334 [main] INFO org.testcontainers.dockerclient.DockerClientProviderStrategy -- Loaded org.testcontainers.dockerclient.UnixSocketClientProviderStrategy from ~/.testcontainers.properties, will try it first
00:53:11.337 [main] DEBUG org.testcontainers.dockerclient.DockerClientProviderStrategy -- Trying out strategy: UnixSocketClientProviderStrategy
00:53:11.419 [main] DEBUG org.testcontainers.dockerclient.DockerClientProviderStrategy -- Pinging Docker API version 1.44.
00:53:11.422 [main] DEBUG org.testcontainers.shaded.com.github.dockerjava.core.command.AbstrDockerCmd -- Cmd: 
00:53:11.429 [main] DEBUG com.github.dockerjava.zerodep.shaded.org.apache.hc.client5.http.impl.classic.InternalHttpClient -- ex-0000000001 preparing request execution
00:53:11.432 [main] DEBUG com.github.dockerjava.zerodep.shaded.org.apache.hc.client5.http.impl.classic.ProtocolExec -- ex-0000000001 target auth state: UNCHALLENGED
00:53:11.432 [main] DEBUG com.github.dockerjava.zerodep.shaded.org.apache.hc.client5.http.impl.classic.ProtocolExec -- ex-0000000001 proxy auth state: UNCHALLENGED
00:53:11.432 [main] DEBUG com.github.dockerjava.zerodep.shaded.org.apache.hc.client5.http.impl.classic.ConnectExec -- ex-0000000001 acquiring connection with route {}->[unix://localhost:2375]
00:53:11.432 [main] DEBUG com.github.dockerjava.zerodep.shaded.org.apache.hc.client5.http.impl.classic.InternalHttpClient -- ex-0000000001 acquiring endpoint (3 MINUTES)
00:53:11.433 [main] DEBUG com.github.dockerjava.zerodep.shaded.org.apache.hc.client5.http.impl.io.PoolingHttpClientConnectionManager -- ex-0000000001 endpoint lease request (3 MINUTES) [route: {}->[unix://localhost:2375]][total available: 0; route allocated: 0 of 2147483647; total allocated: 0 of 2147483647]
00:53:11.434 [main] DEBUG com.github.dockerjava.zerodep.shaded.org.apache.hc.client5.http.impl.io.PoolingHttpClientConnectionManager -- ex-0000000001 endpoint leased [route: {}->[unix://localhost:2375]][total available: 0; route allocated: 1 of 2147483647; total allocated: 1 of 2147483647]
00:53:11.437 [main] DEBUG com.github.dockerjava.zerodep.shaded.org.apache.hc.client5.http.impl.io.PoolingHttpClientConnectionManager -- ex-0000000001 acquired ep-0000000001
00:53:11.437 [main] DEBUG com.github.dockerjava.zerodep.shaded.org.apache.hc.client5.http.impl.classic.InternalHttpClient -- ex-0000000001 acquired endpoint ep-0000000001
00:53:11.437 [main] DEBUG com.github.dockerjava.zerodep.shaded.org.apache.hc.client5.http.impl.classic.ConnectExec -- ex-0000000001 opening connection {}->[unix://localhost:2375]
00:53:11.437 [main] DEBUG com.github.dockerjava.zerodep.shaded.org.apache.hc.client5.http.impl.classic.InternalHttpClient -- ep-0000000001 connecting endpoint (null)
00:53:11.437 [main] DEBUG com.github.dockerjava.zerodep.shaded.org.apache.hc.client5.http.impl.io.PoolingHttpClientConnectionManager -- ep-0000000001 connecting endpoint to unix://localhost:2375 (3 MINUTES)
00:53:11.438 [main] DEBUG com.github.dockerjava.zerodep.shaded.org.apache.hc.client5.http.impl.io.DefaultHttpClientConnectionOperator -- unix://localhost:2375 connecting null->localhost/127.0.0.1:2375 (3 MINUTES)
00:53:11.443 [main] DEBUG com.github.dockerjava.zerodep.shaded.org.apache.hc.client5.http.impl.io.DefaultHttpClientConnectionOperator -- http-outgoing-0 unix://localhost:2375 connected /var/run/docker.sock->/var/run/docker.sock
00:53:11.443 [main] DEBUG com.github.dockerjava.zerodep.shaded.org.apache.hc.client5.http.impl.io.PoolingHttpClientConnectionManager -- ep-0000000001 connected http-outgoing-0
00:53:11.443 [main] DEBUG com.github.dockerjava.zerodep.shaded.org.apache.hc.client5.http.impl.classic.InternalHttpClient -- ep-0000000001 endpoint connected
00:53:11.443 [main] DEBUG com.github.dockerjava.zerodep.shaded.org.apache.hc.client5.http.impl.classic.MainClientExec -- ex-0000000001 executing GET /v1.44/_ping
00:53:11.443 [main] DEBUG com.github.dockerjava.zerodep.shaded.org.apache.hc.client5.http.protocol.RequestAddCookies -- ex-0000000001 Cookie spec selected: strict
00:53:11.447 [main] DEBUG com.github.dockerjava.zerodep.shaded.org.apache.hc.client5.http.impl.classic.InternalHttpClient -- ep-0000000001 start execution ex-0000000001
00:53:11.447 [main] DEBUG com.github.dockerjava.zerodep.shaded.org.apache.hc.client5.http.impl.io.PoolingHttpClientConnectionManager -- ep-0000000001 executing exchange ex-0000000001 over http-outgoing-0
00:53:11.447 [main] DEBUG com.github.dockerjava.zerodep.shaded.org.apache.hc.client5.http.headers -- http-outgoing-0 >> GET /v1.44/_ping HTTP/1.1
00:53:11.447 [main] DEBUG com.github.dockerjava.zerodep.shaded.org.apache.hc.client5.http.headers -- http-outgoing-0 >> x-tc-sid: 13d5cf75-8f78-4c11-8c1f-5e79542fbea7
00:53:11.447 [main] DEBUG com.github.dockerjava.zerodep.shaded.org.apache.hc.client5.http.headers -- http-outgoing-0 >> User-Agent: tc-java/2.0.3
00:53:11.448 [main] DEBUG com.github.dockerjava.zerodep.shaded.org.apache.hc.client5.http.headers -- http-outgoing-0 >> Accept-Encoding: gzip, x-gzip, deflate
00:53:11.448 [main] DEBUG com.github.dockerjava.zerodep.shaded.org.apache.hc.client5.http.headers -- http-outgoing-0 >> Host: localhost:2375
00:53:11.448 [main] DEBUG com.github.dockerjava.zerodep.shaded.org.apache.hc.client5.http.headers -- http-outgoing-0 >> Connection: keep-alive
00:53:11.448 [main] DEBUG com.github.dockerjava.zerodep.shaded.org.apache.hc.client5.http.wire -- http-outgoing-0 >> "GET /v1.44/_ping HTTP/1.1[\r][\n]"
00:53:11.448 [main] DEBUG com.github.dockerjava.zerodep.shaded.org.apache.hc.client5.http.wire -- http-outgoing-0 >> "x-tc-sid: 13d5cf75-8f78-4c11-8c1f-5e79542fbea7[\r][\n]"
00:53:11.448 [main] DEBUG com.github.dockerjava.zerodep.shaded.org.apache.hc.client5.http.wire -- http-outgoing-0 >> "User-Agent: tc-java/2.0.3[\r][\n]"
00:53:11.448 [main] DEBUG com.github.dockerjava.zerodep.shaded.org.apache.hc.client5.http.wire -- http-outgoing-0 >> "Accept-Encoding: gzip, x-gzip, deflate[\r][\n]"
00:53:11.448 [main] DEBUG com.github.dockerjava.zerodep.shaded.org.apache.hc.client5.http.wire -- http-outgoing-0 >> "Host: localhost:2375[\r][\n]"
00:53:11.448 [main] DEBUG com.github.dockerjava.zerodep.shaded.org.apache.hc.client5.http.wire -- http-outgoing-0 >> "Connection: keep-alive[\r][\n]"
00:53:11.448 [main] DEBUG com.github.dockerjava.zerodep.shaded.org.apache.hc.client5.http.wire -- http-outgoing-0 >> "[\r][\n]"
00:53:11.450 [main] DEBUG com.github.dockerjava.zerodep.shaded.org.apache.hc.client5.http.wire -- http-outgoing-0 << "HTTP/1.1 200 OK[\r][\n]"
00:53:11.450 [main] DEBUG com.github.dockerjava.zerodep.shaded.org.apache.hc.client5.http.wire -- http-outgoing-0 << "Api-Version: 1.51[\r][\n]"
00:53:11.450 [main] DEBUG com.github.dockerjava.zerodep.shaded.org.apache.hc.client5.http.wire -- http-outgoing-0 << "Builder-Version: 2[\r][\n]"
00:53:11.450 [main] DEBUG com.github.dockerjava.zerodep.shaded.org.apache.hc.client5.http.wire -- http-outgoing-0 << "Cache-Control: no-cache, no-store, must-revalidate[\r][\n]"
00:53:11.450 [main] DEBUG com.github.dockerjava.zerodep.shaded.org.apache.hc.client5.http.wire -- http-outgoing-0 << "Content-Type: text/plain; charset=utf-8[\r][\n]"
00:53:11.450 [main] DEBUG com.github.dockerjava.zerodep.shaded.org.apache.hc.client5.http.wire -- http-outgoing-0 << "Date: Wed, 23 Sep 2026 22:53:11 GMT[\r][\n]"
00:53:11.450 [main] DEBUG com.github.dockerjava.zerodep.shaded.org.apache.hc.client5.http.wire -- http-outgoing-0 << "Docker-Experimental: false[\r][\n]"
00:53:11.450 [main] DEBUG com.github.dockerjava.zerodep.shaded.org.apache.hc.client5.http.wire -- http-outgoing-0 << "Ostype: linux[\r][\n]"
00:53:11.450 [main] DEBUG com.github.dockerjava.zerodep.shaded.org.apache.hc.client5.http.wire -- http-outgoing-0 << "Pragma: no-cache[\r][\n]"
00:53:11.450 [main] DEBUG com.github.dockerjava.zerodep.shaded.org.apache.hc.client5.http.wire -- http-outgoing-0 << "Server: Docker/28.4.0 (linux)[\r][\n]"
00:53:11.450 [main] DEBUG com.github.dockerjava.zerodep.shaded.org.apache.hc.client5.http.wire -- http-outgoing-0 << "Swarm: inactive[\r][\n]"
00:53:11.450 [main] DEBUG com.github.dockerjava.zerodep.shaded.org.apache.hc.client5.http.wire -- http-outgoing-0 << "Transfer-Encoding: chunked[\r][\n]"
00:53:11.450 [main] DEBUG com.github.dockerjava.zerodep.shaded.org.apache.hc.client5.http.wire -- http-outgoing-0 << "[\r][\n]"
00:53:11.451 [main] DEBUG com.github.dockerjava.zerodep.shaded.org.apache.hc.client5.http.headers -- http-outgoing-0 << HTTP/1.1 200 OK
00:53:11.451 [main] DEBUG com.github.dockerjava.zerodep.shaded.org.apache.hc.client5.http.headers -- http-outgoing-0 << Api-Version: 1.51
00:53:11.451 [main] DEBUG com.github.dockerjava.zerodep.shaded.org.apache.hc.client5.http.headers -- http-outgoing-0 << Builder-Version: 2
00:53:11.451 [main] DEBUG com.github.dockerjava.zerodep.shaded.org.apache.hc.client5.http.headers -- http-outgoing-0 << Cache-Control: no-cache, no-store, must-revalidate
00:53:11.451 [main] DEBUG com.github.dockerjava.zerodep.shaded.org.apache.hc.client5.http.headers -- http-outgoing-0 << Content-Type: text/plain; charset=utf-8
00:53:11.451 [main] DEBUG com.github.dockerjava.zerodep.shaded.org.apache.hc.client5.http.headers -- http-outgoing-0 << Date: Wed, 23 Sep 2026 22:53:11 GMT
00:53:11.451 [main] DEBUG com.github.dockerjava.zerodep.shaded.org.apache.hc.client5.http.headers -- http-outgoing-0 << Docker-Experimental: false
00:53:11.451 [main] DEBUG com.github.dockerjava.zerodep.shaded.org.apache.hc.client5.http.headers -- http-outgoing-0 << Ostype: linux
00:53:11.452 [main] DEBUG com.github.dockerjava.zerodep.shaded.org.apache.hc.client5.http.headers -- http-outgoing-0 << Pragma: no-cache
00:53:11.452 [main] DEBUG com.github.dockerjava.zerodep.shaded.org.apache.hc.client5.http.headers -- http-outgoing-0 << Server: Docker/28.4.0 (linux)
00:53:11.452 [main] DEBUG com.github.dockerjava.zerodep.shaded.org.apache.hc.client5.http.headers -- http-outgoing-0 << Swarm: inactive
00:53:11.452 [main] DEBUG com.github.dockerjava.zerodep.shaded.org.apache.hc.client5.http.headers -- http-outgoing-0 << Transfer-Encoding: chunked
00:53:11.453 [main] DEBUG com.github.dockerjava.zerodep.shaded.org.apache.hc.client5.http.impl.classic.MainClientExec -- ex-0000000001 connection can be kept alive for 3 MINUTES
00:53:11.453 [main] DEBUG com.github.dockerjava.zerodep.shaded.org.apache.hc.client5.http.wire -- http-outgoing-0 << "2[\r][\n]"
00:53:11.453 [main] DEBUG com.github.dockerjava.zerodep.shaded.org.apache.hc.client5.http.wire -- http-outgoing-0 << "OK[\r][\n]"
00:53:11.453 [main] DEBUG com.github.dockerjava.zerodep.shaded.org.apache.hc.client5.http.wire -- http-outgoing-0 << "0[\r][\n]"
00:53:11.453 [main] DEBUG com.github.dockerjava.zerodep.shaded.org.apache.hc.client5.http.wire -- http-outgoing-0 << "[\r][\n]"
00:53:11.454 [main] DEBUG com.github.dockerjava.zerodep.shaded.org.apache.hc.client5.http.impl.classic.InternalHttpClient -- ep-0000000001 releasing valid endpoint
00:53:11.454 [main] DEBUG com.github.dockerjava.zerodep.shaded.org.apache.hc.client5.http.impl.io.PoolingHttpClientConnectionManager -- ep-0000000001 releasing endpoint
00:53:11.454 [main] DEBUG com.github.dockerjava.zerodep.shaded.org.apache.hc.client5.http.impl.io.PoolingHttpClientConnectionManager -- ep-0000000001 connection http-outgoing-0 can be kept alive for 3 MINUTES
00:53:11.454 [main] DEBUG com.github.dockerjava.zerodep.shaded.org.apache.hc.client5.http.impl.io.PoolingHttpClientConnectionManager -- ep-0000000001 connection released [route: {}->[unix://localhost:2375]][total available: 1; route allocated: 1 of 2147483647; total allocated: 1 of 2147483647]
00:53:11.454 [main] DEBUG org.testcontainers.shaded.com.github.dockerjava.core.command.AbstrDockerCmd -- Cmd: 
00:53:11.455 [main] DEBUG com.github.dockerjava.zerodep.shaded.org.apache.hc.client5.http.impl.classic.InternalHttpClient -- ex-0000000002 preparing request execution
00:53:11.455 [main] DEBUG com.github.dockerjava.zerodep.shaded.org.apache.hc.client5.http.impl.classic.ProtocolExec -- ex-0000000002 target auth state: UNCHALLENGED
00:53:11.455 [main] DEBUG com.github.dockerjava.zerodep.shaded.org.apache.hc.client5.http.impl.classic.ProtocolExec -- ex-0000000002 proxy auth state: UNCHALLENGED
00:53:11.455 [main] DEBUG com.github.dockerjava.zerodep.shaded.org.apache.hc.client5.http.impl.classic.ConnectExec -- ex-0000000002 acquiring connection with route {}->[unix://localhost:2375]
00:53:11.455 [main] DEBUG com.github.dockerjava.zerodep.shaded.org.apache.hc.client5.http.impl.classic.InternalHttpClient -- ex-0000000002 acquiring endpoint (3 MINUTES)
00:53:11.455 [main] DEBUG com.github.dockerjava.zerodep.shaded.org.apache.hc.client5.http.impl.io.PoolingHttpClientConnectionManager -- ex-0000000002 endpoint lease request (3 MINUTES) [route: {}->[unix://localhost:2375]][total available: 1; route allocated: 1 of 2147483647; total allocated: 1 of 2147483647]
00:53:11.455 [main] DEBUG com.github.dockerjava.zerodep.shaded.org.apache.hc.client5.http.impl.io.PoolingHttpClientConnectionManager -- ex-0000000002 endpoint leased [route: {}->[unix://localhost:2375]][total available: 0; route allocated: 1 of 2147483647; total allocated: 1 of 2147483647]
00:53:11.455 [main] DEBUG com.github.dockerjava.zerodep.shaded.org.apache.hc.client5.http.impl.io.PoolingHttpClientConnectionManager -- ex-0000000002 acquired ep-0000000002
00:53:11.455 [main] DEBUG com.github.dockerjava.zerodep.shaded.org.apache.hc.client5.http.impl.classic.InternalHttpClient -- ex-0000000002 acquired endpoint ep-0000000002
00:53:11.455 [main] DEBUG com.github.dockerjava.zerodep.shaded.org.apache.hc.client5.http.impl.classic.MainClientExec -- ex-0000000002 executing GET /v1.44/info
00:53:11.455 [main] DEBUG com.github.dockerjava.zerodep.shaded.org.apache.hc.client5.http.protocol.RequestAddCookies -- ex-0000000002 Cookie spec selected: strict
00:53:11.455 [main] DEBUG com.github.dockerjava.zerodep.shaded.org.apache.hc.client5.http.impl.classic.InternalHttpClient -- ep-0000000002 start execution ex-0000000002
00:53:11.455 [main] DEBUG com.github.dockerjava.zerodep.shaded.org.apache.hc.client5.http.impl.io.PoolingHttpClientConnectionManager -- ep-0000000002 executing exchange ex-0000000002 over http-outgoing-0
00:53:11.455 [main] DEBUG com.github.dockerjava.zerodep.shaded.org.apache.hc.client5.http.headers -- http-outgoing-0 >> GET /v1.44/info HTTP/1.1
00:53:11.455 [main] DEBUG com.github.dockerjava.zerodep.shaded.org.apache.hc.client5.http.headers -- http-outgoing-0 >> x-tc-sid: 13d5cf75-8f78-4c11-8c1f-5e79542fbea7
00:53:11.455 [main] DEBUG com.github.dockerjava.zerodep.shaded.org.apache.hc.client5.http.headers -- http-outgoing-0 >> User-Agent: tc-java/2.0.3
00:53:11.455 [main] DEBUG com.github.dockerjava.zerodep.shaded.org.apache.hc.client5.http.headers -- http-outgoing-0 >> Accept-Encoding: gzip, x-gzip, deflate
00:53:11.455 [main] DEBUG com.github.dockerjava.zerodep.shaded.org.apache.hc.client5.http.headers -- http-outgoing-0 >> Host: localhost:2375
00:53:11.455 [main] DEBUG com.github.dockerjava.zerodep.shaded.org.apache.hc.client5.http.headers -- http-outgoing-0 >> Connection: keep-alive
00:53:11.455 [main] DEBUG com.github.dockerjava.zerodep.shaded.org.apache.hc.client5.http.wire -- http-outgoing-0 >> "GET /v1.44/info HTTP/1.1[\r][\n]"
00:53:11.455 [main] DEBUG com.github.dockerjava.zerodep.shaded.org.apache.hc.client5.http.wire -- http-outgoing-0 >> "x-tc-sid: 13d5cf75-8f78-4c11-8c1f-5e79542fbea7[\r][\n]"
00:53:11.455 [main] DEBUG com.github.dockerjava.zerodep.shaded.org.apache.hc.client5.http.wire -- http-outgoing-0 >> "User-Agent: tc-java/2.0.3[\r][\n]"
00:53:11.455 [main] DEBUG com.github.dockerjava.zerodep.shaded.org.apache.hc.client5.http.wire -- http-outgoing-0 >> "Accept-Encoding: gzip, x-gzip, deflate[\r][\n]"
00:53:11.455 [main] DEBUG com.github.dockerjava.zerodep.shaded.org.apache.hc.client5.http.wire -- http-outgoing-0 >> "Host: localhost:2375[\r][\n]"
00:53:11.455 [main] DEBUG com.github.dockerjava.zerodep.shaded.org.apache.hc.client5.http.wire -- http-outgoing-0 >> "Connection: keep-alive[\r][\n]"
00:53:11.455 [main] DEBUG com.github.dockerjava.zerodep.shaded.org.apache.hc.client5.http.wire -- http-outgoing-0 >> "[\r][\n]"
00:53:11.463 [main] DEBUG com.github.dockerjava.zerodep.shaded.org.apache.hc.client5.http.wire -- http-outgoing-0 << "HTTP/1.1 200 OK[\r][\n]"
00:53:11.463 [main] DEBUG com.github.dockerjava.zerodep.shaded.org.apache.hc.client5.http.wire -- http-outgoing-0 << "Api-Version: 1.51[\r][\n]"
00:53:11.463 [main] DEBUG com.github.dockerjava.zerodep.shaded.org.apache.hc.client5.http.wire -- http-outgoing-0 << "Content-Type: application/json[\r][\n]"
00:53:11.463 [main] DEBUG com.github.dockerjava.zerodep.shaded.org.apache.hc.client5.http.wire -- http-outgoing-0 << "Date: Wed, 23 Sep 2026 22:53:11 GMT[\r][\n]"
00:53:11.463 [main] DEBUG com.github.dockerjava.zerodep.shaded.org.apache.hc.client5.http.wire -- http-outgoing-0 << "Docker-Experimental: false[\r][\n]"
00:53:11.463 [main] DEBUG com.github.dockerjava.zerodep.shaded.org.apache.hc.client5.http.wire -- http-outgoing-0 << "Ostype: linux[\r][\n]"
00:53:11.463 [main] DEBUG com.github.dockerjava.zerodep.shaded.org.apache.hc.client5.http.wire -- http-outgoing-0 << "Server: Docker/28.4.0 (linux)[\r][\n]"
00:53:11.463 [main] DEBUG com.github.dockerjava.zerodep.shaded.org.apache.hc.client5.http.wire -- http-outgoing-0 << "Transfer-Encoding: chunked[\r][\n]"
00:53:11.463 [main] DEBUG com.github.dockerjava.zerodep.shaded.org.apache.hc.client5.http.wire -- http-outgoing-0 << "[\r][\n]"
00:53:11.463 [main] DEBUG com.github.dockerjava.zerodep.shaded.org.apache.hc.client5.http.wire -- http-outgoing-0 << "23a5[\r][\n]"
00:53:11.464 [main] DEBUG com.github.dockerjava.zerodep.shaded.org.apache.hc.client5.http.wire -- http-outgoing-0 << "{"ID":"18c55742-31c9-4364-9d05-82b6011696c8","Containers":24,"ContainersRunning":4,"ContainersPaused":0,"ContainersStopped":20,"Images":25,"Driver":"overlay2","DriverStatus":[["Backing Filesystem","extfs"],["Supports d_type","true"],["Using metacopy","false"],["Native Overlay Diff","true"],["userxattr","false"]],"Plugins":{"Volume":["local"],"Network":["bridge","host","ipvlan","macvlan","null","overlay"],"Authorization":null,"Log":["awslogs","fluentd","gcplogs","gelf","journald","json-file","local","splunk","syslog"]},"MemoryLimit":true,"SwapLimit":true,"CpuCfsPeriod":true,"CpuCfsQuota":true,"CPUShares":true,"CPUSet":true,"PidsLimit":true,"IPv4Forwarding":true,"Debug":false,"NFd":83,"OomKillDisable":false,"NGoroutines":126,"SystemTime":"2026-09-23T22:53:11.457334297Z","LoggingDriver":"json-file","CgroupDriver":"cgroupfs","CgroupVersion":"2","NEventsListener":14,"KernelVersion":"6.10.14-linuxkit","OperatingSystem":"Docker Desktop","OSVersion":"","OSType":"linux","Architecture":"aarch64","IndexServerAddress":"https://index.docker.io/v1/","RegistryConfig":{"IndexConfigs":{"docker.io":{"Mirrors":[],"Name":"docker.io","Official":true,"Secure":true},"hubproxy.docker.internal:5555":{"Mirrors":[],"Name":"hubproxy.docker.internal:5555","Official":false,"Secure":false}},"InsecureRegistryCIDRs":["::1/128","127.0.0.0/8"],"Mirrors":null},"NCPU":14,"MemTotal":8217473024,"GenericResources":null,"DockerRootDir":"/var/lib/docker","HttpProxy":"http.docker.internal:3128","HttpsProxy":"http.docker.internal:3128","NoProxy":"hubproxy.docker.internal","Name":"docker-desktop","Labels":["com.docker.desktop.address=unix:///Users/emilthorsen/Library/Containers/com.docker.docker/Data/docker-cli.sock"],"ExperimentalBuild":false,"ServerVersion":"28.4.0","Runtimes":{"io.containerd.runc.v2":{"path":"runc","status":{"org.opencontainers.runtime-spec.features":"{\"ociVersionMin\":\"1.0.0\",\"ociVersionMax\":\"1.2.0\",\"hooks\":[\"prestart\",\"createRuntime\",\"createContainer\",\"startContainer\",\"poststart\",\"poststop\"],\"mountOptions\":[\"async\",\"atime\",\"bind\",\"defaults\",\"dev\",\"diratime\",\"dirsync\",\"exec\",\"iversion\",\"lazytime\",\"loud\",\"mand\",\"noatime\",\"nodev\",\"nodiratime\",\"noexec\",\"noiversion\",\"nolazytime\",\"nomand\",\"norelatime\",\"nostrictatime\",\"nosuid\",\"nosymfollow\",\"private\",\"ratime\",\"rbind\",\"rdev\",\"rdiratime\",\"relatime\",\"remount\",\"rexec\",\"rnoatime\",\"rnodev\",\"rnodiratime\",\"rnoexec\",\"rnorelatime\",\"rnostrictatime\",\"rnosuid\",\"rnosymfollow\",\"ro\",\"rprivate\",\"rrelatime\",\"rro\",\"rrw\",\"rshared\",\"rslave\",\"rstrictatime\",\"rsuid\",\"rsymfollow\",\"runbindable\",\"rw\",\"shared\",\"silent\",\"slave\",\"strictatime\",\"suid\",\"symfollow\",\"sync\",\"tmpcopyup\",\"unbindable\"],\"linux\":{\"namespaces\":[\"cgroup\",\"ipc\",\"mount\",\"network\",\"pid\",\"time\",\"user\",\"uts\"],\"capabilities\":[\"CAP_CHOWN\",\"CAP_DAC_OVERRIDE\",\"CAP_DAC_READ_SEARCH\",\"CAP_FOWNER\",\"CAP_FSETID\",\"CAP_KILL\",\"CAP_SETGID\",\"CAP_SETUID\",\"CAP_SETPCAP\",\"CAP_LINUX_IMMUTABLE\",\"CAP_NET_BIND_SERVICE\",\"CAP_NET_BROADCAST\",\"CAP_NET_ADMIN\",\"CAP_NET_RAW\",\"CAP_IPC_LOCK\",\"CAP_IPC_OWNER\",\"CAP_SYS_MODULE\",\"CAP_SYS_RAWIO\",\"CAP_SYS_CHROOT\",\"CAP_SYS_PTRACE\",\"CAP_SYS_PACCT\",\"CAP_SYS_ADMIN\",\"CAP_SYS_BOOT\",\"CAP_SYS_NICE\",\"CAP_SYS_RESOURCE\",\"CAP_SYS_TIME\",\"CAP_SYS_TTY_CONFIG\",\"CAP_MKNOD\",\"CAP_LEASE\",\"CAP_AUDIT_WRITE\",\"CAP_AUDIT_CONTROL\",\"CAP_SETFCAP\",\"CAP_MAC_OVERRIDE\",\"CAP_MAC_ADMIN\",\"CAP_SYSLOG\",\"CAP_WAKE_ALARM\",\"CAP_BLOCK_SUSPEND\",\"CAP_AUDIT_READ\",\"CAP_PERFMON\",\"CAP_BPF\",\"CAP_CHECKPOINT_RESTORE\"],\"cgroup\":{\"v1\":true,\"v2\":true,\"systemd\":true,\"systemdUser\":true,\"rdma\":true},\"seccomp\":{\"enabled\":true,\"actions\":[\"SCMP_ACT_ALLOW\",\"SCMP_ACT_ERRNO\",\"SCMP_ACT_KILL\",\"SCMP_ACT_KILL_PROCESS\",\"SCMP_ACT_KILL_THREAD\",\"SCMP_ACT_LOG\",\"SCMP_ACT_NOTIFY\",\"SCMP_ACT_TRACE\",\"SCMP_ACT_TRAP\"],\"operators\":[\"SCMP_CMP_EQ\",\"SCMP_CMP_GE\",\"SCMP_CMP_GT\",\"SCMP_CMP_LE\",\"SCMP_CMP_LT\",\"SCMP_CMP_MASKED_EQ\",\"SCMP_CMP_NE\"],\"archs\":[\"SCMP_ARCH_AARCH64\",\"SCMP_ARCH_ARM\",\"SCMP_ARCH_MIPS\",\"SCMP_ARCH_MIPS64\",\"SCMP_ARCH_MIPS64N32\",\"SCMP_ARCH_MIPSEL\",\"SCMP_ARCH_MIPSEL64\",\"SCMP_ARCH_MIPSEL64N32\",\"SCMP_ARCH_PPC\",\"SCMP_ARCH_PPC64\",\"SCMP_ARCH_PPC64LE\",\"SCMP_ARCH_RISCV64\",\"SCMP_ARCH_S390\",\"SCMP_ARCH_S390X\",\"SCMP_ARCH_X32\",\"SCMP_ARCH_X86\",\"SCMP_ARCH_X86_64\"],\"knownFlags\":[\"SECCOMP_FILTER_FLAG_TSYNC\",\"SECCOMP_FILTER_FLAG_SPEC_ALLOW\",\"SECCOMP_FILTER_FLAG_LOG\"],\"supportedFlags\":[\"SECCOMP_FILTER_FLAG_TSYNC\",\"SECCOMP_FILTER_FLAG_SPEC_ALLOW\",\"SECCOMP_FILTER_FLAG_LOG\"]},\"apparmor\":{\"enabled\":true},\"selinux\":{\"enabled\":true},\"intelRdt\":{\"enabled\":true},\"mountExtensions\":{\"idmap\":{\"enabled\":true}}},\"annotations\":{\"io.github.seccomp.libseccomp.version\":\"2.5.4\",\"org.opencontainers.runc.checkpoint.enabled\":\"true\",\"org.opencontainers.runc.commit\":\"v1.2.5-0-g59923ef\",\"org.opencontainers.runc.version\":\"1.2.5\"},\"potentiallyUnsafeConfigAnnotations\":[\"bundle\",\"org.systemd.property.\",\"org.criu.config\"]}"}},"runc":{"path":"runc","status":{"org.opencontainers.runtime-spec.features":"{\"ociVersionMin\":\"1.0.0\",\"ociVersionMax\":\"1.2.0\",\"hooks\":[\"prestart\",\"createRuntime\",\"createContainer\",\"startContainer\",\"poststart\",\"poststop\"],\"mountOptions\":[\"async\",\"atime\",\"bind\",\"defaults\",\"dev\",\"diratime\",\"dirsync\",\"exec\",\"iversion\",\"lazytime\",\"loud\",\"mand\",\"noatime\",\"nodev\",\"nodiratime\",\"noexec\",\"noiversion\",\"nolazytime\",\"nomand\",\"norelatime\",\"nostrictatime\",\"nosuid\",\"nosymfollow\",\"private\",\"ratime\",\"rbind\",\"rdev\",\"rdiratime\",\"relatime\",\"remount\",\"rexec\",\"rnoatime\",\"rnodev\",\"rnodiratime\",\"rnoexec\",\"rnorelatime\",\"rnostrictatime\",\"rnosuid\",\"rnosymfollow\",\"ro\",\"rprivate\",\"rrelatime\",\"rro\",\"rrw\",\"rshared\",\"rslave\",\"rstrictatime\",\"rsuid\",\"rsymfollow\",\"runbindable\",\"rw\",\"shared\",\"silent\",\"slave\",\"strictatime\",\"suid\",\"symfollow\",\"sync\",\"tmpcopyup\",\"unbindable\"],\"linux\":{\"namespaces\":[\"cgroup\",\"ipc\",\"mount\",\"network\",\"pid\",\"time\",\"user\",\"uts\"],\"capabilities\":[\"CAP_CHOWN\",\"CAP_DAC_OVERRIDE\",\"CAP_DAC_READ_SEARCH\",\"CAP_FOWNER\",\"CAP_FSETID\",\"CAP_KILL\",\"CAP_SETGID\",\"CAP_SETUID\",\"CAP_SETPCAP\",\"CAP_LINUX_IMMUTABLE\",\"CAP_NET_BIND_SERVICE\",\"CAP_NET_BROADCAST\",\"CAP_NET_ADMIN\",\"CAP_NET_RAW\",\"CAP_IPC_LOCK\",\"CAP_IPC_OWNER\",\"CAP_SYS_MODULE\",\"CAP_SYS_RAWIO\",\"CAP_SYS_CHROOT\",\"CAP_SYS_PTRACE\",\"CAP_SYS_PACCT\",\"CAP_SYS_ADMIN\",\"CAP_SYS_BOOT\",\"CAP_SYS_NICE\",\"CAP_SYS_RESOURCE\",\"CAP_SYS_TIME\",\"CAP_SYS_TTY_CONFIG\",\"CAP_MKNOD\",\"CAP_LEASE\",\"CAP_AUDIT_WRITE\",\"CAP_AUDIT_CONTROL\",\"CAP_SETFCAP\",\"CAP_MAC_OVERRIDE\",\"CAP_MAC_ADMIN\",\"CAP_SYSLOG\",\"CAP_WAKE_ALARM\",\"CAP_BLOCK_SUSPEND\",\"CAP_AUDIT_READ\",\"CAP_PERFMON\",\"CAP_BPF\",\"CAP_CHECKPOINT_RESTORE\"],\"cgroup\":{\"v1\":true,\"v2\":true,\"systemd\":true,\"systemdUser\":true,\"rdma\":true},\"seccomp\":{\"enabled\":true,\"actions\":[\"SCMP_ACT_ALLOW\",\"SCMP_ACT_ERRNO\",\"SCMP_ACT_KILL\",\"SCMP_ACT_KILL_PROCESS\",\"SCMP_ACT_KILL_THREAD\",\"SCMP_ACT_LOG\",\"SCMP_ACT_NOTIFY\",\"SCMP_ACT_TRACE\",\"SCMP_ACT_TRAP\"],\"operators\":[\"SCMP_CMP_EQ\",\"SCMP_CMP_GE\",\"SCMP_CMP_GT\",\"SCMP_CMP_LE\",\"SCMP_CMP_LT\",\"SCMP_CMP_MASKED_EQ\",\"SCMP_CMP_NE\"],\"archs\":[\"SCMP_ARCH_AARCH64\",\"SCMP_ARCH_ARM\",\"SCMP_ARCH_MIPS\",\"SCMP_ARCH_MIPS64\",\"SCMP_ARCH_MIPS64N32\",\"SCMP_ARCH_MIPSEL\",\"SCMP_ARCH_MIPSEL64\",\"SCMP_ARCH_MIPSEL64N32\",\"SCMP_ARCH_PPC\",\"SCMP_ARCH_PPC64\",\"SCMP_ARCH_PPC64LE\",\"SCMP_ARCH_RISCV64\",\"SCMP_ARCH_S390\",\"SCMP_ARCH_S390X\",\"SCMP_ARCH_X32\",\"SCMP_ARCH_X86\",\"SCMP_ARCH_X86_64\"],\"knownFlags\":[\"SECCOMP_FILTER_FLAG_TSYNC\",\"SECCOMP_FILTER_FLAG_SPEC_ALLOW\",\"SECCOMP_FILTER_FLAG_LOG\"],\"supportedFlags\":[\"SECCOMP_"
00:53:11.464 [main] DEBUG com.github.dockerjava.zerodep.shaded.org.apache.hc.client5.http.headers -- http-outgoing-0 << HTTP/1.1 200 OK
00:53:11.464 [main] DEBUG com.github.dockerjava.zerodep.shaded.org.apache.hc.client5.http.headers -- http-outgoing-0 << Api-Version: 1.51
00:53:11.464 [main] DEBUG com.github.dockerjava.zerodep.shaded.org.apache.hc.client5.http.headers -- http-outgoing-0 << Content-Type: application/json
00:53:11.464 [main] DEBUG com.github.dockerjava.zerodep.shaded.org.apache.hc.client5.http.headers -- http-outgoing-0 << Date: Wed, 23 Sep 2026 22:53:11 GMT
00:53:11.464 [main] DEBUG com.github.dockerjava.zerodep.shaded.org.apache.hc.client5.http.headers -- http-outgoing-0 << Docker-Experimental: false
00:53:11.464 [main] DEBUG com.github.dockerjava.zerodep.shaded.org.apache.hc.client5.http.headers -- http-outgoing-0 << Ostype: linux
00:53:11.464 [main] DEBUG com.github.dockerjava.zerodep.shaded.org.apache.hc.client5.http.headers -- http-outgoing-0 << Server: Docker/28.4.0 (linux)
00:53:11.464 [main] DEBUG com.github.dockerjava.zerodep.shaded.org.apache.hc.client5.http.headers -- http-outgoing-0 << Transfer-Encoding: chunked
00:53:11.464 [main] DEBUG com.github.dockerjava.zerodep.shaded.org.apache.hc.client5.http.impl.classic.MainClientExec -- ex-0000000002 connection can be kept alive for 3 MINUTES
00:53:11.480 [main] DEBUG com.github.dockerjava.zerodep.shaded.org.apache.hc.client5.http.wire -- http-outgoing-0 << "FILTER_FLAG_TSYNC\",\"SECCOMP_FILTER_FLAG_SPEC_ALLOW\",\"SECCOMP_FILTER_FLAG_LOG\"]},\"apparmor\":{\"enabled\":true},\"selinux\":{\"enabled\":true},\"intelRdt\":{\"enabled\":true},\"mountExtensions\":{\"idmap\":{\"enabled\":true}}},\"annotations\":{\"io.github.seccomp.libseccomp.version\":\"2.5.4\",\"org.opencontainers.runc.checkpoint.enabled\":\"true\",\"org.opencontainers.runc.commit\":\"v1.2.5-0-g59923ef\",\"org.opencontainers.runc.version\":\"1.2.5\"},\"potentiallyUnsafeConfigAnnotations\":[\"bundle\",\"org.systemd.property.\",\"org.criu.config\"]}"}}},"DefaultRuntime":"runc","Swarm":{"NodeID":"","NodeAddr":"","LocalNodeState":"inactive","ControlAvailable":false,"Error":"","RemoteManagers":null},"LiveRestoreEnabled":false,"Isolation":"","InitBinary":"docker-init","ContainerdCommit":{"ID":"05044ec0a9a75232cad458027ca83437aae3f4da","Expected":"05044ec0a9a75232cad458027ca83437aae3f4da"},"RuncCommit":{"ID":"v1.2.5-0-g59923ef","Expected":"v1.2.5-0-g59923ef"},"InitCommit":{"ID":"de40ad0","Expected":"de40ad0"},"SecurityOptions":["name=seccomp,profile=builtin","name=cgroupns"],"CDISpecDirs":["/etc/cdi","/var/run/cdi"],"Warnings":null}"
00:53:11.486 [main] DEBUG com.github.dockerjava.zerodep.shaded.org.apache.hc.client5.http.wire -- http-outgoing-0 << "[\r][\n]"
00:53:11.486 [main] DEBUG com.github.dockerjava.zerodep.shaded.org.apache.hc.client5.http.wire -- http-outgoing-0 << "0[\r][\n]"
00:53:11.486 [main] DEBUG com.github.dockerjava.zerodep.shaded.org.apache.hc.client5.http.wire -- http-outgoing-0 << "[\r][\n]"
00:53:11.486 [main] DEBUG com.github.dockerjava.zerodep.shaded.org.apache.hc.client5.http.impl.classic.InternalHttpClient -- ep-0000000002 releasing valid endpoint
00:53:11.486 [main] DEBUG com.github.dockerjava.zerodep.shaded.org.apache.hc.client5.http.impl.io.PoolingHttpClientConnectionManager -- ep-0000000002 releasing endpoint
00:53:11.486 [main] DEBUG com.github.dockerjava.zerodep.shaded.org.apache.hc.client5.http.impl.io.PoolingHttpClientConnectionManager -- ep-0000000002 connection http-outgoing-0 can be kept alive for 3 MINUTES
00:53:11.486 [main] DEBUG com.github.dockerjava.zerodep.shaded.org.apache.hc.client5.http.impl.io.PoolingHttpClientConnectionManager -- ep-0000000002 connection released [route: {}->[unix://localhost:2375]][total available: 1; route allocated: 1 of 2147483647; total allocated: 1 of 2147483647]
00:53:11.486 [main] INFO org.testcontainers.dockerclient.DockerClientProviderStrategy -- Found Docker environment with local Unix socket (unix:///var/run/docker.sock)
00:53:11.487 [main] DEBUG org.testcontainers.dockerclient.DockerClientProviderStrategy -- Transport type: 'httpclient5', Docker host: 'unix:///var/run/docker.sock'
00:53:11.487 [main] DEBUG org.testcontainers.dockerclient.DockerClientProviderStrategy -- Checking Docker OS type for local Unix socket (unix:///var/run/docker.sock)
00:53:11.487 [main] INFO org.testcontainers.DockerClientFactory -- Docker host IP address is localhost
00:53:11.487 [main] DEBUG org.testcontainers.DockerClientFactory -- Docker info: {CDISpecDirs=[/etc/cdi, /var/run/cdi], NGoroutines=126, Name=docker-desktop, Swarm={NodeID=, NodeAddr=, LocalNodeState=inactive, ControlAvailable=false, Error=, RemoteManagers=null}, RuncCommit={ID=v1.2.5-0-g59923ef, Expected=v1.2.5-0-g59923ef}, OSVersion=, Runtimes={io.containerd.runc.v2={path=runc, status={org.opencontainers.runtime-spec.features={"ociVersionMin":"1.0.0","ociVersionMax":"1.2.0","hooks":["prestart","createRuntime","createContainer","startContainer","poststart","poststop"],"mountOptions":["async","atime","bind","defaults","dev","diratime","dirsync","exec","iversion","lazytime","loud","mand","noatime","nodev","nodiratime","noexec","noiversion","nolazytime","nomand","norelatime","nostrictatime","nosuid","nosymfollow","private","ratime","rbind","rdev","rdiratime","relatime","remount","rexec","rnoatime","rnodev","rnodiratime","rnoexec","rnorelatime","rnostrictatime","rnosuid","rnosymfollow","ro","rprivate","rrelatime","rro","rrw","rshared","rslave","rstrictatime","rsuid","rsymfollow","runbindable","rw","shared","silent","slave","strictatime","suid","symfollow","sync","tmpcopyup","unbindable"],"linux":{"namespaces":["cgroup","ipc","mount","network","pid","time","user","uts"],"capabilities":["CAP_CHOWN","CAP_DAC_OVERRIDE","CAP_DAC_READ_SEARCH","CAP_FOWNER","CAP_FSETID","CAP_KILL","CAP_SETGID","CAP_SETUID","CAP_SETPCAP","CAP_LINUX_IMMUTABLE","CAP_NET_BIND_SERVICE","CAP_NET_BROADCAST","CAP_NET_ADMIN","CAP_NET_RAW","CAP_IPC_LOCK","CAP_IPC_OWNER","CAP_SYS_MODULE","CAP_SYS_RAWIO","CAP_SYS_CHROOT","CAP_SYS_PTRACE","CAP_SYS_PACCT","CAP_SYS_ADMIN","CAP_SYS_BOOT","CAP_SYS_NICE","CAP_SYS_RESOURCE","CAP_SYS_TIME","CAP_SYS_TTY_CONFIG","CAP_MKNOD","CAP_LEASE","CAP_AUDIT_WRITE","CAP_AUDIT_CONTROL","CAP_SETFCAP","CAP_MAC_OVERRIDE","CAP_MAC_ADMIN","CAP_SYSLOG","CAP_WAKE_ALARM","CAP_BLOCK_SUSPEND","CAP_AUDIT_READ","CAP_PERFMON","CAP_BPF","CAP_CHECKPOINT_RESTORE"],"cgroup":{"v1":true,"v2":true,"systemd":true,"systemdUser":true,"rdma":true},"seccomp":{"enabled":true,"actions":["SCMP_ACT_ALLOW","SCMP_ACT_ERRNO","SCMP_ACT_KILL","SCMP_ACT_KILL_PROCESS","SCMP_ACT_KILL_THREAD","SCMP_ACT_LOG","SCMP_ACT_NOTIFY","SCMP_ACT_TRACE","SCMP_ACT_TRAP"],"operators":["SCMP_CMP_EQ","SCMP_CMP_GE","SCMP_CMP_GT","SCMP_CMP_LE","SCMP_CMP_LT","SCMP_CMP_MASKED_EQ","SCMP_CMP_NE"],"archs":["SCMP_ARCH_AARCH64","SCMP_ARCH_ARM","SCMP_ARCH_MIPS","SCMP_ARCH_MIPS64","SCMP_ARCH_MIPS64N32","SCMP_ARCH_MIPSEL","SCMP_ARCH_MIPSEL64","SCMP_ARCH_MIPSEL64N32","SCMP_ARCH_PPC","SCMP_ARCH_PPC64","SCMP_ARCH_PPC64LE","SCMP_ARCH_RISCV64","SCMP_ARCH_S390","SCMP_ARCH_S390X","SCMP_ARCH_X32","SCMP_ARCH_X86","SCMP_ARCH_X86_64"],"knownFlags":["SECCOMP_FILTER_FLAG_TSYNC","SECCOMP_FILTER_FLAG_SPEC_ALLOW","SECCOMP_FILTER_FLAG_LOG"],"supportedFlags":["SECCOMP_FILTER_FLAG_TSYNC","SECCOMP_FILTER_FLAG_SPEC_ALLOW","SECCOMP_FILTER_FLAG_LOG"]},"apparmor":{"enabled":true},"selinux":{"enabled":true},"intelRdt":{"enabled":true},"mountExtensions":{"idmap":{"enabled":true}}},"annotations":{"io.github.seccomp.libseccomp.version":"2.5.4","org.opencontainers.runc.checkpoint.enabled":"true","org.opencontainers.runc.commit":"v1.2.5-0-g59923ef","org.opencontainers.runc.version":"1.2.5"},"potentiallyUnsafeConfigAnnotations":["bundle","org.systemd.property.","org.criu.config"]}}}, runc={path=runc, status={org.opencontainers.runtime-spec.features={"ociVersionMin":"1.0.0","ociVersionMax":"1.2.0","hooks":["prestart","createRuntime","createContainer","startContainer","poststart","poststop"],"mountOptions":["async","atime","bind","defaults","dev","diratime","dirsync","exec","iversion","lazytime","loud","mand","noatime","nodev","nodiratime","noexec","noiversion","nolazytime","nomand","norelatime","nostrictatime","nosuid","nosymfollow","private","ratime","rbind","rdev","rdiratime","relatime","remount","rexec","rnoatime","rnodev","rnodiratime","rnoexec","rnorelatime","rnostrictatime","rnosuid","rnosymfollow","ro","rprivate","rrelatime","rro","rrw","rshared","rslave","rstrictatime","rsuid","rsymfollow","runbindable","rw","shared","silent","slave","strictatime","suid","symfollow","sync","tmpcopyup","unbindable"],"linux":{"namespaces":["cgroup","ipc","mount","network","pid","time","user","uts"],"capabilities":["CAP_CHOWN","CAP_DAC_OVERRIDE","CAP_DAC_READ_SEARCH","CAP_FOWNER","CAP_FSETID","CAP_KILL","CAP_SETGID","CAP_SETUID","CAP_SETPCAP","CAP_LINUX_IMMUTABLE","CAP_NET_BIND_SERVICE","CAP_NET_BROADCAST","CAP_NET_ADMIN","CAP_NET_RAW","CAP_IPC_LOCK","CAP_IPC_OWNER","CAP_SYS_MODULE","CAP_SYS_RAWIO","CAP_SYS_CHROOT","CAP_SYS_PTRACE","CAP_SYS_PACCT","CAP_SYS_ADMIN","CAP_SYS_BOOT","CAP_SYS_NICE","CAP_SYS_RESOURCE","CAP_SYS_TIME","CAP_SYS_TTY_CONFIG","CAP_MKNOD","CAP_LEASE","CAP_AUDIT_WRITE","CAP_AUDIT_CONTROL","CAP_SETFCAP","CAP_MAC_OVERRIDE","CAP_MAC_ADMIN","CAP_SYSLOG","CAP_WAKE_ALARM","CAP_BLOCK_SUSPEND","CAP_AUDIT_READ","CAP_PERFMON","CAP_BPF","CAP_CHECKPOINT_RESTORE"],"cgroup":{"v1":true,"v2":true,"systemd":true,"systemdUser":true,"rdma":true},"seccomp":{"enabled":true,"actions":["SCMP_ACT_ALLOW","SCMP_ACT_ERRNO","SCMP_ACT_KILL","SCMP_ACT_KILL_PROCESS","SCMP_ACT_KILL_THREAD","SCMP_ACT_LOG","SCMP_ACT_NOTIFY","SCMP_ACT_TRACE","SCMP_ACT_TRAP"],"operators":["SCMP_CMP_EQ","SCMP_CMP_GE","SCMP_CMP_GT","SCMP_CMP_LE","SCMP_CMP_LT","SCMP_CMP_MASKED_EQ","SCMP_CMP_NE"],"archs":["SCMP_ARCH_AARCH64","SCMP_ARCH_ARM","SCMP_ARCH_MIPS","SCMP_ARCH_MIPS64","SCMP_ARCH_MIPS64N32","SCMP_ARCH_MIPSEL","SCMP_ARCH_MIPSEL64","SCMP_ARCH_MIPSEL64N32","SCMP_ARCH_PPC","SCMP_ARCH_PPC64","SCMP_ARCH_PPC64LE","SCMP_ARCH_RISCV64","SCMP_ARCH_S390","SCMP_ARCH_S390X","SCMP_ARCH_X32","SCMP_ARCH_X86","SCMP_ARCH_X86_64"],"knownFlags":["SECCOMP_FILTER_FLAG_TSYNC","SECCOMP_FILTER_FLAG_SPEC_ALLOW","SECCOMP_FILTER_FLAG_LOG"],"supportedFlags":["SECCOMP_FILTER_FLAG_TSYNC","SECCOMP_FILTER_FLAG_SPEC_ALLOW","SECCOMP_FILTER_FLAG_LOG"]},"apparmor":{"enabled":true},"selinux":{"enabled":true},"intelRdt":{"enabled":true},"mountExtensions":{"idmap":{"enabled":true}}},"annotations":{"io.github.seccomp.libseccomp.version":"2.5.4","org.opencontainers.runc.checkpoint.enabled":"true","org.opencontainers.runc.commit":"v1.2.5-0-g59923ef","org.opencontainers.runc.version":"1.2.5"},"potentiallyUnsafeConfigAnnotations":["bundle","org.systemd.property.","org.criu.config"]}}}}, ID=18c55742-31c9-4364-9d05-82b6011696c8, DriverStatus=[[Backing Filesystem, extfs], [Supports d_type, true], [Using metacopy, false], [Native Overlay Diff, true], [userxattr, false]], LiveRestoreEnabled=false, SystemTime=2026-09-23T22:53:11.457334297Z, NoProxy=hubproxy.docker.internal, Architecture=aarch64, NEventsListener=14, HttpsProxy=http.docker.internal:3128, Images=25, ContainersRunning=4, Labels=[com.docker.desktop.address=unix:///Users/emilthorsen/Library/Containers/com.docker.docker/Data/docker-cli.sock], InitCommit={ID=de40ad0, Expected=de40ad0}, NFd=83, KernelVersion=6.10.14-linuxkit, LoggingDriver=json-file, OSType=linux, SecurityOptions=[name=seccomp,profile=builtin, name=cgroupns], ContainerdCommit={ID=05044ec0a9a75232cad458027ca83437aae3f4da, Expected=05044ec0a9a75232cad458027ca83437aae3f4da}, GenericResources=null, OperatingSystem=Docker Desktop, RegistryConfig={IndexConfigs={docker.io={Mirrors=[], Name=docker.io, Official=true, Secure=true}, hubproxy.docker.internal:5555={Mirrors=[], Name=hubproxy.docker.internal:5555, Official=false, Secure=false}}, InsecureRegistryCIDRs=[::1/128, 127.0.0.0/8], Mirrors=null}, ServerVersion=28.4.0, OomKillDisable=false, CpuCfsQuota=true, Containers=24, Driver=overlay2, IPv4Forwarding=true, ExperimentalBuild=false, DockerRootDir=/var/lib/docker, CPUSet=true, CpuCfsPeriod=true, DefaultRuntime=runc, CPUShares=true, Debug=false, NCPU=14, Plugins={Volume=[local], Network=[bridge, host, ipvlan, macvlan, null, overlay], Authorization=null, Log=[awslogs, fluentd, gcplogs, gelf, journald, json-file, local, splunk, syslog]}, SwapLimit=true, CgroupDriver=cgroupfs, ContainersPaused=0, MemTotal=8217473024, IndexServerAddress=https://index.docker.io/v1/, MemoryLimit=true, HttpProxy=http.docker.internal:3128, InitBinary=docker-init, CgroupVersion=2, PidsLimit=true, Isolation=, Warnings=null, ContainersStopped=20}
00:53:11.487 [main] DEBUG org.testcontainers.shaded.com.github.dockerjava.core.command.AbstrDockerCmd -- Cmd: 
00:53:11.488 [main] DEBUG com.github.dockerjava.zerodep.shaded.org.apache.hc.client5.http.impl.classic.InternalHttpClient -- ex-0000000003 preparing request execution
00:53:11.488 [main] DEBUG com.github.dockerjava.zerodep.shaded.org.apache.hc.client5.http.impl.classic.ProtocolExec -- ex-0000000003 target auth state: UNCHALLENGED
00:53:11.488 [main] DEBUG com.github.dockerjava.zerodep.shaded.org.apache.hc.client5.http.impl.classic.ProtocolExec -- ex-0000000003 proxy auth state: UNCHALLENGED
00:53:11.488 [main] DEBUG com.github.dockerjava.zerodep.shaded.org.apache.hc.client5.http.impl.classic.ConnectExec -- ex-0000000003 acquiring connection with route {}->[unix://localhost:2375]
00:53:11.488 [main] DEBUG com.github.dockerjava.zerodep.shaded.org.apache.hc.client5.http.impl.classic.InternalHttpClient -- ex-0000000003 acquiring endpoint (3 MINUTES)
00:53:11.488 [main] DEBUG com.github.dockerjava.zerodep.shaded.org.apache.hc.client5.http.impl.io.PoolingHttpClientConnectionManager -- ex-0000000003 endpoint lease request (3 MINUTES) [route: {}->[unix://localhost:2375]][total available: 1; route allocated: 1 of 2147483647; total allocated: 1 of 2147483647]
00:53:11.488 [main] DEBUG com.github.dockerjava.zerodep.shaded.org.apache.hc.client5.http.impl.io.PoolingHttpClientConnectionManager -- ex-0000000003 endpoint leased [route: {}->[unix://localhost:2375]][total available: 0; route allocated: 1 of 2147483647; total allocated: 1 of 2147483647]
00:53:11.488 [main] DEBUG com.github.dockerjava.zerodep.shaded.org.apache.hc.client5.http.impl.io.PoolingHttpClientConnectionManager -- ex-0000000003 acquired ep-0000000003
00:53:11.488 [main] DEBUG com.github.dockerjava.zerodep.shaded.org.apache.hc.client5.http.impl.classic.InternalHttpClient -- ex-0000000003 acquired endpoint ep-0000000003
00:53:11.488 [main] DEBUG com.github.dockerjava.zerodep.shaded.org.apache.hc.client5.http.impl.classic.MainClientExec -- ex-0000000003 executing GET /v1.44/version
00:53:11.488 [main] DEBUG com.github.dockerjava.zerodep.shaded.org.apache.hc.client5.http.protocol.RequestAddCookies -- ex-0000000003 Cookie spec selected: strict
00:53:11.488 [main] DEBUG com.github.dockerjava.zerodep.shaded.org.apache.hc.client5.http.impl.classic.InternalHttpClient -- ep-0000000003 start execution ex-0000000003
00:53:11.488 [main] DEBUG com.github.dockerjava.zerodep.shaded.org.apache.hc.client5.http.impl.io.PoolingHttpClientConnectionManager -- ep-0000000003 executing exchange ex-0000000003 over http-outgoing-0
00:53:11.488 [main] DEBUG com.github.dockerjava.zerodep.shaded.org.apache.hc.client5.http.headers -- http-outgoing-0 >> GET /v1.44/version HTTP/1.1
00:53:11.488 [main] DEBUG com.github.dockerjava.zerodep.shaded.org.apache.hc.client5.http.headers -- http-outgoing-0 >> accept: application/json
00:53:11.488 [main] DEBUG com.github.dockerjava.zerodep.shaded.org.apache.hc.client5.http.headers -- http-outgoing-0 >> x-tc-sid: 13d5cf75-8f78-4c11-8c1f-5e79542fbea7
00:53:11.488 [main] DEBUG com.github.dockerjava.zerodep.shaded.org.apache.hc.client5.http.headers -- http-outgoing-0 >> User-Agent: tc-java/2.0.3
00:53:11.488 [main] DEBUG com.github.dockerjava.zerodep.shaded.org.apache.hc.client5.http.headers -- http-outgoing-0 >> Accept-Encoding: gzip, x-gzip, deflate
00:53:11.488 [main] DEBUG com.github.dockerjava.zerodep.shaded.org.apache.hc.client5.http.headers -- http-outgoing-0 >> Host: localhost:2375
00:53:11.488 [main] DEBUG com.github.dockerjava.zerodep.shaded.org.apache.hc.client5.http.headers -- http-outgoing-0 >> Connection: keep-alive
00:53:11.488 [main] DEBUG com.github.dockerjava.zerodep.shaded.org.apache.hc.client5.http.wire -- http-outgoing-0 >> "GET /v1.44/version HTTP/1.1[\r][\n]"
00:53:11.488 [main] DEBUG com.github.dockerjava.zerodep.shaded.org.apache.hc.client5.http.wire -- http-outgoing-0 >> "accept: application/json[\r][\n]"
00:53:11.488 [main] DEBUG com.github.dockerjava.zerodep.shaded.org.apache.hc.client5.http.wire -- http-outgoing-0 >> "x-tc-sid: 13d5cf75-8f78-4c11-8c1f-5e79542fbea7[\r][\n]"
00:53:11.488 [main] DEBUG com.github.dockerjava.zerodep.shaded.org.apache.hc.client5.http.wire -- http-outgoing-0 >> "User-Agent: tc-java/2.0.3[\r][\n]"
00:53:11.488 [main] DEBUG com.github.dockerjava.zerodep.shaded.org.apache.hc.client5.http.wire -- http-outgoing-0 >> "Accept-Encoding: gzip, x-gzip, deflate[\r][\n]"
00:53:11.488 [main] DEBUG com.github.dockerjava.zerodep.shaded.org.apache.hc.client5.http.wire -- http-outgoing-0 >> "Host: localhost:2375[\r][\n]"
00:53:11.488 [main] DEBUG com.github.dockerjava.zerodep.shaded.org.apache.hc.client5.http.wire -- http-outgoing-0 >> "Connection: keep-alive[\r][\n]"
00:53:11.488 [main] DEBUG com.github.dockerjava.zerodep.shaded.org.apache.hc.client5.http.wire -- http-outgoing-0 >> "[\r][\n]"
00:53:11.495 [main] DEBUG com.github.dockerjava.zerodep.shaded.org.apache.hc.client5.http.wire -- http-outgoing-0 << "HTTP/1.1 200 OK[\r][\n]"
00:53:11.495 [main] DEBUG com.github.dockerjava.zerodep.shaded.org.apache.hc.client5.http.wire -- http-outgoing-0 << "Api-Version: 1.51[\r][\n]"
00:53:11.495 [main] DEBUG com.github.dockerjava.zerodep.shaded.org.apache.hc.client5.http.wire -- http-outgoing-0 << "Content-Type: application/json[\r][\n]"
00:53:11.495 [main] DEBUG com.github.dockerjava.zerodep.shaded.org.apache.hc.client5.http.wire -- http-outgoing-0 << "Date: Wed, 23 Sep 2026 22:53:11 GMT[\r][\n]"
00:53:11.495 [main] DEBUG com.github.dockerjava.zerodep.shaded.org.apache.hc.client5.http.wire -- http-outgoing-0 << "Docker-Experimental: false[\r][\n]"
00:53:11.495 [main] DEBUG com.github.dockerjava.zerodep.shaded.org.apache.hc.client5.http.wire -- http-outgoing-0 << "Ostype: linux[\r][\n]"
00:53:11.495 [main] DEBUG com.github.dockerjava.zerodep.shaded.org.apache.hc.client5.http.wire -- http-outgoing-0 << "Server: Docker/28.4.0 (linux)[\r][\n]"
00:53:11.495 [main] DEBUG com.github.dockerjava.zerodep.shaded.org.apache.hc.client5.http.wire -- http-outgoing-0 << "Transfer-Encoding: chunked[\r][\n]"
00:53:11.495 [main] DEBUG com.github.dockerjava.zerodep.shaded.org.apache.hc.client5.http.wire -- http-outgoing-0 << "[\r][\n]"
00:53:11.495 [main] DEBUG com.github.dockerjava.zerodep.shaded.org.apache.hc.client5.http.headers -- http-outgoing-0 << HTTP/1.1 200 OK
00:53:11.495 [main] DEBUG com.github.dockerjava.zerodep.shaded.org.apache.hc.client5.http.headers -- http-outgoing-0 << Api-Version: 1.51
00:53:11.495 [main] DEBUG com.github.dockerjava.zerodep.shaded.org.apache.hc.client5.http.headers -- http-outgoing-0 << Content-Type: application/json
00:53:11.495 [main] DEBUG com.github.dockerjava.zerodep.shaded.org.apache.hc.client5.http.headers -- http-outgoing-0 << Date: Wed, 23 Sep 2026 22:53:11 GMT
00:53:11.495 [main] DEBUG com.github.dockerjava.zerodep.shaded.org.apache.hc.client5.http.headers -- http-outgoing-0 << Docker-Experimental: false
00:53:11.495 [main] DEBUG com.github.dockerjava.zerodep.shaded.org.apache.hc.client5.http.headers -- http-outgoing-0 << Ostype: linux
00:53:11.495 [main] DEBUG com.github.dockerjava.zerodep.shaded.org.apache.hc.client5.http.headers -- http-outgoing-0 << Server: Docker/28.4.0 (linux)
00:53:11.495 [main] DEBUG com.github.dockerjava.zerodep.shaded.org.apache.hc.client5.http.headers -- http-outgoing-0 << Transfer-Encoding: chunked
00:53:11.495 [main] DEBUG com.github.dockerjava.zerodep.shaded.org.apache.hc.client5.http.impl.classic.MainClientExec -- ex-0000000003 connection can be kept alive for 3 MINUTES
00:53:11.496 [main] DEBUG com.github.dockerjava.zerodep.shaded.org.apache.hc.client5.http.wire -- http-outgoing-0 << "339[\r][\n]"
00:53:11.496 [main] DEBUG com.github.dockerjava.zerodep.shaded.org.apache.hc.client5.http.wire -- http-outgoing-0 << "{"Platform":{"Name":"Docker Desktop 4.46.0 (204649)"},"Components":[{"Name":"Engine","Version":"28.4.0","Details":{"ApiVersion":"1.51","Arch":"arm64","BuildTime":"2025-09-03T20:58:53.000000000+00:00","Experimental":"false","GitCommit":"249d679","GoVersion":"go1.24.7","KernelVersion":"6.10.14-linuxkit","MinAPIVersion":"1.24","Os":"linux"}},{"Name":"containerd","Version":"1.7.27","Details":{"GitCommit":"05044ec0a9a75232cad458027ca83437aae3f4da"}},{"Name":"runc","Version":"1.2.5","Details":{"GitCommit":"v1.2.5-0-g59923ef"}},{"Name":"docker-init","Version":"0.19.0","Details":{"GitCommit":"de40ad0"}}],"Version":"28.4.0","ApiVersion":"1.51","MinAPIVersion":"1.24","GitCommit":"249d679","GoVersion":"go1.24.7","Os":"linux","Arch":"arm64","KernelVersion":"6.10.14-linuxkit","BuildTime":"2025-09-03T20:58:53.000000000+00:00"}[\n]"
00:53:11.496 [main] DEBUG com.github.dockerjava.zerodep.shaded.org.apache.hc.client5.http.wire -- http-outgoing-0 << "[\r][\n]"
00:53:11.496 [main] DEBUG com.github.dockerjava.zerodep.shaded.org.apache.hc.client5.http.wire -- http-outgoing-0 << "0[\r][\n]"
00:53:11.496 [main] DEBUG com.github.dockerjava.zerodep.shaded.org.apache.hc.client5.http.wire -- http-outgoing-0 << "[\r][\n]"
00:53:11.499 [main] DEBUG com.github.dockerjava.zerodep.shaded.org.apache.hc.client5.http.impl.classic.InternalHttpClient -- ep-0000000003 releasing valid endpoint
00:53:11.499 [main] DEBUG com.github.dockerjava.zerodep.shaded.org.apache.hc.client5.http.impl.io.PoolingHttpClientConnectionManager -- ep-0000000003 releasing endpoint
00:53:11.499 [main] DEBUG com.github.dockerjava.zerodep.shaded.org.apache.hc.client5.http.impl.io.PoolingHttpClientConnectionManager -- ep-0000000003 connection http-outgoing-0 can be kept alive for 3 MINUTES
00:53:11.499 [main] DEBUG com.github.dockerjava.zerodep.shaded.org.apache.hc.client5.http.impl.io.PoolingHttpClientConnectionManager -- ep-0000000003 connection released [route: {}->[unix://localhost:2375]][total available: 1; route allocated: 1 of 2147483647; total allocated: 1 of 2147483647]
00:53:11.499 [main] DEBUG org.testcontainers.DockerClientFactory -- Docker version: {Components=[{Name=Engine, Version=28.4.0, Details={ApiVersion=1.51, Arch=arm64, BuildTime=2025-09-03T20:58:53.000000000+00:00, Experimental=false, GitCommit=249d679, GoVersion=go1.24.7, KernelVersion=6.10.14-linuxkit, MinAPIVersion=1.24, Os=linux}}, {Name=containerd, Version=1.7.27, Details={GitCommit=05044ec0a9a75232cad458027ca83437aae3f4da}}, {Name=runc, Version=1.2.5, Details={GitCommit=v1.2.5-0-g59923ef}}, {Name=docker-init, Version=0.19.0, Details={GitCommit=de40ad0}}], KernelVersion=6.10.14-linuxkit, ApiVersion=1.51, Platform={Name=Docker Desktop 4.46.0 (204649)}, GitCommit=249d679, Os=linux, Version=28.4.0, MinAPIVersion=1.24, Arch=arm64, GoVersion=go1.24.7, BuildTime=2025-09-03T20:58:53.000000000+00:00}
00:53:11.499 [main] INFO org.testcontainers.DockerClientFactory -- Connected to docker: 
  Server Version: 28.4.0
  API Version: 1.51
  Operating System: Docker Desktop
  Total Memory: 7836 MB
  Labels: 
    com.docker.desktop.address=unix:///Users/emilthorsen/Library/Containers/com.docker.docker/Data/docker-cli.sock
00:53:11.502 [main] DEBUG org.testcontainers.utility.RyukResourceReaper -- Ryuk is enabled
00:53:11.502 [main] DEBUG org.testcontainers.utility.PrefixingImageNameSubstitutor -- No prefix is configured
00:53:11.502 [main] DEBUG org.testcontainers.utility.ImageNameSubstitutor -- Did not find a substitute image for testcontainers/ryuk:0.13.0 (using image substitutor: DefaultImageNameSubstitutor (composite of 'ConfigurationFileImageNameSubstitutor' and 'PrefixingImageNameSubstitutor'))
00:53:11.503 [main] DEBUG org.testcontainers.shaded.com.github.dockerjava.core.command.AbstrDockerCmd -- Cmd: ListImagesCmdImpl[filters=org.testcontainers.shaded.com.github.dockerjava.core.util.FiltersBuilder@0,imageNameFilter=<null>,showAll=false]
00:53:11.504 [main] DEBUG com.github.dockerjava.zerodep.shaded.org.apache.hc.client5.http.impl.classic.InternalHttpClient -- ex-0000000004 preparing request execution
00:53:11.504 [main] DEBUG com.github.dockerjava.zerodep.shaded.org.apache.hc.client5.http.impl.classic.ProtocolExec -- ex-0000000004 target auth state: UNCHALLENGED
00:53:11.504 [main] DEBUG com.github.dockerjava.zerodep.shaded.org.apache.hc.client5.http.impl.classic.ProtocolExec -- ex-0000000004 proxy auth state: UNCHALLENGED
00:53:11.504 [main] DEBUG com.github.dockerjava.zerodep.shaded.org.apache.hc.client5.http.impl.classic.ConnectExec -- ex-0000000004 acquiring connection with route {}->[unix://localhost:2375]
00:53:11.504 [main] DEBUG com.github.dockerjava.zerodep.shaded.org.apache.hc.client5.http.impl.classic.InternalHttpClient -- ex-0000000004 acquiring endpoint (3 MINUTES)
00:53:11.505 [main] DEBUG com.github.dockerjava.zerodep.shaded.org.apache.hc.client5.http.impl.io.PoolingHttpClientConnectionManager -- ex-0000000004 endpoint lease request (3 MINUTES) [route: {}->[unix://localhost:2375]][total available: 1; route allocated: 1 of 2147483647; total allocated: 1 of 2147483647]
00:53:11.505 [main] DEBUG com.github.dockerjava.zerodep.shaded.org.apache.hc.client5.http.impl.io.PoolingHttpClientConnectionManager -- ex-0000000004 endpoint leased [route: {}->[unix://localhost:2375]][total available: 0; route allocated: 1 of 2147483647; total allocated: 1 of 2147483647]
00:53:11.505 [main] DEBUG com.github.dockerjava.zerodep.shaded.org.apache.hc.client5.http.impl.io.PoolingHttpClientConnectionManager -- ex-0000000004 acquired ep-0000000004
00:53:11.505 [main] DEBUG com.github.dockerjava.zerodep.shaded.org.apache.hc.client5.http.impl.classic.InternalHttpClient -- ex-0000000004 acquired endpoint ep-0000000004
00:53:11.505 [main] DEBUG com.github.dockerjava.zerodep.shaded.org.apache.hc.client5.http.impl.classic.MainClientExec -- ex-0000000004 executing GET /v1.44/images/json
00:53:11.505 [main] DEBUG com.github.dockerjava.zerodep.shaded.org.apache.hc.client5.http.protocol.RequestAddCookies -- ex-0000000004 Cookie spec selected: strict
00:53:11.505 [main] DEBUG com.github.dockerjava.zerodep.shaded.org.apache.hc.client5.http.impl.classic.InternalHttpClient -- ep-0000000004 start execution ex-0000000004
00:53:11.505 [main] DEBUG com.github.dockerjava.zerodep.shaded.org.apache.hc.client5.http.impl.io.PoolingHttpClientConnectionManager -- ep-0000000004 executing exchange ex-0000000004 over http-outgoing-0
00:53:11.505 [main] DEBUG com.github.dockerjava.zerodep.shaded.org.apache.hc.client5.http.headers -- http-outgoing-0 >> GET /v1.44/images/json HTTP/1.1
00:53:11.505 [main] DEBUG com.github.dockerjava.zerodep.shaded.org.apache.hc.client5.http.headers -- http-outgoing-0 >> accept: application/json
00:53:11.505 [main] DEBUG com.github.dockerjava.zerodep.shaded.org.apache.hc.client5.http.headers -- http-outgoing-0 >> x-tc-sid: 13d5cf75-8f78-4c11-8c1f-5e79542fbea7
00:53:11.505 [main] DEBUG com.github.dockerjava.zerodep.shaded.org.apache.hc.client5.http.headers -- http-outgoing-0 >> User-Agent: tc-java/2.0.3
00:53:11.505 [main] DEBUG com.github.dockerjava.zerodep.shaded.org.apache.hc.client5.http.headers -- http-outgoing-0 >> Accept-Encoding: gzip, x-gzip, deflate
00:53:11.505 [main] DEBUG com.github.dockerjava.zerodep.shaded.org.apache.hc.client5.http.headers -- http-outgoing-0 >> Host: localhost:2375
00:53:11.505 [main] DEBUG com.github.dockerjava.zerodep.shaded.org.apache.hc.client5.http.headers -- http-outgoing-0 >> Connection: keep-alive
00:53:11.505 [main] DEBUG com.github.dockerjava.zerodep.shaded.org.apache.hc.client5.http.wire -- http-outgoing-0 >> "GET /v1.44/images/json HTTP/1.1[\r][\n]"
00:53:11.505 [main] DEBUG com.github.dockerjava.zerodep.shaded.org.apache.hc.client5.http.wire -- http-outgoing-0 >> "accept: application/json[\r][\n]"
00:53:11.505 [main] DEBUG com.github.dockerjava.zerodep.shaded.org.apache.hc.client5.http.wire -- http-outgoing-0 >> "x-tc-sid: 13d5cf75-8f78-4c11-8c1f-5e79542fbea7[\r][\n]"
00:53:11.505 [main] DEBUG com.github.dockerjava.zerodep.shaded.org.apache.hc.client5.http.wire -- http-outgoing-0 >> "User-Agent: tc-java/2.0.3[\r][\n]"
00:53:11.505 [main] DEBUG com.github.dockerjava.zerodep.shaded.org.apache.hc.client5.http.wire -- http-outgoing-0 >> "Accept-Encoding: gzip, x-gzip, deflate[\r][\n]"
00:53:11.505 [main] DEBUG com.github.dockerjava.zerodep.shaded.org.apache.hc.client5.http.wire -- http-outgoing-0 >> "Host: localhost:2375[\r][\n]"
00:53:11.505 [main] DEBUG com.github.dockerjava.zerodep.shaded.org.apache.hc.client5.http.wire -- http-outgoing-0 >> "Connection: keep-alive[\r][\n]"
00:53:11.505 [main] DEBUG com.github.dockerjava.zerodep.shaded.org.apache.hc.client5.http.wire -- http-outgoing-0 >> "[\r][\n]"
00:53:11.511 [main] DEBUG com.github.dockerjava.zerodep.shaded.org.apache.hc.client5.http.wire -- http-outgoing-0 << "HTTP/1.1 200 OK[\r][\n]"
00:53:11.511 [main] DEBUG com.github.dockerjava.zerodep.shaded.org.apache.hc.client5.http.wire -- http-outgoing-0 << "Api-Version: 1.51[\r][\n]"
00:53:11.511 [main] DEBUG com.github.dockerjava.zerodep.shaded.org.apache.hc.client5.http.wire -- http-outgoing-0 << "Content-Type: application/json[\r][\n]"
00:53:11.511 [main] DEBUG com.github.dockerjava.zerodep.shaded.org.apache.hc.client5.http.wire -- http-outgoing-0 << "Date: Wed, 23 Sep 2026 22:53:11 GMT[\r][\n]"
00:53:11.511 [main] DEBUG com.github.dockerjava.zerodep.shaded.org.apache.hc.client5.http.wire -- http-outgoing-0 << "Docker-Experimental: false[\r][\n]"
00:53:11.511 [main] DEBUG com.github.dockerjava.zerodep.shaded.org.apache.hc.client5.http.wire -- http-outgoing-0 << "Ostype: linux[\r][\n]"
00:53:11.511 [main] DEBUG com.github.dockerjava.zerodep.shaded.org.apache.hc.client5.http.wire -- http-outgoing-0 << "Server: Docker/28.4.0 (linux)[\r][\n]"
00:53:11.511 [main] DEBUG com.github.dockerjava.zerodep.shaded.org.apache.hc.client5.http.wire -- http-outgoing-0 << "Transfer-Encoding: chunked[\r][\n]"
00:53:11.511 [main] DEBUG com.github.dockerjava.zerodep.shaded.org.apache.hc.client5.http.wire -- http-outgoing-0 << "[\r][\n]"
00:53:11.511 [main] DEBUG com.github.dockerjava.zerodep.shaded.org.apache.hc.client5.http.headers -- http-outgoing-0 << HTTP/1.1 200 OK
00:53:11.511 [main] DEBUG com.github.dockerjava.zerodep.shaded.org.apache.hc.client5.http.headers -- http-outgoing-0 << Api-Version: 1.51
00:53:11.511 [main] DEBUG com.github.dockerjava.zerodep.shaded.org.apache.hc.client5.http.headers -- http-outgoing-0 << Content-Type: application/json
00:53:11.511 [main] DEBUG com.github.dockerjava.zerodep.shaded.org.apache.hc.client5.http.headers -- http-outgoing-0 << Date: Wed, 23 Sep 2026 22:53:11 GMT
00:53:11.511 [main] DEBUG com.github.dockerjava.zerodep.shaded.org.apache.hc.client5.http.headers -- http-outgoing-0 << Docker-Experimental: false
00:53:11.511 [main] DEBUG com.github.dockerjava.zerodep.shaded.org.apache.hc.client5.http.headers -- http-outgoing-0 << Ostype: linux
00:53:11.511 [main] DEBUG com.github.dockerjava.zerodep.shaded.org.apache.hc.client5.http.headers -- http-outgoing-0 << Server: Docker/28.4.0 (linux)
00:53:11.511 [main] DEBUG com.github.dockerjava.zerodep.shaded.org.apache.hc.client5.http.headers -- http-outgoing-0 << Transfer-Encoding: chunked
00:53:11.511 [main] DEBUG com.github.dockerjava.zerodep.shaded.org.apache.hc.client5.http.impl.classic.MainClientExec -- ex-0000000004 connection can be kept alive for 3 MINUTES
00:53:11.511 [main] DEBUG com.github.dockerjava.zerodep.shaded.org.apache.hc.client5.http.wire -- http-outgoing-0 << "2d14[\r][\n]"
00:53:11.511 [main] DEBUG com.github.dockerjava.zerodep.shaded.org.apache.hc.client5.http.wire -- http-outgoing-0 << "[{"Containers":-1,"Created":1787618622,"Id":"sha256:651ddcd1c769a6d94cf4aaca9756f2abb6acd65e712f4a386a2ff4e730586d5b","Labels":null,"ParentId":"","RepoDigests":["postgres@sha256:67f41722b7a8cbdb868a44a4995c846eddfdc2973bccb291ce937dce88ad5675"],"RepoTags":["postgres:17"],"SharedSize":-1,"Size":476356199},{"Containers":-1,"Created":1787166491,"Id":"sha256:af5c69901968ba7348c9e224695c7944b3cc7fc22b79e0d7a698a5006ba64b4f","Labels":{"maintainer":"NGINX Docker Maintainers \u003cdocker-maint@nginx.com\u003e"},"ParentId":"","RepoDigests":["nginx@sha256:0d4374c710a9649200e84f8ef8dbdd4fa76c0c107839cd50f1e42a63916b0f2e"],"RepoTags":["nginx:latest"],"SharedSize":-1,"Size":181413515},{"Containers":-1,"Created":1787072263,"Id":"sha256:9d6d416217a50326c190acf2797ee26ca354b6bd055e4399bc97427ff7af369f","Labels":null,"ParentId":"","RepoDigests":["redis@sha256:d0c875bdacfb5c4d2c2d9124de3f53cee1dc9ceff8936bd459fabc135cb33015"],"RepoTags":["redis:6-alpine"],"SharedSize":-1,"Size":28125350},{"Containers":-1,"Created":1786082112,"Id":"sha256:b67a1850529b5778e9a0ac8deae0545fba62d16b133ffabf83de998d3782cfa8","Labels":{"org.opencontainers.image.version":"24.04"},"ParentId":"","RepoDigests":["langgenius/dify-plugin-daemon@sha256:34412a22d1e1d1a6c73727fef88cffbcdd9be7a21bf9ad3076b4bf5c1b88fd9b"],"RepoTags":["langgenius/dify-plugin-daemon:0.6.10-local"],"SharedSize":-1,"Size":1549751926},{"Containers":-1,"Created":1785381765,"Id":"sha256:0fce196477df270ced1de9f8eddc6a592a5b3c453e9a948a18c60bacd2dbd0db","Labels":null,"ParentId":"","RepoDigests":["dpage/pgadmin4@sha256:2f4ce946ddf8360680d7eff4eaba1d91859eb6b4003e6623bad5c63a322c2f4d"],"RepoTags":["dpage/pgadmin4:latest"],"SharedSize":-1,"Size":543544053},{"Containers":-1,"Created":1785207001,"Id":"sha256:927f55b27ee31d5275536fc7f3bf3815b1be21af489285ffe72f2cd038c34500","Labels":{"maintainer":"takatost@gmail.com","org.opencontainers.image.created":"2026-07-28T02:57:05.084Z","org.opencontainers.image.description":"Build Agentic workflows, RAG pipelines, with rich AI model and tool support on one collaborative workspace. Deploy on cloud, VPC, or self-hosted, so teams move from prototype to production without rebuilding the stack.","org.opencontainers.image.licenses":"NOASSERTION","org.opencontainers.image.revision":"6f8ed69ee15f9a2e7189ca066275e973d091d1e9","org.opencontainers.image.source":"https://github.com/langgenius/dify","org.opencontainers.image.title":"dify","org.opencontainers.image.url":"https://github.com/langgenius/dify","org.opencontainers.image.version":"1.16.1"},"ParentId":"","RepoDigests":["langgenius/dify-web@sha256:87dd47e4e28f86834f6a7aefd9a02b9f4097056867031e4d99ebd46908a0e390"],"RepoTags":["langgenius/dify-web:1.16.1"],"SharedSize":-1,"Size":629623460},{"Containers":-1,"Created":1785206868,"Id":"sha256:5c85ae4a5e0b4df0e483b1d64e6c4385dcb8a081eb685a56fb8f2f3c5b4121b6","Labels":{"org.opencontainers.image.created":"2026-07-28T02:57:02.059Z","org.opencontainers.image.description":"Build Agentic workflows, RAG pipelines, with rich AI model and tool support on one collaborative workspace. Deploy on cloud, VPC, or self-hosted, so teams move from prototype to production without rebuilding the stack.","org.opencontainers.image.licenses":"NOASSERTION","org.opencontainers.image.revision":"6f8ed69ee15f9a2e7189ca066275e973d091d1e9","org.opencontainers.image.source":"https://github.com/langgenius/dify","org.opencontainers.image.title":"dify","org.opencontainers.image.url":"https://github.com/langgenius/dify","org.opencontainers.image.version":"1.16.1"},"ParentId":"","RepoDigests":["langgenius/dify-api@sha256:dcefa5f7c47c77e621f5b864bc1d64a2ba18cd215b001f15b3882bb7911c6c64"],"RepoTags":["langgenius/dify-api:1.16.1"],"SharedSize":-1,"Size":2997455182},{"Containers":-1,"Created":1785202113,"Id":"sha256:cfa468373dfabf8501d1f3ac2bfde6dd79612fa9e113482015c6b4d4c6451396","Labels":{"org.opencontainers.image.created":"2026-07-28T02:57:05.310Z","org.opencontainers.image.description":"Build Agentic workflows, RAG pipelines, with rich AI model and tool support on one collaborative workspace. Deploy on cloud, VPC, or self-hosted, so teams move from prototype to production without rebuilding the stack.","org.opencontainers.image.licenses":"NOASSERTION","org.opencontainers.image.revision":"6f8ed69ee15f9a2e7189ca066275e973d091d1e9","org.opencontainers.image.source":"https://github.com/langgenius/dify","org.opencontainers.image.title":"dify","org.opencontainers.image.url":"https://github.com/langgenius/dify","org.opencontainers.image.version":"1.16.1"},"ParentId":"","RepoDigests":["langgenius/dify-agent-backend@sha256:097d3fd27a7b2abede4773735c124b45ddc8f8c16b2e77c35c808572698edc41"],"RepoTags":["langgenius/dify-agent-backend:1.16.1"],"SharedSize":-1,"Size":1049527991},{"Containers":-1,"Created":1785143747,"Id":"sha256:9cb59d64aae9d8251f760d03f0043b0dcd615d2f96ec1e68195219628bc42365","Labels":{"org.opencontainers.image.created":"2026-07-28T02:57:03.287Z","org.opencontainers.image.description":"Build Agentic workflows, RAG pipelines, with rich AI model and tool support on one collaborative workspace. Deploy on cloud, VPC, or self-hosted, so teams move from prototype to production without rebuilding the stack.","org.opencontainers.image.licenses":"NOASSERTION","org.opencontainers.image.revision":"6f8ed69ee15f9a2e7189ca066275e973d091d1e9","org.opencontainers.image.source":"https://github.com/langgenius/dify","org.opencontainers.image.title":"dify","org.opencontainers.image.url":"https://github.com/langgenius/dify","org.opencontainers.image.version":"1.16.1"},"ParentId":"","RepoDigests":["langgenius/dify-agent-local-sandbox@sha256:bf8027ddccf3e590e850338f23c4d380a5bd27afeb553f9a728675272c9276f0"],"RepoTags":["langgenius/dify-agent-local-sandbox:1.16.1"],"SharedSize":-1,"Size":564663882},{"Containers":-1,"Created":1781591492,"Id":"sha256:aa2527bfbe03f3ed82e76e46cb656e07eff26738628dc490ce1cff7f0fd9d649","Labels":null,"ParentId":"","RepoDigests":[],"RepoTags":["apartment-visualizer:ci"],"SharedSize":-1,"Size":346748158},{"Containers":-1,"Created":1781590120,"Id":"sha256:73df513fdd7f0ca542c30b5244d08465ddfbc29cb5b20d308ce897c5fd60cba4","Labels":null,"ParentId":"","RepoDigests":[],"RepoTags":[],"SharedSize":-1,"Size":346747232},{"Containers":-1,"Created":1781588213,"Id":"sha256:40e5efb3c5d156dd916f2e544a66fd6a2b53a1bcc25d6ba3782ddc6c873f5ba2","Labels":null,"ParentId":"","RepoDigests":[],"RepoTags":[],"SharedSize":-1,"Size":346744471},{"Containers":-1,"Created":1778638909,"Id":"sha256:e0e8b3cbfed68a90084781e2962f9c0deead51c5a3f11a488eef0283a4284bc2","Labels":null,"ParentId":"","RepoDigests":["busybox@sha256:dc2d74b28e4cf8984fa52af1f39bc7c3d9c73760b41a74d629f5d11b1ab28616"],"RepoTags":["busybox:latest"],"SharedSize":-1,"Size":4170774},{"Containers":-1,"Created":1777661034,"Id":"sha256:6c50f27079006de914f74f1b5ee5fd6ac4036157c2f7821007470da3385645c0","Labels":null,"ParentId":"","RepoDigests":[],"RepoTags":["morgendagens-local-check:latest"],"SharedSize":-1,"Size":359292804},{"Containers":-1,"Created":1777255475,"Id":"sha256:3ac7eb448994ae2a96090259d271707be4489d12ad7d5d236c89a619f7b4b23f","Labels":{"com.docker.dhi.chain-id":"sha256:df79319e934e979581c9e5f5b27fcc3c63e3457f32d53c8bbf625950b1f3d80c","com.docker.dhi.compliance":"cis","com.docker.dhi.created":"2026-04-25T22:28:26Z","com.docker.dhi.date.end-of-life":"2030-10-31","com.docker.dhi.date.release":"2025-10-07","com.docker.dhi.definition":"image/python/debian-13/3.14-sfw-ent-dev","com.docker.dhi.distro":"debian-13","com.docker.dhi.entitlement":"public","com.docker.dhi.flavor":"sfw-ent","com.docker.dhi.name":"dhi/python","com.docker.dhi.package-manager":"apt","com.docker.dhi.shell":"bash","com.docker.dhi.title":"Python 3.14.x / Socket Firewall Enterprise (sfw-ent, dev)","com.docker.dhi.url":"https://dhi.io/catalog/python","com.docker.dhi.variant":"dev","com.docker.dhi.version":"3.14.4-debian13-sfw-ent-dev"},"ParentId":"","RepoDigests":["langgenius/dify-sandbox@sha256:750e1111426ef31a9217b81c98cccfb750f17b182af3221102e420afa9f0928e"],"RepoTags":["langgenius/dify-sandbox:0.2.15"],"SharedSize":-1,"Size":639485179},{"Containers":-1,"Created":1772134159,"Id":"sha256:98e8adef37c633b03ac2"
00:53:11.515 [main] DEBUG com.github.dockerjava.zerodep.shaded.org.apache.hc.client5.http.wire -- http-outgoing-0 << "94e9fa80b939a7be708f4a29323571254d869a959008","Labels":null,"ParentId":"","RepoDigests":["postgres@sha256:2bf082886c059b4cf5af3f9e8d3a8916c35699062899061c13bc32d5921c631a"],"RepoTags":["postgres:15-alpine"],"SharedSize":-1,"Size":269554512},{"Containers":-1,"Created":1772134071,"Id":"sha256:0f7a666480d0a8efb29f3c7876fc612147be6a37f071b74a3131248d3818ae3e","Labels":null,"ParentId":"","RepoDigests":["postgres@sha256:b7587f3cb74f4f4b2a4f9d67f052edbf95eb93f4fec7c5ada3792546caaf7383"],"RepoTags":["postgres:16-alpine"],"SharedSize":-1,"Size":271565094},{"Containers":-1,"Created":1763991181,"Id":"sha256:92e87e3cef4fb1d85e861c1f2efb8c6ae7d10589db3dde2f0168a52283a1ca3f","Labels":{"maintainer":"Ubuntu Server team \u003cubuntu-server@lists.ubuntu.com\u003e","org.opencontainers.image.ref.name":"ubuntu","org.opencontainers.image.version":"24.04"},"ParentId":"","RepoDigests":["ubuntu/squid@sha256:6a097f68bae708cedbabd6188d68c7e2e7a38cedd05a176e1cc0ba29e3bbe029"],"RepoTags":["ubuntu/squid:latest"],"SharedSize":-1,"Size":236413724},{"Containers":-1,"Created":1756728358,"Id":"sha256:f04fd744b5d50f8c88d9d4938c54e05a9adb56d520542f899a7d6873fa7280f2","Labels":{"org.testcontainers.ryuk":"true"},"ParentId":"","RepoDigests":["testcontainers/ryuk@sha256:31b31269d06603366cbfd0284708dcd2e281e8a4188e53fce3d3304439d0df3d"],"RepoTags":["testcontainers/ryuk:0.13.0"],"SharedSize":-1,"Size":6897409},{"Containers":-1,"Created":1748124907,"Id":"sha256:7a84d7058e370cf11ac4481382b27a6510dfe14b9894945a3017288ae9abbb94","Labels":{"org.opencontainers.image.ref.name":"ubuntu","org.opencontainers.image.version":"24.04"},"ParentId":"","RepoDigests":[],"RepoTags":["ubuntu-server:latest"],"SharedSize":-1,"Size":249707348},{"Containers":-1,"Created":1731318632,"Id":"sha256:6d5b8fe46e4f56e661f37565ad1f75a1d3d03e0af82f756aacf8b41d91c18510","Labels":null,"ParentId":"","RepoDigests":["dpage/pgadmin4@sha256:561c1f8f99f2fe24bc63814db9e30292cf4360331de9182da21e3554ce61bdaa"],"RepoTags":["dpage/pgadmin4:8.13"],"SharedSize":-1,"Size":520154493},{"Containers":-1,"Created":1729098099,"Id":"sha256:6daefdb0f5ff7f0726539c89661acfb2cfe1844c7c0880e7941ac321524abfe3","Labels":null,"ParentId":"","RepoDigests":["semitechnologies/weaviate@sha256:53fa576934f8e2c9130dc3a61a0f9b7d9330fe0ff456ccb37db05d03b700abc9"],"RepoTags":["semitechnologies/weaviate:1.27.0"],"SharedSize":-1,"Size":159814758},{"Containers":-1,"Created":1708476373,"Id":"sha256:cb65f77993aad07b17f7a8c35090e438dfe822aeb6e9279a63903ea20ab3e5e9","Labels":null,"ParentId":"","RepoDigests":["postgres@sha256:4aea012537edfad80f98d870a36e6b90b4c09b27be7f4b4759d72db863baeebb"],"RepoTags":["postgres:16.2"],"SharedSize":-1,"Size":453196296},{"Containers":-1,"Created":1691550904,"Id":"sha256:30ee0503465812df286b18d0b8a59cfb475a805b81ae654b04c0f1b800b90887","Labels":null,"ParentId":"","RepoDigests":["postgres@sha256:4ca65a9209f164bdb30f715ac2ed9182cc0737d0f0a549031b3c1b0b7e652f3a"],"RepoTags":["postgres:15.3-alpine3.18"],"SharedSize":-1,"Size":242240990},{"Containers":-1,"Created":1678438672,"Id":"sha256:3ee38b42dfd42efcccbf3cdc218af442524c9e751eaae6576693b958417d6159","Labels":{"org.testcontainers.ryuk":"true"},"ParentId":"","RepoDigests":["testcontainers/ryuk@sha256:b874cc015594f275ad3ffb6a135c015c52ce04a2eba377c963abe25a84628167"],"RepoTags":["testcontainers/ryuk:0.4.0"],"SharedSize":-1,"Size":12170715}]"
00:53:11.516 [main] DEBUG com.github.dockerjava.zerodep.shaded.org.apache.hc.client5.http.wire -- http-outgoing-0 << "[\r][\n]"
00:53:11.516 [main] DEBUG com.github.dockerjava.zerodep.shaded.org.apache.hc.client5.http.wire -- http-outgoing-0 << "0[\r][\n]"
00:53:11.516 [main] DEBUG com.github.dockerjava.zerodep.shaded.org.apache.hc.client5.http.wire -- http-outgoing-0 << "[\r][\n]"
00:53:11.516 [main] DEBUG com.github.dockerjava.zerodep.shaded.org.apache.hc.client5.http.impl.classic.InternalHttpClient -- ep-0000000004 releasing valid endpoint
00:53:11.516 [main] DEBUG com.github.dockerjava.zerodep.shaded.org.apache.hc.client5.http.impl.io.PoolingHttpClientConnectionManager -- ep-0000000004 releasing endpoint
00:53:11.516 [main] DEBUG com.github.dockerjava.zerodep.shaded.org.apache.hc.client5.http.impl.io.PoolingHttpClientConnectionManager -- ep-0000000004 connection http-outgoing-0 can be kept alive for 3 MINUTES
00:53:11.516 [main] DEBUG com.github.dockerjava.zerodep.shaded.org.apache.hc.client5.http.impl.io.PoolingHttpClientConnectionManager -- ep-0000000004 connection released [route: {}->[unix://localhost:2375]][total available: 1; route allocated: 1 of 2147483647; total allocated: 1 of 2147483647]
00:53:11.517 [main] DEBUG org.testcontainers.images.AbstractImagePullPolicy -- Using locally available and not pulling image: testcontainers/ryuk:0.13.0
00:53:11.517 [main] DEBUG tc.testcontainers/ryuk:0.13.0 -- Starting container: testcontainers/ryuk:0.13.0
00:53:11.517 [main] DEBUG tc.testcontainers/ryuk:0.13.0 -- Trying to start container: testcontainers/ryuk:0.13.0 (attempt 1/1)
00:53:11.517 [main] DEBUG tc.testcontainers/ryuk:0.13.0 -- Starting container: testcontainers/ryuk:0.13.0
00:53:11.517 [main] INFO tc.testcontainers/ryuk:0.13.0 -- Creating container for image: testcontainers/ryuk:0.13.0
00:53:11.518 [main] DEBUG org.testcontainers.utility.RegistryAuthLocator -- Looking up auth config for image: testcontainers/ryuk:0.13.0 at registry: https://index.docker.io/v1/
00:53:11.519 [main] DEBUG org.testcontainers.utility.RegistryAuthLocator -- RegistryAuthLocator has configFile: /Users/emilthorsen/.docker/config.json (exists) configEnv: DOCKER_AUTH_CONFIG (does not exist) and commandPathPrefix: 
00:53:11.519 [main] DEBUG org.testcontainers.utility.RegistryAuthLocator -- RegistryAuthLocator reading from configFile: /Users/emilthorsen/.docker/config.json
00:53:11.519 [main] DEBUG org.testcontainers.utility.RegistryAuthLocator -- registryName [https://index.docker.io/v1/] for dockerImageName [testcontainers/ryuk:0.13.0]
00:53:11.519 [main] DEBUG org.testcontainers.utility.RegistryAuthLocator -- Executing docker credential provider: docker-credential-osxkeychain to locate auth config for: https://index.docker.io/v1/
00:53:11.521 [main] DEBUG org.testcontainers.shaded.org.zeroturnaround.exec.ProcessExecutor -- Executing [docker-credential-osxkeychain, get].
00:53:11.526 [main] DEBUG org.testcontainers.shaded.org.zeroturnaround.exec.ProcessExecutor -- Started Process[pid=186, exitValue="not exited"]
00:53:11.534 [WaitForProcess-Process[pid=186, exitValue="not exited"]] DEBUG org.testcontainers.shaded.org.zeroturnaround.exec.WaitForProcess -- Process[pid=186, exitValue=1] stopped with exit code 1
00:53:11.534 [main] INFO org.testcontainers.utility.RegistryAuthLocator -- Credential helper/store (docker-credential-osxkeychain) does not have credentials for https://index.docker.io/v1/
00:53:11.535 [main] DEBUG org.testcontainers.utility.RegistryAuthLocator -- No matching Auth Configs - falling back to defaultAuthConfig [AuthConfig{username=null, password=blank, auth=blank, email=null, registryAddress=https://index.docker.io/v1/, registryToken=blank}]
00:53:11.535 [main] DEBUG org.testcontainers.dockerclient.AuthDelegatingDockerClientConfig -- Effective auth config [AuthConfig{username=null, password=blank, auth=blank, email=null, registryAddress=https://index.docker.io/v1/, registryToken=blank}]
00:53:11.537 [main] DEBUG org.testcontainers.shaded.com.github.dockerjava.core.command.AbstrDockerCmd -- Cmd: org.testcontainers.shaded.com.github.dockerjava.core.command.CreateContainerCmdImpl@764cba[aliases=<null>,argsEscaped=<null>,attachStderr=<null>,attachStdin=<null>,attachStdout=<null>,authConfig=AuthConfig(username=null, email=null, registryAddress=https://index.docker.io/v1/, stackOrchestrator=null),cmd={},domainName=<null>,entrypoint=<null>,env={},exposedPorts=ExposedPorts(exposedPorts=[8080/tcp]),healthcheck=<null>,hostConfig=HostConfig(binds=[/var/run/docker.sock:/var/run/docker.sock:rw], blkioWeight=null, blkioWeightDevice=null, blkioDeviceReadBps=null, blkioDeviceWriteBps=null, blkioDeviceReadIOps=null, blkioDeviceWriteIOps=null, memorySwappiness=null, nanoCPUs=null, annotations=null, capAdd=null, capDrop=null, containerIDFile=null, cpuPeriod=null, cpuRealtimePeriod=null, cpuRealtimeRuntime=null, cpuShares=null, cpuQuota=null, cpusetCpus=null, cpusetMems=null, devices=null, deviceCgroupRules=null, deviceRequests=null, diskQuota=null, dns=null, dnsOptions=null, dnsSearch=null, extraHosts=[], groupAdd=null, ipcMode=null, cgroup=null, links=[], logConfig=LogConfig(type=null, config=null), lxcConf=null, memory=null, memorySwap=null, memoryReservation=null, kernelMemory=null, networkMode=null, oomKillDisable=null, init=null, autoRemove=true, oomScoreAdj=null, portBindings={8080/tcp=[Lcom.github.dockerjava.api.model.Ports$Binding;@6c42f2a1}, privileged=true, publishAllPorts=null, readonlyRootfs=null, restartPolicy=null, ulimits=null, cpuCount=null, cpuPercent=null, ioMaximumIOps=null, ioMaximumBandwidth=null, volumesFrom=[], mounts=null, pidMode=null, isolation=null, securityOpts=null, storageOpt=null, cgroupParent=null, volumeDriver=null, shmSize=null, pidsLimit=null, runtime=null, tmpFs=null, utSMode=null, usernsMode=null, sysctls=null, consoleSize=null, cgroupnsMode=null),hostName=<null>,image=testcontainers/ryuk:0.13.0,ipv4Address=<null>,ipv6Address=<null>,labels={org.testcontainers=true, org.testcontainers.lang=java, org.testcontainers.version=2.0.3},macAddress=<null>,name=testcontainers-ryuk-13d5cf75-8f78-4c11-8c1f-5e79542fbea7,networkDisabled=<null>,networkingConfig=<null>,onBuild=<null>,platform=<null>,portSpecs=<null>,shell=<null>,stdInOnce=<null>,stdinOpen=<null>,stopSignal=<null>,stopTimeout=<null>,tty=<null>,user=<null>,volumes=Volumes(volumes=[]),workingDir=<null>]
00:53:11.561 [main] DEBUG com.github.dockerjava.zerodep.shaded.org.apache.hc.client5.http.impl.classic.InternalHttpClient -- ex-0000000005 preparing request execution
00:53:11.561 [main] DEBUG com.github.dockerjava.zerodep.shaded.org.apache.hc.client5.http.impl.classic.ProtocolExec -- ex-0000000005 target auth state: UNCHALLENGED
00:53:11.561 [main] DEBUG com.github.dockerjava.zerodep.shaded.org.apache.hc.client5.http.impl.classic.ProtocolExec -- ex-0000000005 proxy auth state: UNCHALLENGED
00:53:11.561 [main] DEBUG com.github.dockerjava.zerodep.shaded.org.apache.hc.client5.http.impl.classic.ConnectExec -- ex-0000000005 acquiring connection with route {}->[unix://localhost:2375]
00:53:11.561 [main] DEBUG com.github.dockerjava.zerodep.shaded.org.apache.hc.client5.http.impl.classic.InternalHttpClient -- ex-0000000005 acquiring endpoint (3 MINUTES)
00:53:11.561 [main] DEBUG com.github.dockerjava.zerodep.shaded.org.apache.hc.client5.http.impl.io.PoolingHttpClientConnectionManager -- ex-0000000005 endpoint lease request (3 MINUTES) [route: {}->[unix://localhost:2375]][total available: 1; route allocated: 1 of 2147483647; total allocated: 1 of 2147483647]
00:53:11.561 [main] DEBUG com.github.dockerjava.zerodep.shaded.org.apache.hc.client5.http.impl.io.PoolingHttpClientConnectionManager -- ex-0000000005 endpoint leased [route: {}->[unix://localhost:2375]][total available: 0; route allocated: 1 of 2147483647; total allocated: 1 of 2147483647]
00:53:11.562 [main] DEBUG com.github.dockerjava.zerodep.shaded.org.apache.hc.client5.http.impl.io.PoolingHttpClientConnectionManager -- ex-0000000005 acquired ep-0000000005
00:53:11.562 [main] DEBUG com.github.dockerjava.zerodep.shaded.org.apache.hc.client5.http.impl.classic.InternalHttpClient -- ex-0000000005 acquired endpoint ep-0000000005
[...]
00:53:13.733 [JettyServerThreadPool-70] DEBUG org.eclipse.jetty.http.HttpGenerator -- org.eclipse.jetty.server.internal.ResponseHttpFields@77edcc2a
00:53:13.734 [JettyServerThreadPool-70] DEBUG org.eclipse.jetty.http.HttpGenerator -- endOfContent CONTENT_LENGTH content-Length 222
00:53:13.734 [JettyServerThreadPool-70] DEBUG org.eclipse.jetty.server.internal.HttpConnection -- generate: FLUSH for oejsi.HttpConnection$SendCallback@ec1f2be[:PROCESSING,aborted=false,failure=null][i=HTTP/1.1{s=201,h=3,cl=222},cb=oejsi.HttpChannelState$ChannelResponse@11b51417{201,POST@474058af http://localhost:62405/api/auth/register HTTP/1.1}] ([p=0,l=114,c=8192,r=114],[p=0,l=222,c=32768,r=222],true)@COMPLETING
00:53:13.734 [JettyServerThreadPool-70] DEBUG org.eclipse.jetty.io.WriteFlusher -- write: WriteFlusher@266b44f2{IDLE}->null [jn.DirectByteBuffer@14c4d8f8[p=0,l=114,c=8192,r=114]={<<<HTTP/1.1 201 Created\r\nDat...Content-Length: 222\r\n\r\n>>>AAAAAAMAA...\x00\x00\x00\x00\x00\x00\x00},jn.DirectByteBuffer@2e6c246d[p=0,l=222,c=32768,r=222]={<<<{"id":2,"email":"server-t...l,"customRoleIds":null}>>>Ids":null...\x00\x00\x00\x00\x00\x00\x00}]
00:53:13.734 [JettyServerThreadPool-70] DEBUG org.eclipse.jetty.io.WriteFlusher -- update WriteFlusher@266b44f2{FLUSHING}->null:IDLE-->FLUSHING
00:53:13.734 [JettyServerThreadPool-70] DEBUG org.eclipse.jetty.io.SocketChannelEndPoint -- flushed 336 oeji.SocketChannelEndPoint@458afeb6[{l=/127.0.0.1:62405,r=/127.0.0.1:62406,OPEN,fill=-,flush=F,to=60/30000}{io=0/0,kio=0,kro=1}]->[oejsi.HttpConnection@6e71daeb[p=oejh.HttpParser{s=END,64 of 64},g=oejh.HttpGenerator@f883c9e{s=COMPLETING}]=>oejsi.HttpChannelState@8b7a338[:handling=Thread[#70,JettyServerThreadPool-70,5,main],handled=false,send=LAST_SENDING,completed=false,request=POST@474058af http://localhost:62405/api/auth/register HTTP/1.1]]
00:53:13.734 [JettyServerThreadPool-70] DEBUG org.eclipse.jetty.io.WriteFlusher -- Flushed=true written=336 remaining=0 WriteFlusher@266b44f2{FLUSHING}->null
00:53:13.734 [JettyServerThreadPool-70] DEBUG org.eclipse.jetty.io.WriteFlusher -- update WriteFlusher@266b44f2{IDLE}->null:FLUSHING-->IDLE
00:53:13.734 [JettyServerThreadPool-70] DEBUG org.eclipse.jetty.util.IteratingCallback -- succeeded oejsi.HttpConnection$SendCallback@ec1f2be[:PROCESSING,aborted=false,failure=null][i=HTTP/1.1{s=201,h=3,cl=222},cb=oejsi.HttpChannelState$ChannelResponse@11b51417{201,POST@474058af http://localhost:62405/api/auth/register HTTP/1.1}]
00:53:13.734 [JettyServerThreadPool-70] DEBUG org.eclipse.jetty.util.IteratingCallback -- processing SCHEDULED oejsi.HttpConnection$SendCallback@ec1f2be[:PROCESSING_CALLED,aborted=false,failure=null][i=HTTP/1.1{s=201,h=3,cl=222},cb=oejsi.HttpChannelState$ChannelResponse@11b51417{201,POST@474058af http://localhost:62405/api/auth/register HTTP/1.1}]
00:53:13.734 [JettyServerThreadPool-70] DEBUG org.eclipse.jetty.server.internal.HttpConnection -- generate: DONE for oejsi.HttpConnection$SendCallback@ec1f2be[:PROCESSING,aborted=false,failure=null][i=HTTP/1.1{s=201,h=3,cl=222},cb=oejsi.HttpChannelState$ChannelResponse@11b51417{201,POST@474058af http://localhost:62405/api/auth/register HTTP/1.1}] ([p=114,l=114,c=8192,r=0],[p=222,l=222,c=32768,r=0],true)@END
00:53:13.734 [JettyServerThreadPool-70] DEBUG org.eclipse.jetty.util.IteratingCallback -- processing SUCCEEDED oejsi.HttpConnection$SendCallback@ec1f2be[:PROCESSING,aborted=false,failure=null][i=HTTP/1.1{s=201,h=3,cl=222},cb=oejsi.HttpChannelState$ChannelResponse@11b51417{201,POST@474058af http://localhost:62405/api/auth/register HTTP/1.1}]
00:53:13.734 [JettyServerThreadPool-70] DEBUG org.eclipse.jetty.util.ConcurrentPool -- released true oeju.ConcurrentPool$ConcurrentEntry@3788bff9{terminated=false,multiplex=0,pooled=oeji.ArrayByteBufferPool$PooledBuffer@379b1e8b[0/8192,d=true,rc=0]} for oeju.ConcurrentPool@75e8f707[strategy=THREAD_ID,inUse=1,size=2,max=256,leaked=0,terminated=false]
00:53:13.734 [JettyServerThreadPool-70] DEBUG org.eclipse.jetty.server.internal.HttpChannelState -- write succeeded oejsi.HttpChannelState$ChannelResponse@11b51417{201,POST@474058af http://localhost:62405/api/auth/register HTTP/1.1}
00:53:13.734 [JettyServerThreadPool-70] DEBUG org.eclipse.jetty.util.thread.SerializedInvoker -- Offered oejut.SerializedInvoker$Link@4697563d{Queued by JettyServerThreadPool-70 at org.eclipse.jetty.server.internal.HttpChannelState$ChannelResponse.succeeded(HttpChannelState.java:1440)[NON_BLOCKING] -> null} on oejsi.HttpChannelState$HttpChannelSerializedInvoker@532b73bf{name=HttpChannelState_writeInvoker,tail=oejut.SerializedInvoker$Link@4697563d{Queued by JettyServerThreadPool-70 at org.eclipse.jetty.server.internal.HttpChannelState$ChannelResponse.succeeded(HttpChannelState.java:1440)[NON_BLOCKING] -> null},invoker=null}
00:53:13.734 [JettyServerThreadPool-70] DEBUG org.eclipse.jetty.util.thread.SerializedInvoker -- Running oejut.SerializedInvoker$Link@4697563d{Queued by JettyServerThreadPool-70 at org.eclipse.jetty.server.internal.HttpChannelState$ChannelResponse.succeeded(HttpChannelState.java:1440)[NON_BLOCKING] -> null} of oejsi.HttpChannelState$HttpChannelSerializedInvoker@532b73bf{name=HttpChannelState_writeInvoker,tail=oejut.SerializedInvoker$Link@4697563d{Queued by JettyServerThreadPool-70 at org.eclipse.jetty.server.internal.HttpChannelState$ChannelResponse.succeeded(HttpChannelState.java:1440)[NON_BLOCKING] -> null},invoker=null}
00:53:13.734 [JettyServerThreadPool-70] DEBUG org.eclipse.jetty.server.handler.EventsHandler -- onResponseWriteComplete of oejs.Request$@4f900ad4{POST@474058af http://localhost:62405/api/auth/register HTTP/1.1}
00:53:13.734 [JettyServerThreadPool-70] DEBUG org.eclipse.jetty.util.ConcurrentPool -- released true oeju.ConcurrentPool$ConcurrentEntry@3ab87056{terminated=false,multiplex=0,pooled=oeji.ArrayByteBufferPool$PooledBuffer@1f37ee96[0/32768,d=true,rc=0]} for oeju.ConcurrentPool@51fe03f7[strategy=THREAD_ID,inUse=0,size=1,max=256,leaked=0,terminated=false]
00:53:13.734 [JettyServerThreadPool-70] DEBUG org.eclipse.jetty.ee10.servlet.HttpOutput -- onWriteComplete(true,null) s=CLOSING,api=BLOCKED,sc=false,e=null,wb=oeju.Blocker$Shared@266cef4f[c=null]->s=CLOSED,api=BLOCKING,sc=false,e=null,wb=oeju.Blocker$Shared@266cef4f[c=null] c=null cb=Callback@1259845d{NON_BLOCKING, org.eclipse.jetty.ee10.servlet.ServletChannel$$Lambda/0x00001fe001a025b8@349c7d29,org.eclipse.jetty.ee10.servlet.ServletChannel$$Lambda/0x00001fe001a027e8@6af49477} w=false
00:53:13.734 [JettyServerThreadPool-70] DEBUG org.eclipse.jetty.ee10.servlet.ServletChannelState -- completed oeje10s.ServletChannelState@72c25ff3{s=HANDLING rs=COMPLETING os=OPEN is=IDLE awp=false se=false i=false al=0}
00:53:13.734 [JettyServerThreadPool-70] DEBUG org.eclipse.jetty.util.thread.SerializedInvoker -- Next link is null, execution is over in oejsi.HttpChannelState$HttpChannelSerializedInvoker@532b73bf{name=HttpChannelState_writeInvoker,tail=null,invoker=null}
00:53:13.734 [JettyServerThreadPool-70] DEBUG org.eclipse.jetty.ee10.servlet.ServletChannelState -- unhandle oeje10s.ServletChannelState@72c25ff3{s=HANDLING rs=COMPLETED os=OPEN is=IDLE awp=false se=false i=false al=0}
00:53:13.734 [JettyServerThreadPool-70] DEBUG org.eclipse.jetty.ee10.servlet.ServletChannelState -- nextAction(false) TERMINATED oeje10s.ServletChannelState@72c25ff3{s=IDLE rs=COMPLETED os=OPEN is=IDLE awp=false se=false i=false al=0}
00:53:13.734 [JettyServerThreadPool-70] DEBUG org.eclipse.jetty.ee10.servlet.ServletChannel -- action TERMINATED oeje10s.ServletChannel@1b817d68{s=oeje10s.ServletChannelState@72c25ff3{s=IDLE rs=COMPLETED os=OPEN is=IDLE awp=false se=false i=false al=0},r=0,c=true/false,a=IDLE,uri=http://localhost:62405/api/auth/register,age=60}
00:53:13.734 [JettyServerThreadPool-70] DEBUG org.eclipse.jetty.ee10.servlet.ServletChannel -- onCompleted for /api/auth/register written app=222 net=222
00:53:13.734 [JettyServerThreadPool-70] DEBUG org.eclipse.jetty.server.internal.HttpChannelState -- consumeAvailable: true oejsi.HttpChannelState@8b7a338[:handling=Thread[#70,JettyServerThreadPool-70,5,main],handled=false,send=LAST_COMPLETE,completed=true,request=POST@474058af http://localhost:62405/api/auth/register HTTP/1.1]
00:53:13.734 [JettyServerThreadPool-70] DEBUG org.eclipse.jetty.server.internal.HttpChannelState -- succeeded: failure=null doLastStreamSend=false org.eclipse.jetty.server.internal.HttpChannelState$ChannelCallback@301c2a97
00:53:13.734 [JettyServerThreadPool-70] DEBUG org.eclipse.jetty.server.internal.HttpChannelState -- No action on succeeded org.eclipse.jetty.server.internal.HttpChannelState$ChannelCallback@301c2a97
00:53:13.734 [JettyServerThreadPool-70] DEBUG org.eclipse.jetty.ee10.servlet.ServletChannel -- !handle TERMINATED oeje10s.ServletChannel@1b817d68{s=oeje10s.ServletChannelState@72c25ff3{s=IDLE rs=COMPLETED os=COMPLETED is=IDLE awp=false se=false i=false al=0},r=0,c=true/true,a=IDLE,uri=http://localhost:62405/api/auth/register,age=60}
00:53:13.734 [JettyServerThreadPool-70] DEBUG org.eclipse.jetty.server.internal.HttpChannelState -- handler invoked: completeStream=true failure=null callbackCompleted=true oejsi.HttpChannelState@8b7a338[:handling=null,handled=true,send=LAST_COMPLETE,completed=true,request=POST@474058af http://localhost:62405/api/auth/register HTTP/1.1]
00:53:13.734 [JettyServerThreadPool-70] DEBUG org.eclipse.jetty.server.internal.HttpChannelState -- stream=org.eclipse.jetty.session.AbstractSessionManager$SessionStreamWrapper@80e25b4, failure=null, callbackCompleted=true, completeStream=true
00:53:13.734 [JettyServerThreadPool-70] DEBUG org.eclipse.jetty.server.internal.HttpChannelState -- completing the stream of oejsi.HttpChannelState@8b7a338[:handling=null,handled=true,send=LAST_COMPLETE,completed=true,request=POST@474058af http://localhost:62405/api/auth/register HTTP/1.1]
00:53:13.734 [JettyServerThreadPool-70] DEBUG org.eclipse.jetty.session.AbstractSessionManager -- Complete called with session null
00:53:13.734 [JettyServerThreadPool-70] DEBUG org.eclipse.jetty.server.Request -- succeeded org.eclipse.jetty.server.internal.CompletionStreamWrapper@470758cb
00:53:13.734 [JettyServerThreadPool-70] DEBUG org.eclipse.jetty.ee10.servlet.HttpInput -- recycle oeje10s.HttpInput@1471180365 cs=oeje10s.ServletChannelState@72c25ff3{s=IDLE rs=COMPLETED os=COMPLETED is=IDLE awp=false se=false i=false al=0} cp=org.eclipse.jetty.ee10.servlet.BlockingContentProducer@4ea2deac eof=true
00:53:13.734 [JettyServerThreadPool-70] DEBUG org.eclipse.jetty.ee10.servlet.BlockingContentProducer -- recycling org.eclipse.jetty.ee10.servlet.BlockingContentProducer@4ea2deac
00:53:13.734 [JettyServerThreadPool-70] DEBUG org.eclipse.jetty.ee10.servlet.AsyncContentProducer -- recycling oeje10s.AsyncContentProducer@5d21946b[c=EOF]
00:53:13.734 [JettyServerThreadPool-70] DEBUG org.eclipse.jetty.ee10.servlet.ServletChannelState -- recycle oeje10s.ServletChannelState@72c25ff3{s=IDLE rs=COMPLETED os=COMPLETED is=IDLE awp=false se=false i=false al=0}
00:53:13.734 [JettyServerThreadPool-70] DEBUG org.eclipse.jetty.server.internal.HttpConnection -- succeeded oejsi.HttpConnection@6e71daeb::oeji.SocketChannelEndPoint@458afeb6[{l=/127.0.0.1:62405,r=/127.0.0.1:62406,OPEN,fill=-,flush=-,to=0/30000}{io=0/0,kio=0,kro=1}]->[oejsi.HttpConnection@6e71daeb[p=oejh.HttpParser{s=END,64 of 64},g=oejh.HttpGenerator@f883c9e{s=END}]=>oejsi.HttpChannelState@8b7a338[:handling=null,handled=true,send=LAST_COMPLETE,completed=true,request=POST@474058af http://localhost:62405/api/auth/register HTTP/1.1]]
00:53:13.734 [JettyServerThreadPool-70] DEBUG org.eclipse.jetty.server.internal.HttpChannelState -- recycling oejsi.HttpChannelState@8b7a338[:handling=null,handled=true,send=LAST_COMPLETE,completed=true,request=POST@474058af http://localhost:62405/api/auth/register HTTP/1.1]
00:53:13.734 [JettyServerThreadPool-70] DEBUG org.eclipse.jetty.http.HttpParser -- reset oejh.HttpParser{s=END,64 of 64}
00:53:13.734 [JettyServerThreadPool-70] DEBUG org.eclipse.jetty.http.HttpParser -- END --> START
00:53:13.734 [JettyServerThreadPool-70] DEBUG org.eclipse.jetty.io.SocketChannelEndPoint -- filled 0 jn.DirectByteBuffer@21dc36fd[p=0,l=0,c=8192,r=0]={<<<>>>POST /api...\x00\x00\x00\x00\x00\x00\x00}
00:53:13.734 [JettyServerThreadPool-70] DEBUG org.eclipse.jetty.io.SocketChannelEndPoint -- filled 0 jn.DirectByteBuffer@21dc36fd[p=0,l=0,c=8192,r=0]={<<<>>>POST /api...\x00\x00\x00\x00\x00\x00\x00}
00:53:13.734 [JettyServerThreadPool-70] DEBUG org.eclipse.jetty.server.internal.HttpConnection -- filled 0 oeji.ArrayByteBufferPool$PooledBuffer@7064ad7d[0/8192,d=true,rc=1] oejsi.HttpConnection@6e71daeb::oeji.SocketChannelEndPoint@458afeb6[{l=/127.0.0.1:62405,r=/127.0.0.1:62406,OPEN,fill=-,flush=-,to=0/30000}{io=0/0,kio=0,kro=1}]->[oejsi.HttpConnection@6e71daeb[p=oejh.HttpParser{s=START,0 of -1},g=oejh.HttpGenerator@f883c9e{s=START}]=>oejsi.HttpChannelState@8b7a338[:handling=null,handled=false,send=SENDING,completed=false,request=null]]
00:53:13.734 [JettyServerThreadPool-70] DEBUG org.eclipse.jetty.server.internal.HttpConnection -- onFillable filled 0 oejsi.HttpChannelState@8b7a338[:handling=null,handled=false,send=SENDING,completed=false,request=null] oeji.ArrayByteBufferPool$PooledBuffer@7064ad7d[0/8192,d=true,rc=1] oejsi.HttpConnection@6e71daeb::oeji.SocketChannelEndPoint@458afeb6[{l=/127.0.0.1:62405,r=/127.0.0.1:62406,OPEN,fill=-,flush=-,to=0/30000}{io=0/0,kio=0,kro=1}]->[oejsi.HttpConnection@6e71daeb[p=oejh.HttpParser{s=START,0 of -1},g=oejh.HttpGenerator@f883c9e{s=START}]=>oejsi.HttpChannelState@8b7a338[:handling=null,handled=false,send=SENDING,completed=false,request=null]]
00:53:13.734 [JettyServerThreadPool-70] DEBUG org.eclipse.jetty.server.internal.HttpConnection -- parse oeji.ArrayByteBufferPool$PooledBuffer@7064ad7d[0/8192,d=true,rc=1] oejsi.HttpConnection@6e71daeb::oeji.SocketChannelEndPoint@458afeb6[{l=/127.0.0.1:62405,r=/127.0.0.1:62406,OPEN,fill=-,flush=-,to=0/30000}{io=0/0,kio=0,kro=1}]->[oejsi.HttpConnection@6e71daeb[p=oejh.HttpParser{s=START,0 of -1},g=oejh.HttpGenerator@f883c9e{s=START}]=>oejsi.HttpChannelState@8b7a338[:handling=null,handled=false,send=SENDING,completed=false,request=null]]
00:53:13.734 [JettyServerThreadPool-70] DEBUG org.eclipse.jetty.http.HttpParser -- parseNext s=START jn.DirectByteBuffer@21dc36fd[p=0,l=0,c=8192,r=0]={<<<>>>POST /api...\x00\x00\x00\x00\x00\x00\x00}
00:53:13.734 [JettyServerThreadPool-70] DEBUG org.eclipse.jetty.server.internal.HttpConnection -- parsed false oejh.HttpParser{s=START,0 of -1} oeji.ArrayByteBufferPool$PooledBuffer@7064ad7d[0/8192,d=true,rc=1] oejsi.HttpConnection@6e71daeb::oeji.SocketChannelEndPoint@458afeb6[{l=/127.0.0.1:62405,r=/127.0.0.1:62406,OPEN,fill=-,flush=-,to=0/30000}{io=0/0,kio=0,kro=1}]->[oejsi.HttpConnection@6e71daeb[p=oejh.HttpParser{s=START,0 of -1},g=oejh.HttpGenerator@f883c9e{s=START}]=>oejsi.HttpChannelState@8b7a338[:handling=null,handled=false,send=SENDING,completed=false,request=null]]
00:53:13.734 [JettyServerThreadPool-70] DEBUG org.eclipse.jetty.server.internal.HttpConnection -- releasing request buffer oeji.ArrayByteBufferPool$PooledBuffer@7064ad7d[0/8192,d=true,rc=1] oejsi.HttpConnection@6e71daeb::oeji.SocketChannelEndPoint@458afeb6[{l=/127.0.0.1:62405,r=/127.0.0.1:62406,OPEN,fill=-,flush=-,to=0/30000}{io=0/0,kio=0,kro=1}]->[oejsi.HttpConnection@6e71daeb[p=oejh.HttpParser{s=START,0 of -1},g=oejh.HttpGenerator@f883c9e{s=START}]=>oejsi.HttpChannelState@8b7a338[:handling=null,handled=false,send=SENDING,completed=false,request=null]]
00:53:13.734 [JettyServerThreadPool-70] DEBUG org.eclipse.jetty.util.ConcurrentPool -- released true oeju.ConcurrentPool$ConcurrentEntry@17d0c950{terminated=false,multiplex=0,pooled=oeji.ArrayByteBufferPool$PooledBuffer@7064ad7d[0/8192,d=true,rc=0]} for oeju.ConcurrentPool@75e8f707[strategy=THREAD_ID,inUse=0,size=2,max=256,leaked=0,terminated=false]
00:53:13.734 [JettyServerThreadPool-70] DEBUG org.eclipse.jetty.io.AbstractConnection -- fillInterested org.eclipse.jetty.server.internal.HttpConnection$FillableCallback@4598df46 oejsi.HttpConnection@6e71daeb::oeji.SocketChannelEndPoint@458afeb6[{l=/127.0.0.1:62405,r=/127.0.0.1:62406,OPEN,fill=-,flush=-,to=0/30000}{io=0/0,kio=0,kro=1}]->[oejsi.HttpConnection@6e71daeb[p=oejh.HttpParser{s=START,0 of -1},g=oejh.HttpGenerator@f883c9e{s=START}]=>oejsi.HttpChannelState@8b7a338[:handling=null,handled=false,send=SENDING,completed=false,request=null]]
00:53:13.734 [JettyServerThreadPool-70] DEBUG org.eclipse.jetty.io.FillInterest -- interested FillInterest@5987efcb{org.eclipse.jetty.server.internal.HttpConnection$FillableCallback@4598df46}
00:53:13.734 [JettyServerThreadPool-70] DEBUG org.eclipse.jetty.io.SelectableChannelEndPoint -- updateInterests p=false 0->1 for oeji.SocketChannelEndPoint@458afeb6[{l=/127.0.0.1:62405,r=/127.0.0.1:62406,OPEN,fill=FI,flush=-,to=0/30000}{io=0/1,kio=0,kro=1}]->[oejsi.HttpConnection@6e71daeb[p=oejh.HttpParser{s=START,0 of -1},g=oejh.HttpGenerator@f883c9e{s=START}]=>oejsi.HttpChannelState@8b7a338[:handling=null,handled=false,send=SENDING,completed=false,request=null]]
00:53:13.734 [JettyServerThreadPool-70] DEBUG org.eclipse.jetty.io.ManagedSelector -- Queued change lazy=false org.eclipse.jetty.io.SelectableChannelEndPoint$$Lambda/0x00001fe001920ab0@172544a9 on oeji.ManagedSelector@d7c00de{STARTED}[id=1 keys=1 selected=0 updates=0 selection:tot=4/avg=1,00/max=1]
00:53:13.734 [JettyServerThreadPool-70] DEBUG org.eclipse.jetty.io.ManagedSelector -- Wakeup on submit oeji.ManagedSelector@d7c00de{STARTED}[id=1 keys=1 selected=0 updates=1 selection:tot=4/avg=1,00/max=1]
00:53:13.734 [JettyServerThreadPool-74] DEBUG org.eclipse.jetty.io.ManagedSelector -- Selector sun.nio.ch.KQueueSelectorImpl@e60f727 woken with none selected
00:53:13.734 [JettyServerThreadPool-74] DEBUG org.eclipse.jetty.io.ManagedSelector -- Selector sun.nio.ch.KQueueSelectorImpl@e60f727 woken up from select, 0/0/1 selected
00:53:13.734 [JettyServerThreadPool-74] DEBUG org.eclipse.jetty.io.ManagedSelector -- Selector sun.nio.ch.KQueueSelectorImpl@e60f727 processing 0 keys, 1 updates
00:53:13.734 [JettyServerThreadPool-70] DEBUG org.eclipse.jetty.server.internal.HttpConnection -- onFillable exit oejsi.HttpChannelState@8b7a338[:handling=null,handled=false,send=SENDING,completed=false,request=null] null oejsi.HttpConnection@6e71daeb::oeji.SocketChannelEndPoint@458afeb6[{l=/127.0.0.1:62405,r=/127.0.0.1:62406,OPEN,fill=FI,flush=-,to=0/30000}{io=0/1,kio=0,kro=1}]->[oejsi.HttpConnection@6e71daeb[p=oejh.HttpParser{s=START,0 of -1},g=oejh.HttpGenerator@f883c9e{s=START}]=>oejsi.HttpChannelState@8b7a338[:handling=null,handled=false,send=SENDING,completed=false,request=null]]
00:53:13.734 [JettyServerThreadPool-74] DEBUG org.eclipse.jetty.io.ManagedSelector -- updateable 1
00:53:13.735 [JettyServerThreadPool-74] DEBUG org.eclipse.jetty.io.ManagedSelector -- update org.eclipse.jetty.io.SelectableChannelEndPoint$$Lambda/0x00001fe001920ab0@172544a9
00:53:13.735 [JettyServerThreadPool-70] DEBUG org.eclipse.jetty.util.thread.ReservedThreadExecutor -- offered to slot 6
00:53:13.735 [JettyServerThreadPool-70] DEBUG org.eclipse.jetty.util.thread.ReservedThreadExecutor -- waiting for task
00:53:13.735 [JettyServerThreadPool-74] DEBUG org.eclipse.jetty.io.SelectableChannelEndPoint -- Key interests updated 0 -> 1 on oeji.SocketChannelEndPoint@458afeb6[{l=/127.0.0.1:62405,r=/127.0.0.1:62406,OPEN,fill=FI,flush=-,to=0/30000}{io=1/1,kio=1,kro=1}]->[oejsi.HttpConnection@6e71daeb[p=oejh.HttpParser{s=START,0 of -1},g=oejh.HttpGenerator@f883c9e{s=START}]=>oejsi.HttpChannelState@8b7a338[:handling=null,handled=false,send=SENDING,completed=false,request=null]]
00:53:13.735 [JettyServerThreadPool-74] DEBUG org.eclipse.jetty.io.ManagedSelector -- updates 0
00:53:13.735 [JettyServerThreadPool-74] DEBUG org.eclipse.jetty.io.ManagedSelector -- Selector sun.nio.ch.KQueueSelectorImpl@e60f727 waiting with 1 keys
]]></system-out>
  </testcase>
</testsuite>