<?xml version="1.0" encoding="UTF-8"?>
<testsuite xmlns:xsi="http://www.w3.org/2001/XMLSchema-instance" xsi:noNamespaceSchemaLocation="https://maven.apache.org/surefire/maven-surefire-plugin/xsd/surefire-test-report.xsd" version="3.0.2" name="app.dao.UserDAOIntegrationTest" time="1.183" tests="3" errors="0" skipped="0" failures="0">
  <properties>
[...]
</properties>
  <testcase name="hibernateCanConnectToPostgresAndCreateUserTable" classname="app.dao.UserDAOIntegrationTest" time="0.009">
    <system-out><![CDATA[00:53:13.928 [main] DEBUG org.testcontainers.utility.PrefixingImageNameSubstitutor -- No prefix is configured
00:53:13.928 [main] DEBUG org.testcontainers.utility.ImageNameSubstitutor -- Did not find a substitute image for postgres:16-alpine (using image substitutor: DefaultImageNameSubstitutor (composite of 'ConfigurationFileImageNameSubstitutor' and 'PrefixingImageNameSubstitutor'))
00:53:13.928 [main] DEBUG org.testcontainers.images.AbstractImagePullPolicy -- Using locally available and not pulling image: postgres:16-alpine
00:53:13.928 [main] DEBUG tc.postgres:16-alpine -- Starting container: postgres:16-alpine
00:53:13.928 [main] DEBUG tc.postgres:16-alpine -- Trying to start container: postgres:16-alpine (attempt 1/1)
00:53:13.928 [main] DEBUG tc.postgres:16-alpine -- Starting container: postgres:16-alpine
00:53:13.928 [main] INFO tc.postgres:16-alpine -- Creating container for image: postgres:16-alpine
00:53:13.928 [main] DEBUG org.testcontainers.utility.RegistryAuthLocator -- Looking up auth config for image: postgres:16-alpine at registry: https://index.docker.io/v1/
00:53:13.928 [main] DEBUG org.testcontainers.utility.RegistryAuthLocator -- No matching Auth Configs - falling back to defaultAuthConfig [AuthConfig{username=null, password=blank, auth=blank, email=null, registryAddress=https://index.docker.io/v1/, registryToken=blank}]
00:53:13.928 [main] DEBUG org.testcontainers.dockerclient.AuthDelegatingDockerClientConfig -- Effective auth config [AuthConfig{username=null, password=blank, auth=blank, email=null, registryAddress=https://index.docker.io/v1/, registryToken=blank}]
00:53:13.929 [main] DEBUG org.testcontainers.shaded.com.github.dockerjava.core.command.AbstrDockerCmd -- Cmd: org.testcontainers.shaded.com.github.dockerjava.core.command.CreateContainerCmdImpl@498f1f63[aliases=<null>,argsEscaped=<null>,attachStderr=<null>,attachStdin=<null>,attachStdout=<null>,authConfig=AuthConfig(username=null, email=null, registryAddress=https://index.docker.io/v1/, stackOrchestrator=null),cmd={postgres,-c,fsync=off},domainName=<null>,entrypoint=<null>,env={POSTGRES_USER=test,POSTGRES_PASSWORD=test,POSTGRES_DB=supavisor_test},exposedPorts=ExposedPorts(exposedPorts=[5432/tcp]),healthcheck=<null>,hostConfig=HostConfig(binds=[], blkioWeight=null, blkioWeightDevice=null, blkioDeviceReadBps=null, blkioDeviceWriteBps=null, blkioDeviceReadIOps=null, blkioDeviceWriteIOps=null, memorySwappiness=null, nanoCPUs=null, annotations=null, capAdd=null, capDrop=null, containerIDFile=null, cpuPeriod=null, cpuRealtimePeriod=null, cpuRealtimeRuntime=null, cpuShares=null, cpuQuota=null, cpusetCpus=null, cpusetMems=null, devices=null, deviceCgroupRules=null, deviceRequests=null, diskQuota=null, dns=null, dnsOptions=null, dnsSearch=null, extraHosts=[], groupAdd=null, ipcMode=null, cgroup=null, links=[], logConfig=LogConfig(type=null, config=null), lxcConf=null, memory=null, memorySwap=null, memoryReservation=null, kernelMemory=null, networkMode=null, oomKillDisable=null, init=null, autoRemove=null, oomScoreAdj=null, portBindings={5432/tcp=[Lcom.github.dockerjava.api.model.Ports$Binding;@3b7b099b}, privileged=null, publishAllPorts=null, readonlyRootfs=null, restartPolicy=null, ulimits=null, cpuCount=null, cpuPercent=null, ioMaximumIOps=null, ioMaximumBandwidth=null, volumesFrom=[], mounts=null, pidMode=null, isolation=null, securityOpts=null, storageOpt=null, cgroupParent=null, volumeDriver=null, shmSize=null, pidsLimit=null, runtime=null, tmpFs=null, utSMode=null, usernsMode=null, sysctls=null, consoleSize=null, cgroupnsMode=null),hostName=<null>,image=postgres:16-alpine,ipv4Address=<null>,ipv6Address=<null>,labels={org.testcontainers=true, org.testcontainers.lang=java, org.testcontainers.version=2.0.3, org.testcontainers.sessionId=13d5cf75-8f78-4c11-8c1f-5e79542fbea7},macAddress=<null>,name=<null>,networkDisabled=<null>,networkingConfig=<null>,onBuild=<null>,platform=<null>,portSpecs=<null>,shell=<null>,stdInOnce=<null>,stdinOpen=<null>,stopSignal=<null>,stopTimeout=<null>,tty=<null>,user=<null>,volumes=Volumes(volumes=[]),workingDir=<null>]
00:53:13.931 [main] DEBUG com.github.dockerjava.zerodep.shaded.org.apache.hc.client5.http.impl.classic.InternalHttpClient -- ex-0000000021 preparing request execution
00:53:13.931 [main] DEBUG com.github.dockerjava.zerodep.shaded.org.apache.hc.client5.http.impl.classic.ProtocolExec -- ex-0000000021 target auth state: UNCHALLENGED
00:53:13.931 [main] DEBUG com.github.dockerjava.zerodep.shaded.org.apache.hc.client5.http.impl.classic.ProtocolExec -- ex-0000000021 proxy auth state: UNCHALLENGED
00:53:13.931 [main] DEBUG com.github.dockerjava.zerodep.shaded.org.apache.hc.client5.http.impl.classic.ConnectExec -- ex-0000000021 acquiring connection with route {}->[unix://localhost:2375]
00:53:13.931 [main] DEBUG com.github.dockerjava.zerodep.shaded.org.apache.hc.client5.http.impl.classic.InternalHttpClient -- ex-0000000021 acquiring endpoint (3 MINUTES)
00:53:13.931 [main] DEBUG com.github.dockerjava.zerodep.shaded.org.apache.hc.client5.http.impl.io.PoolingHttpClientConnectionManager -- ex-0000000021 endpoint lease request (3 MINUTES) [route: {}->[unix://localhost:2375]][total available: 1; route allocated: 1 of 2147483647; total allocated: 1 of 2147483647]
00:53:13.931 [main] DEBUG com.github.dockerjava.zerodep.shaded.org.apache.hc.client5.http.impl.io.PoolingHttpClientConnectionManager -- ex-0000000021 endpoint leased [route: {}->[unix://localhost:2375]][total available: 0; route allocated: 1 of 2147483647; total allocated: 1 of 2147483647]
00:53:13.931 [main] DEBUG com.github.dockerjava.zerodep.shaded.org.apache.hc.client5.http.impl.io.PoolingHttpClientConnectionManager -- ex-0000000021 acquired ep-0000000021
00:53:13.931 [main] DEBUG com.github.dockerjava.zerodep.shaded.org.apache.hc.client5.http.impl.classic.InternalHttpClient -- ex-0000000021 acquired endpoint ep-0000000021
00:53:13.931 [main] DEBUG com.github.dockerjava.zerodep.shaded.org.apache.hc.client5.http.impl.classic.MainClientExec -- ex-0000000021 executing POST /v1.44/containers/create
00:53:13.931 [main] DEBUG com.github.dockerjava.zerodep.shaded.org.apache.hc.client5.http.protocol.RequestAddCookies -- ex-0000000021 Cookie spec selected: strict
00:53:13.931 [main] DEBUG com.github.dockerjava.zerodep.shaded.org.apache.hc.client5.http.impl.classic.InternalHttpClient -- ep-0000000021 start execution ex-0000000021
00:53:13.931 [main] DEBUG com.github.dockerjava.zerodep.shaded.org.apache.hc.client5.http.impl.io.PoolingHttpClientConnectionManager -- ep-0000000021 executing exchange ex-0000000021 over http-outgoing-2
00:53:13.931 [main] DEBUG com.github.dockerjava.zerodep.shaded.org.apache.hc.client5.http.headers -- http-outgoing-2 >> POST /v1.44/containers/create HTTP/1.1
00:53:13.931 [main] DEBUG com.github.dockerjava.zerodep.shaded.org.apache.hc.client5.http.headers -- http-outgoing-2 >> X-Registry-Auth: eyJ1c2VybmFtZSI6bnVsbCwicGFzc3dvcmQiOm51bGwsImVtYWlsIjpudWxsLCJzZXJ2ZXJhZGRyZXNzIjoiaHR0cHM6Ly9pbmRleC5kb2NrZXIuaW8vdjEvIiwiYXV0aCI6bnVsbCwicmVnaXN0cnl0b2tlbiI6bnVsbCwiaWRlbnRpdHl0b2tlbiI6bnVsbCwic3RhY2tPcmNoZXN0cmF0b3IiOm51bGx9
00:53:13.932 [main] DEBUG com.github.dockerjava.zerodep.shaded.org.apache.hc.client5.http.headers -- http-outgoing-2 >> accept: application/json
00:53:13.932 [main] DEBUG com.github.dockerjava.zerodep.shaded.org.apache.hc.client5.http.headers -- http-outgoing-2 >> content-type: application/json
00:53:13.932 [main] DEBUG com.github.dockerjava.zerodep.shaded.org.apache.hc.client5.http.headers -- http-outgoing-2 >> x-tc-sid: 13d5cf75-8f78-4c11-8c1f-5e79542fbea7
00:53:13.932 [main] DEBUG com.github.dockerjava.zerodep.shaded.org.apache.hc.client5.http.headers -- http-outgoing-2 >> User-Agent: tc-java/2.0.3
00:53:13.932 [main] DEBUG com.github.dockerjava.zerodep.shaded.org.apache.hc.client5.http.headers -- http-outgoing-2 >> Accept-Encoding: gzip, x-gzip, deflate
00:53:13.932 [main] DEBUG com.github.dockerjava.zerodep.shaded.org.apache.hc.client5.http.headers -- http-outgoing-2 >> Host: localhost:2375
00:53:13.932 [main] DEBUG com.github.dockerjava.zerodep.shaded.org.apache.hc.client5.http.headers -- http-outgoing-2 >> Content-Length: 2090
00:53:13.932 [main] DEBUG com.github.dockerjava.zerodep.shaded.org.apache.hc.client5.http.headers -- http-outgoing-2 >> Connection: keep-alive
00:53:13.932 [main] DEBUG com.github.dockerjava.zerodep.shaded.org.apache.hc.client5.http.wire -- http-outgoing-2 >> "POST /v1.44/containers/create HTTP/1.1[\r][\n]"
00:53:13.932 [main] DEBUG com.github.dockerjava.zerodep.shaded.org.apache.hc.client5.http.wire -- http-outgoing-2 >> "X-Registry-Auth: eyJ1c2VybmFtZSI6bnVsbCwicGFzc3dvcmQiOm51bGwsImVtYWlsIjpudWxsLCJzZXJ2ZXJhZGRyZXNzIjoiaHR0cHM6Ly9pbmRleC5kb2NrZXIuaW8vdjEvIiwiYXV0aCI6bnVsbCwicmVnaXN0cnl0b2tlbiI6bnVsbCwiaWRlbnRpdHl0b2tlbiI6bnVsbCwic3RhY2tPcmNoZXN0cmF0b3IiOm51bGx9[\r][\n]"
00:53:13.932 [main] DEBUG com.github.dockerjava.zerodep.shaded.org.apache.hc.client5.http.wire -- http-outgoing-2 >> "accept: application/json[\r][\n]"
00:53:13.932 [main] DEBUG com.github.dockerjava.zerodep.shaded.org.apache.hc.client5.http.wire -- http-outgoing-2 >> "content-type: application/json[\r][\n]"
00:53:13.932 [main] DEBUG com.github.dockerjava.zerodep.shaded.org.apache.hc.client5.http.wire -- http-outgoing-2 >> "x-tc-sid: 13d5cf75-8f78-4c11-8c1f-5e79542fbea7[\r][\n]"
00:53:13.932 [main] DEBUG com.github.dockerjava.zerodep.shaded.org.apache.hc.client5.http.wire -- http-outgoing-2 >> "User-Agent: tc-java/2.0.3[\r][\n]"
00:53:13.932 [main] DEBUG com.github.dockerjava.zerodep.shaded.org.apache.hc.client5.http.wire -- http-outgoing-2 >> "Accept-Encoding: gzip, x-gzip, deflate[\r][\n]"
00:53:13.932 [main] DEBUG com.github.dockerjava.zerodep.shaded.org.apache.hc.client5.http.wire -- http-outgoing-2 >> "Host: localhost:2375[\r][\n]"
00:53:13.932 [main] DEBUG com.github.dockerjava.zerodep.shaded.org.apache.hc.client5.http.wire -- http-outgoing-2 >> "Content-Length: 2090[\r][\n]"
00:53:13.932 [main] DEBUG com.github.dockerjava.zerodep.shaded.org.apache.hc.client5.http.wire -- http-outgoing-2 >> "Connection: keep-alive[\r][\n]"
00:53:13.932 [main] DEBUG com.github.dockerjava.zerodep.shaded.org.apache.hc.client5.http.wire -- http-outgoing-2 >> "[\r][\n]"
00:53:13.932 [main] DEBUG com.github.dockerjava.zerodep.shaded.org.apache.hc.client5.http.wire -- http-outgoing-2 >> "{"Hostname":null,"Domainname":null,"User":null,"AttachStdin":null,"AttachStdout":null,"AttachStderr":null,"PortSpecs":null,"Tty":null,"OpenStdin":null,"StdinOnce":null,"Env":["POSTGRES_USER=test","POSTGRES_PASSWORD=test","POSTGRES_DB=supavisor_test"],"Cmd":["postgres","-c","fsync=off"],"Healthcheck":null,"ArgsEscaped":null,"Entrypoint":null,"Image":"postgres:16-alpine","Volumes":{},"WorkingDir":null,"MacAddress":null,"OnBuild":null,"NetworkDisabled":null,"ExposedPorts":{"5432/tcp":{}},"StopSignal":null,"StopTimeout":null,"HostConfig":{"Binds":[],"BlkioWeight":null,"BlkioWeightDevice":null,"BlkioDeviceReadBps":null,"BlkioDeviceWriteBps":null,"BlkioDeviceReadIOps":null,"BlkioDeviceWriteIOps":null,"MemorySwappiness":null,"NanoCpus":null,"Annotations":null,"CapAdd":null,"CapDrop":null,"ContainerIDFile":null,"CpuPeriod":null,"CpuRealtimePeriod":null,"CpuRealtimeRuntime":null,"CpuShares":null,"CpuQuota":null,"CpusetCpus":null,"CpusetMems":null,"Devices":null,"DeviceCgroupRules":null,"DeviceRequests":null,"DiskQuota":null,"Dns":null,"DnsOptions":null,"DnsSearch":null,"ExtraHosts":[],"GroupAdd":null,"IpcMode":null,"Cgroup":null,"Links":[],"LogConfig":null,"LxcConf":null,"Memory":null,"MemorySwap":null,"MemoryReservation":null,"KernelMemory":null,"NetworkMode":null,"OomKillDisable":null,"Init":null,"AutoRemove":null,"OomScoreAdj":null,"PortBindings":{"5432/tcp":[{"HostIp":"","HostPort":""}]},"Privileged":null,"PublishAllPorts":null,"ReadonlyRootfs":null,"RestartPolicy":null,"Ulimits":null,"CpuCount":null,"CpuPercent":null,"IOMaximumIOps":null,"IOMaximumBandwidth":null,"VolumesFrom":[],"Mounts":null,"PidMode":null,"Isolation":null,"SecurityOpt":null,"StorageOpt":null,"CgroupParent":null,"VolumeDriver":null,"ShmSize":null,"PidsLimit":null,"Runtime":null,"Tmpfs":null,"UTSMode":null,"UsernsMode":null,"Sysctls":null,"ConsoleSize":null,"CgroupnsMode":null},"Labels":{"org.testcontainers":"true","org.testcontainers.lang":"java","org.testcontainers.version":"2.0.3","org.testcontainers.sessionId":"13d5cf75-8f78-4c11-8c1f-5e79542fbea7"},"Shell":null,"NetworkingConfig":null}"
00:53:13.961 [main] DEBUG com.github.dockerjava.zerodep.shaded.org.apache.hc.client5.http.wire -- http-outgoing-2 << "HTTP/1.1 201 Created[\r][\n]"
00:53:13.961 [main] DEBUG com.github.dockerjava.zerodep.shaded.org.apache.hc.client5.http.wire -- http-outgoing-2 << "Api-Version: 1.51[\r][\n]"
00:53:13.961 [main] DEBUG com.github.dockerjava.zerodep.shaded.org.apache.hc.client5.http.wire -- http-outgoing-2 << "Content-Type: application/json[\r][\n]"
00:53:13.961 [main] DEBUG com.github.dockerjava.zerodep.shaded.org.apache.hc.client5.http.wire -- http-outgoing-2 << "Date: Wed, 23 Sep 2026 22:53:13 GMT[\r][\n]"
00:53:13.961 [main] DEBUG com.github.dockerjava.zerodep.shaded.org.apache.hc.client5.http.wire -- http-outgoing-2 << "Docker-Experimental: false[\r][\n]"
00:53:13.961 [main] DEBUG com.github.dockerjava.zerodep.shaded.org.apache.hc.client5.http.wire -- http-outgoing-2 << "Ostype: linux[\r][\n]"
00:53:13.961 [main] DEBUG com.github.dockerjava.zerodep.shaded.org.apache.hc.client5.http.wire -- http-outgoing-2 << "Server: Docker/28.4.0 (linux)[\r][\n]"
00:53:13.961 [main] DEBUG com.github.dockerjava.zerodep.shaded.org.apache.hc.client5.http.wire -- http-outgoing-2 << "Transfer-Encoding: chunked[\r][\n]"
00:53:13.961 [main] DEBUG com.github.dockerjava.zerodep.shaded.org.apache.hc.client5.http.wire -- http-outgoing-2 << "[\r][\n]"
00:53:13.961 [main] DEBUG com.github.dockerjava.zerodep.shaded.org.apache.hc.client5.http.wire -- http-outgoing-2 << "58[\r][\n]"
00:53:13.961 [main] DEBUG com.github.dockerjava.zerodep.shaded.org.apache.hc.client5.http.wire -- http-outgoing-2 << "{"Id":"6ae3b9f25929876fd5f74daad4a43eb45419a267b6beb50793691cee4cd79dcc","Warnings":[]}[\n]"
00:53:13.961 [main] DEBUG com.github.dockerjava.zerodep.shaded.org.apache.hc.client5.http.wire -- http-outgoing-2 << "[\r][\n]"
00:53:13.961 [main] DEBUG com.github.dockerjava.zerodep.shaded.org.apache.hc.client5.http.headers -- http-outgoing-2 << HTTP/1.1 201 Created
00:53:13.961 [main] DEBUG com.github.dockerjava.zerodep.shaded.org.apache.hc.client5.http.headers -- http-outgoing-2 << Api-Version: 1.51
00:53:13.961 [main] DEBUG com.github.dockerjava.zerodep.shaded.org.apache.hc.client5.http.headers -- http-outgoing-2 << Content-Type: application/json
00:53:13.961 [main] DEBUG com.github.dockerjava.zerodep.shaded.org.apache.hc.client5.http.headers -- http-outgoing-2 << Date: Wed, 23 Sep 2026 22:53:13 GMT
00:53:13.961 [main] DEBUG com.github.dockerjava.zerodep.shaded.org.apache.hc.client5.http.headers -- http-outgoing-2 << Docker-Experimental: false
00:53:13.961 [main] DEBUG com.github.dockerjava.zerodep.shaded.org.apache.hc.client5.http.headers -- http-outgoing-2 << Ostype: linux
00:53:13.961 [main] DEBUG com.github.dockerjava.zerodep.shaded.org.apache.hc.client5.http.headers -- http-outgoing-2 << Server: Docker/28.4.0 (linux)
00:53:13.961 [main] DEBUG com.github.dockerjava.zerodep.shaded.org.apache.hc.client5.http.headers -- http-outgoing-2 << Transfer-Encoding: chunked
00:53:13.961 [main] DEBUG com.github.dockerjava.zerodep.shaded.org.apache.hc.client5.http.impl.classic.MainClientExec -- ex-0000000021 connection can be kept alive for 3 MINUTES
00:53:13.961 [main] DEBUG com.github.dockerjava.zerodep.shaded.org.apache.hc.client5.http.wire -- http-outgoing-2 << "0[\r][\n]"
00:53:13.961 [main] DEBUG com.github.dockerjava.zerodep.shaded.org.apache.hc.client5.http.wire -- http-outgoing-2 << "[\r][\n]"
00:53:13.961 [main] DEBUG com.github.dockerjava.zerodep.shaded.org.apache.hc.client5.http.impl.classic.InternalHttpClient -- ep-0000000021 releasing valid endpoint
00:53:13.961 [main] DEBUG com.github.dockerjava.zerodep.shaded.org.apache.hc.client5.http.impl.io.PoolingHttpClientConnectionManager -- ep-0000000021 releasing endpoint
00:53:13.961 [main] DEBUG com.github.dockerjava.zerodep.shaded.org.apache.hc.client5.http.impl.io.PoolingHttpClientConnectionManager -- ep-0000000021 connection http-outgoing-2 can be kept alive for 3 MINUTES
00:53:13.961 [main] DEBUG com.github.dockerjava.zerodep.shaded.org.apache.hc.client5.http.impl.io.PoolingHttpClientConnectionManager -- ep-0000000021 connection released [route: {}->[unix://localhost:2375]][total available: 1; route allocated: 1 of 2147483647; total allocated: 1 of 2147483647]
00:53:13.962 [main] INFO tc.postgres:16-alpine -- Container postgres:16-alpine is starting: 6ae3b9f25929876fd5f74daad4a43eb45419a267b6beb50793691cee4cd79dcc
00:53:13.962 [main] DEBUG org.testcontainers.shaded.com.github.dockerjava.core.command.AbstrDockerCmd -- Cmd: 6ae3b9f25929876fd5f74daad4a43eb45419a267b6beb50793691cee4cd79dcc
00:53:13.962 [main] DEBUG com.github.dockerjava.zerodep.shaded.org.apache.hc.client5.http.impl.classic.InternalHttpClient -- ex-0000000022 preparing request execution
00:53:13.962 [main] DEBUG com.github.dockerjava.zerodep.shaded.org.apache.hc.client5.http.impl.classic.ProtocolExec -- ex-0000000022 target auth state: UNCHALLENGED
00:53:13.962 [main] DEBUG com.github.dockerjava.zerodep.shaded.org.apache.hc.client5.http.impl.classic.ProtocolExec -- ex-0000000022 proxy auth state: UNCHALLENGED
00:53:13.962 [main] DEBUG com.github.dockerjava.zerodep.shaded.org.apache.hc.client5.http.impl.classic.ConnectExec -- ex-0000000022 acquiring connection with route {}->[unix://localhost:2375]
00:53:13.962 [main] DEBUG com.github.dockerjava.zerodep.shaded.org.apache.hc.client5.http.impl.classic.InternalHttpClient -- ex-0000000022 acquiring endpoint (3 MINUTES)
00:53:13.962 [main] DEBUG com.github.dockerjava.zerodep.shaded.org.apache.hc.client5.http.impl.io.PoolingHttpClientConnectionManager -- ex-0000000022 endpoint lease request (3 MINUTES) [route: {}->[unix://localhost:2375]][total available: 1; route allocated: 1 of 2147483647; total allocated: 1 of 2147483647]
00:53:13.962 [main] DEBUG com.github.dockerjava.zerodep.shaded.org.apache.hc.client5.http.impl.io.PoolingHttpClientConnectionManager -- ex-0000000022 endpoint leased [route: {}->[unix://localhost:2375]][total available: 0; route allocated: 1 of 2147483647; total allocated: 1 of 2147483647]
00:53:13.962 [main] DEBUG com.github.dockerjava.zerodep.shaded.org.apache.hc.client5.http.impl.io.PoolingHttpClientConnectionManager -- ex-0000000022 acquired ep-0000000022
00:53:13.962 [main] DEBUG com.github.dockerjava.zerodep.shaded.org.apache.hc.client5.http.impl.classic.InternalHttpClient -- ex-0000000022 acquired endpoint ep-0000000022
00:53:13.962 [main] DEBUG com.github.dockerjava.zerodep.shaded.org.apache.hc.client5.http.impl.classic.MainClientExec -- ex-0000000022 executing POST /v1.44/containers/6ae3b9f25929876fd5f74daad4a43eb45419a267b6beb50793691cee4cd79dcc/start
00:53:13.962 [main] DEBUG com.github.dockerjava.zerodep.shaded.org.apache.hc.client5.http.protocol.RequestAddCookies -- ex-0000000022 Cookie spec selected: strict
00:53:13.962 [main] DEBUG com.github.dockerjava.zerodep.shaded.org.apache.hc.client5.http.impl.classic.InternalHttpClient -- ep-0000000022 start execution ex-0000000022
00:53:13.962 [main] DEBUG com.github.dockerjava.zerodep.shaded.org.apache.hc.client5.http.impl.io.PoolingHttpClientConnectionManager -- ep-0000000022 executing exchange ex-0000000022 over http-outgoing-2
00:53:13.963 [main] DEBUG com.github.dockerjava.zerodep.shaded.org.apache.hc.client5.http.headers -- http-outgoing-2 >> POST /v1.44/containers/6ae3b9f25929876fd5f74daad4a43eb45419a267b6beb50793691cee4cd79dcc/start HTTP/1.1
00:53:13.963 [main] DEBUG com.github.dockerjava.zerodep.shaded.org.apache.hc.client5.http.headers -- http-outgoing-2 >> accept: application/json
00:53:13.963 [main] DEBUG com.github.dockerjava.zerodep.shaded.org.apache.hc.client5.http.headers -- http-outgoing-2 >> content-type: application/json
00:53:13.963 [main] DEBUG com.github.dockerjava.zerodep.shaded.org.apache.hc.client5.http.headers -- http-outgoing-2 >> x-tc-sid: 13d5cf75-8f78-4c11-8c1f-5e79542fbea7
00:53:13.963 [main] DEBUG com.github.dockerjava.zerodep.shaded.org.apache.hc.client5.http.headers -- http-outgoing-2 >> User-Agent: tc-java/2.0.3
00:53:13.963 [main] DEBUG com.github.dockerjava.zerodep.shaded.org.apache.hc.client5.http.headers -- http-outgoing-2 >> Accept-Encoding: gzip, x-gzip, deflate
00:53:13.963 [main] DEBUG com.github.dockerjava.zerodep.shaded.org.apache.hc.client5.http.headers -- http-outgoing-2 >> Host: localhost:2375
00:53:13.963 [main] DEBUG com.github.dockerjava.zerodep.shaded.org.apache.hc.client5.http.headers -- http-outgoing-2 >> Content-Length: 0
00:53:13.963 [main] DEBUG com.github.dockerjava.zerodep.shaded.org.apache.hc.client5.http.headers -- http-outgoing-2 >> Connection: keep-alive
00:53:13.963 [main] DEBUG com.github.dockerjava.zerodep.shaded.org.apache.hc.client5.http.wire -- http-outgoing-2 >> "POST /v1.44/containers/6ae3b9f25929876fd5f74daad4a43eb45419a267b6beb50793691cee4cd79dcc/start HTTP/1.1[\r][\n]"
00:53:13.963 [main] DEBUG com.github.dockerjava.zerodep.shaded.org.apache.hc.client5.http.wire -- http-outgoing-2 >> "accept: application/json[\r][\n]"
00:53:13.963 [main] DEBUG com.github.dockerjava.zerodep.shaded.org.apache.hc.client5.http.wire -- http-outgoing-2 >> "content-type: application/json[\r][\n]"
00:53:13.963 [main] DEBUG com.github.dockerjava.zerodep.shaded.org.apache.hc.client5.http.wire -- http-outgoing-2 >> "x-tc-sid: 13d5cf75-8f78-4c11-8c1f-5e79542fbea7[\r][\n]"
00:53:13.963 [main] DEBUG com.github.dockerjava.zerodep.shaded.org.apache.hc.client5.http.wire -- http-outgoing-2 >> "User-Agent: tc-java/2.0.3[\r][\n]"
00:53:13.963 [main] DEBUG com.github.dockerjava.zerodep.shaded.org.apache.hc.client5.http.wire -- http-outgoing-2 >> "Accept-Encoding: gzip, x-gzip, deflate[\r][\n]"
00:53:13.963 [main] DEBUG com.github.dockerjava.zerodep.shaded.org.apache.hc.client5.http.wire -- http-outgoing-2 >> "Host: localhost:2375[\r][\n]"
00:53:13.963 [main] DEBUG com.github.dockerjava.zerodep.shaded.org.apache.hc.client5.http.wire -- http-outgoing-2 >> "Content-Length: 0[\r][\n]"
00:53:13.963 [main] DEBUG com.github.dockerjava.zerodep.shaded.org.apache.hc.client5.http.wire -- http-outgoing-2 >> "Connection: keep-alive[\r][\n]"
00:53:13.963 [main] DEBUG com.github.dockerjava.zerodep.shaded.org.apache.hc.client5.http.wire -- http-outgoing-2 >> "[\r][\n]"
00:53:14.037 [main] DEBUG com.github.dockerjava.zerodep.shaded.org.apache.hc.client5.http.wire -- http-outgoing-2 << "HTTP/1.1 204 No Content[\r][\n]"
00:53:14.037 [main] DEBUG com.github.dockerjava.zerodep.shaded.org.apache.hc.client5.http.wire -- http-outgoing-2 << "Api-Version: 1.51[\r][\n]"
00:53:14.037 [main] DEBUG com.github.dockerjava.zerodep.shaded.org.apache.hc.client5.http.wire -- http-outgoing-2 << "Date: Wed, 23 Sep 2026 22:53:14 GMT[\r][\n]"
00:53:14.037 [main] DEBUG com.github.dockerjava.zerodep.shaded.org.apache.hc.client5.http.wire -- http-outgoing-2 << "Docker-Experimental: false[\r][\n]"
00:53:14.037 [main] DEBUG com.github.dockerjava.zerodep.shaded.org.apache.hc.client5.http.wire -- http-outgoing-2 << "Ostype: linux[\r][\n]"
00:53:14.037 [main] DEBUG com.github.dockerjava.zerodep.shaded.org.apache.hc.client5.http.wire -- http-outgoing-2 << "Server: Docker/28.4.0 (linux)[\r][\n]"
00:53:14.037 [main] DEBUG com.github.dockerjava.zerodep.shaded.org.apache.hc.client5.http.wire -- http-outgoing-2 << "[\r][\n]"
00:53:14.037 [main] DEBUG com.github.dockerjava.zerodep.shaded.org.apache.hc.client5.http.headers -- http-outgoing-2 << HTTP/1.1 204 No Content
00:53:14.037 [main] DEBUG com.github.dockerjava.zerodep.shaded.org.apache.hc.client5.http.headers -- http-outgoing-2 << Api-Version: 1.51
00:53:14.037 [main] DEBUG com.github.dockerjava.zerodep.shaded.org.apache.hc.client5.http.headers -- http-outgoing-2 << Date: Wed, 23 Sep 2026 22:53:14 GMT
00:53:14.037 [main] DEBUG com.github.dockerjava.zerodep.shaded.org.apache.hc.client5.http.headers -- http-outgoing-2 << Docker-Experimental: false
00:53:14.037 [main] DEBUG com.github.dockerjava.zerodep.shaded.org.apache.hc.client5.http.headers -- http-outgoing-2 << Ostype: linux
00:53:14.037 [main] DEBUG com.github.dockerjava.zerodep.shaded.org.apache.hc.client5.http.headers -- http-outgoing-2 << Server: Docker/28.4.0 (linux)
00:53:14.037 [main] DEBUG com.github.dockerjava.zerodep.shaded.org.apache.hc.client5.http.impl.classic.MainClientExec -- ex-0000000022 connection can be kept alive for 3 MINUTES
00:53:14.037 [main] DEBUG com.github.dockerjava.zerodep.shaded.org.apache.hc.client5.http.impl.classic.InternalHttpClient -- ep-0000000022 releasing valid endpoint
00:53:14.037 [main] DEBUG com.github.dockerjava.zerodep.shaded.org.apache.hc.client5.http.impl.io.PoolingHttpClientConnectionManager -- ep-0000000022 releasing endpoint
00:53:14.037 [main] DEBUG com.github.dockerjava.zerodep.shaded.org.apache.hc.client5.http.impl.io.PoolingHttpClientConnectionManager -- ep-0000000022 connection http-outgoing-2 can be kept alive for 3 MINUTES
00:53:14.037 [main] DEBUG com.github.dockerjava.zerodep.shaded.org.apache.hc.client5.http.impl.io.PoolingHttpClientConnectionManager -- ep-0000000022 connection released [route: {}->[unix://localhost:2375]][total available: 1; route allocated: 1 of 2147483647; total allocated: 1 of 2147483647]
00:53:14.038 [main] DEBUG org.testcontainers.shaded.com.github.dockerjava.core.command.AbstrDockerCmd -- Cmd: 6ae3b9f25929876fd5f74daad4a43eb45419a267b6beb50793691cee4cd79dcc,false
00:53:14.038 [main] DEBUG org.testcontainers.shaded.com.github.dockerjava.core.exec.InspectContainerCmdExec -- GET: DefaultWebTarget{path=[/containers/6ae3b9f25929876fd5f74daad4a43eb45419a267b6beb50793691cee4cd79dcc/json], queryParams={}}
00:53:14.038 [main] DEBUG com.github.dockerjava.zerodep.shaded.org.apache.hc.client5.http.impl.classic.InternalHttpClient -- ex-0000000023 preparing request execution
00:53:14.038 [main] DEBUG com.github.dockerjava.zerodep.shaded.org.apache.hc.client5.http.impl.classic.ProtocolExec -- ex-0000000023 target auth state: UNCHALLENGED
00:53:14.038 [main] DEBUG com.github.dockerjava.zerodep.shaded.org.apache.hc.client5.http.impl.classic.ProtocolExec -- ex-0000000023 proxy auth state: UNCHALLENGED
00:53:14.038 [main] DEBUG com.github.dockerjava.zerodep.shaded.org.apache.hc.client5.http.impl.classic.ConnectExec -- ex-0000000023 acquiring connection with route {}->[unix://localhost:2375]
00:53:14.038 [main] DEBUG com.github.dockerjava.zerodep.shaded.org.apache.hc.client5.http.impl.classic.InternalHttpClient -- ex-0000000023 acquiring endpoint (3 MINUTES)
00:53:14.038 [main] DEBUG com.github.dockerjava.zerodep.shaded.org.apache.hc.client5.http.impl.io.PoolingHttpClientConnectionManager -- ex-0000000023 endpoint lease request (3 MINUTES) [route: {}->[unix://localhost:2375]][total available: 1; route allocated: 1 of 2147483647; total allocated: 1 of 2147483647]
00:53:14.038 [main] DEBUG com.github.dockerjava.zerodep.shaded.org.apache.hc.client5.http.impl.io.PoolingHttpClientConnectionManager -- ex-0000000023 endpoint leased [route: {}->[unix://localhost:2375]][total available: 0; route allocated: 1 of 2147483647; total allocated: 1 of 2147483647]
00:53:14.038 [main] DEBUG com.github.dockerjava.zerodep.shaded.org.apache.hc.client5.http.impl.io.PoolingHttpClientConnectionManager -- ex-0000000023 acquired ep-0000000023
00:53:14.038 [main] DEBUG com.github.dockerjava.zerodep.shaded.org.apache.hc.client5.http.impl.classic.InternalHttpClient -- ex-0000000023 acquired endpoint ep-0000000023
00:53:14.038 [main] DEBUG com.github.dockerjava.zerodep.shaded.org.apache.hc.client5.http.impl.classic.MainClientExec -- ex-0000000023 executing GET /v1.44/containers/6ae3b9f25929876fd5f74daad4a43eb45419a267b6beb50793691cee4cd79dcc/json
00:53:14.038 [main] DEBUG com.github.dockerjava.zerodep.shaded.org.apache.hc.client5.http.protocol.RequestAddCookies -- ex-0000000023 Cookie spec selected: strict
00:53:14.038 [main] DEBUG com.github.dockerjava.zerodep.shaded.org.apache.hc.client5.http.impl.classic.InternalHttpClient -- ep-0000000023 start execution ex-0000000023
00:53:14.038 [main] DEBUG com.github.dockerjava.zerodep.shaded.org.apache.hc.client5.http.impl.io.PoolingHttpClientConnectionManager -- ep-0000000023 executing exchange ex-0000000023 over http-outgoing-2
00:53:14.038 [main] DEBUG com.github.dockerjava.zerodep.shaded.org.apache.hc.client5.http.headers -- http-outgoing-2 >> GET /v1.44/containers/6ae3b9f25929876fd5f74daad4a43eb45419a267b6beb50793691cee4cd79dcc/json HTTP/1.1
00:53:14.038 [main] DEBUG com.github.dockerjava.zerodep.shaded.org.apache.hc.client5.http.headers -- http-outgoing-2 >> accept: application/json
00:53:14.038 [main] DEBUG com.github.dockerjava.zerodep.shaded.org.apache.hc.client5.http.headers -- http-outgoing-2 >> x-tc-sid: 13d5cf75-8f78-4c11-8c1f-5e79542fbea7
00:53:14.038 [main] DEBUG com.github.dockerjava.zerodep.shaded.org.apache.hc.client5.http.headers -- http-outgoing-2 >> User-Agent: tc-java/2.0.3
00:53:14.038 [main] DEBUG com.github.dockerjava.zerodep.shaded.org.apache.hc.client5.http.headers -- http-outgoing-2 >> Accept-Encoding: gzip, x-gzip, deflate
00:53:14.038 [main] DEBUG com.github.dockerjava.zerodep.shaded.org.apache.hc.client5.http.headers -- http-outgoing-2 >> Host: localhost:2375
00:53:14.038 [main] DEBUG com.github.dockerjava.zerodep.shaded.org.apache.hc.client5.http.headers -- http-outgoing-2 >> Connection: keep-alive
00:53:14.038 [main] DEBUG com.github.dockerjava.zerodep.shaded.org.apache.hc.client5.http.wire -- http-outgoing-2 >> "GET /v1.44/containers/6ae3b9f25929876fd5f74daad4a43eb45419a267b6beb50793691cee4cd79dcc/json HTTP/1.1[\r][\n]"
00:53:14.038 [main] DEBUG com.github.dockerjava.zerodep.shaded.org.apache.hc.client5.http.wire -- http-outgoing-2 >> "accept: application/json[\r][\n]"
00:53:14.038 [main] DEBUG com.github.dockerjava.zerodep.shaded.org.apache.hc.client5.http.wire -- http-outgoing-2 >> "x-tc-sid: 13d5cf75-8f78-4c11-8c1f-5e79542fbea7[\r][\n]"
00:53:14.038 [main] DEBUG com.github.dockerjava.zerodep.shaded.org.apache.hc.client5.http.wire -- http-outgoing-2 >> "User-Agent: tc-java/2.0.3[\r][\n]"
00:53:14.038 [main] DEBUG com.github.dockerjava.zerodep.shaded.org.apache.hc.client5.http.wire -- http-outgoing-2 >> "Accept-Encoding: gzip, x-gzip, deflate[\r][\n]"
00:53:14.038 [main] DEBUG com.github.dockerjava.zerodep.shaded.org.apache.hc.client5.http.wire -- http-outgoing-2 >> "Host: localhost:2375[\r][\n]"
00:53:14.038 [main] DEBUG com.github.dockerjava.zerodep.shaded.org.apache.hc.client5.http.wire -- http-outgoing-2 >> "Connection: keep-alive[\r][\n]"
00:53:14.038 [main] DEBUG com.github.dockerjava.zerodep.shaded.org.apache.hc.client5.http.wire -- http-outgoing-2 >> "[\r][\n]"
00:53:14.039 [main] DEBUG com.github.dockerjava.zerodep.shaded.org.apache.hc.client5.http.wire -- http-outgoing-2 << "HTTP/1.1 200 OK[\r][\n]"
00:53:14.039 [main] DEBUG com.github.dockerjava.zerodep.shaded.org.apache.hc.client5.http.wire -- http-outgoing-2 << "Api-Version: 1.51[\r][\n]"
00:53:14.039 [main] DEBUG com.github.dockerjava.zerodep.shaded.org.apache.hc.client5.http.wire -- http-outgoing-2 << "Content-Type: application/json[\r][\n]"
00:53:14.039 [main] DEBUG com.github.dockerjava.zerodep.shaded.org.apache.hc.client5.http.wire -- http-outgoing-2 << "Date: Wed, 23 Sep 2026 22:53:14 GMT[\r][\n]"
00:53:14.039 [main] DEBUG com.github.dockerjava.zerodep.shaded.org.apache.hc.client5.http.wire -- http-outgoing-2 << "Docker-Experimental: false[\r][\n]"
00:53:14.039 [main] DEBUG com.github.dockerjava.zerodep.shaded.org.apache.hc.client5.http.wire -- http-outgoing-2 << "Ostype: linux[\r][\n]"
00:53:14.039 [main] DEBUG com.github.dockerjava.zerodep.shaded.org.apache.hc.client5.http.wire -- http-outgoing-2 << "Server: Docker/28.4.0 (linux)[\r][\n]"
00:53:14.039 [main] DEBUG com.github.dockerjava.zerodep.shaded.org.apache.hc.client5.http.wire -- http-outgoing-2 << "Transfer-Encoding: chunked[\r][\n]"
00:53:14.039 [main] DEBUG com.github.dockerjava.zerodep.shaded.org.apache.hc.client5.http.wire -- http-outgoing-2 << "[\r][\n]"
00:53:14.040 [main] DEBUG com.github.dockerjava.zerodep.shaded.org.apache.hc.client5.http.headers -- http-outgoing-2 << HTTP/1.1 200 OK
00:53:14.040 [main] DEBUG com.github.dockerjava.zerodep.shaded.org.apache.hc.client5.http.headers -- http-outgoing-2 << Api-Version: 1.51
00:53:14.040 [main] DEBUG com.github.dockerjava.zerodep.shaded.org.apache.hc.client5.http.headers -- http-outgoing-2 << Content-Type: application/json
00:53:14.040 [main] DEBUG com.github.dockerjava.zerodep.shaded.org.apache.hc.client5.http.headers -- http-outgoing-2 << Date: Wed, 23 Sep 2026 22:53:14 GMT
00:53:14.040 [main] DEBUG com.github.dockerjava.zerodep.shaded.org.apache.hc.client5.http.headers -- http-outgoing-2 << Docker-Experimental: false
00:53:14.040 [main] DEBUG com.github.dockerjava.zerodep.shaded.org.apache.hc.client5.http.headers -- http-outgoing-2 << Ostype: linux
00:53:14.040 [main] DEBUG com.github.dockerjava.zerodep.shaded.org.apache.hc.client5.http.headers -- http-outgoing-2 << Server: Docker/28.4.0 (linux)
00:53:14.040 [main] DEBUG com.github.dockerjava.zerodep.shaded.org.apache.hc.client5.http.headers -- http-outgoing-2 << Transfer-Encoding: chunked
00:53:14.040 [main] DEBUG com.github.dockerjava.zerodep.shaded.org.apache.hc.client5.http.impl.classic.MainClientExec -- ex-0000000023 connection can be kept alive for 3 MINUTES
00:53:14.040 [main] DEBUG com.github.dockerjava.zerodep.shaded.org.apache.hc.client5.http.wire -- http-outgoing-2 << "19fd[\r][\n]"
00:53:14.040 [main] DEBUG com.github.dockerjava.zerodep.shaded.org.apache.hc.client5.http.wire -- http-outgoing-2 << "{"Id":"6ae3b9f25929876fd5f74daad4a43eb45419a267b6beb50793691cee4cd79dcc","Created":"2026-09-23T22:53:13.934598881Z","Path":"docker-entrypoint.sh","Args":["postgres","-c","fsync=off"],"State":{"Status":"running","Running":true,"Paused":false,"Restarting":false,"OOMKilled":false,"Dead":false,"Pid":16618,"ExitCode":0,"Error":"","StartedAt":"2026-09-23T22:53:13.974865215Z","FinishedAt":"0001-01-01T00:00:00Z"},"Image":"sha256:0f7a666480d0a8efb29f3c7876fc612147be6a37f071b74a3131248d3818ae3e","ResolvConfPath":"/var/lib/docker/containers/6ae3b9f25929876fd5f74daad4a43eb45419a267b6beb50793691cee4cd79dcc/resolv.conf","HostnamePath":"/var/lib/docker/containers/6ae3b9f25929876fd5f74daad4a43eb45419a267b6beb50793691cee4cd79dcc/hostname","HostsPath":"/var/lib/docker/containers/6ae3b9f25929876fd5f74daad4a43eb45419a267b6beb50793691cee4cd79dcc/hosts","LogPath":"/var/lib/docker/containers/6ae3b9f25929876fd5f74daad4a43eb45419a267b6beb50793691cee4cd79dcc/6ae3b9f25929876fd5f74daad4a43eb45419a267b6beb50793691cee4cd79dcc-json.log","Name":"/fervent_mclean","RestartCount":0,"Driver":"overlay2","Platform":"linux","MountLabel":"","ProcessLabel":"","AppArmorProfile":"","ExecIDs":null,"HostConfig":{"Binds":[],"ContainerIDFile":"","LogConfig":{"Type":"json-file","Config":{}},"NetworkMode":"bridge","PortBindings":{"5432/tcp":[{"HostIp":"","HostPort":""}]},"RestartPolicy":{"Name":"no","MaximumRetryCount":0},"AutoRemove":false,"VolumeDriver":"","VolumesFrom":[],"ConsoleSize":[0,0],"CapAdd":null,"CapDrop":null,"CgroupnsMode":"private","Dns":null,"DnsOptions":null,"DnsSearch":null,"ExtraHosts":[],"GroupAdd":null,"IpcMode":"private","Cgroup":"","Links":null,"OomScoreAdj":0,"PidMode":"","Privileged":false,"PublishAllPorts":false,"ReadonlyRootfs":false,"SecurityOpt":null,"UTSMode":"","UsernsMode":"","ShmSize":67108864,"Runtime":"runc","Isolation":"","CpuShares":0,"Memory":0,"NanoCpus":0,"CgroupParent":"","BlkioWeight":0,"BlkioWeightDevice":null,"BlkioDeviceReadBps":null,"BlkioDeviceWriteBps":null,"BlkioDeviceReadIOps":null,"BlkioDeviceWriteIOps":null,"CpuPeriod":0,"CpuQuota":0,"CpuRealtimePeriod":0,"CpuRealtimeRuntime":0,"CpusetCpus":"","CpusetMems":"","Devices":null,"DeviceCgroupRules":null,"DeviceRequests":null,"MemoryReservation":0,"MemorySwap":0,"MemorySwappiness":null,"OomKillDisable":null,"PidsLimit":null,"Ulimits":null,"CpuCount":0,"CpuPercent":0,"IOMaximumIOps":0,"IOMaximumBandwidth":0,"MaskedPaths":["/proc/asound","/proc/acpi","/proc/interrupts","/proc/kcore","/proc/keys","/proc/latency_stats","/proc/timer_list","/proc/timer_stats","/proc/sched_debug","/proc/scsi","/sys/firmware","/sys/devices/virtual/powercap"],"ReadonlyPaths":["/proc/bus","/proc/fs","/proc/irq","/proc/sys","/proc/sysrq-trigger"]},"GraphDriver":{"Data":{"ID":"6ae3b9f25929876fd5f74daad4a43eb45419a267b6beb50793691cee4cd79dcc","LowerDir":"/var/lib/docker/overlay2/133e922e48b0ae5dbd2408d7187eb8b376850309469ac515a30b6e95f40982e6-init/diff:/var/lib/docker/overlay2/889a9ee6bbb770c5b07e9b5615aa1d207f52a9bb21e7e8d417fb08cf68a45fea/diff:/var/lib/docker/overlay2/c1539bb9a3fa95a9bae4150e2ef298935d72b0aefa6fb46ee683204d93f7a7b3/diff:/var/lib/docker/overlay2/8b76406e458ad32d190a9ab382b143d78abfd8fe461cbf0ab3389142433f91ea/diff:/var/lib/docker/overlay2/9bb1fc7d57d236622fe2f2cad2712070991f5d8757e72496fa36e2ef4c22f95a/diff:/var/lib/docker/overlay2/735c8ab99eaac1ff094d8fd763f86177de579f3cb327b5cc477e704f46065201/diff:/var/lib/docker/overlay2/cd697a1a5976a7f163ec52f4b87dafc5cd84dfb6b8aeff29a2034715fae509ee/diff:/var/lib/docker/overlay2/735a6baf140e4fbd2f2505086dab68d6de9726b613021332ff30e74444aa1ce4/diff:/var/lib/docker/overlay2/9a5954c7a3976a1245d5f8abf733b45a82c190455858f8e724f95f6b0b44a86b/diff:/var/lib/docker/overlay2/ee910e3fb5245e673738c077fd6e63b7cdbf6c30d5b133fe12169f8b57dc1c1d/diff:/var/lib/docker/overlay2/310827d8e2fdea93960b904fe63ab3e9b67f35abf2b2ffa8e18e69ef9bb91e7d/diff:/var/lib/docker/overlay2/8795ea30c96fa4bf17258d726c375b7dec7bbfc19b1facc3f572545d599adeb3/diff","MergedDir":"/var/lib/docker/overlay2/133e922e48b0ae5dbd2408d7187eb8b376850309469ac515a30b6e95f40982e6/merged","UpperDir":"/var/lib/docker/overlay2/133e922e48b0ae5dbd2408d7187eb8b376850309469ac515a30b6e95f40982e6/diff","WorkDir":"/var/lib/docker/overlay2/133e922e48b0ae5dbd2408d7187eb8b376850309469ac515a30b6e95f40982e6/work"},"Name":"overlay2"},"Mounts":[{"Type":"volume","Name":"884594806af1e4ad2b3b412a722f0d6bd9eb0dc93fb1cd5cdb9b17230a084b6e","Source":"/var/lib/docker/volumes/884594806af1e4ad2b3b412a722f0d6bd9eb0dc93fb1cd5cdb9b17230a084b6e/_data","Destination":"/var/lib/postgresql/data","Driver":"local","Mode":"","RW":true,"Propagation":""}],"Config":{"Hostname":"6ae3b9f25929","Domainname":"","User":"","AttachStdin":false,"AttachStdout":false,"AttachStderr":false,"ExposedPorts":{"5432/tcp":{}},"Tty":false,"OpenStdin":false,"StdinOnce":false,"Env":["POSTGRES_USER=test","POSTGRES_PASSWORD=test","POSTGRES_DB=supavisor_test","PATH=/usr/local/sbin:/usr/local/bin:/usr/sbin:/usr/bin:/sbin:/bin","GOSU_VERSION=1.19","LANG=en_US.utf8","PG_MAJOR=16","PG_VERSION=16.13","PG_SHA256=dc2ddbbd245c0265a689408e3d2f2f3f9ba2da96bd19318214b313cdd9797287","DOCKER_PG_LLVM_DEPS=llvm19-dev \t\tclang19","PGDATA=/var/lib/postgresql/data"],"Cmd":["postgres","-c","fsync=off"],"Image":"postgres:16-alpine","Volumes":{"/var/lib/postgresql/data":{}},"WorkingDir":"/","Entrypoint":["docker-entrypoint.sh"],"OnBuild":null,"Labels":{"org.testcontainers":"true","org.testcontainers.lang":"java","org.testcontainers.sessionId":"13d5cf75-8f78-4c11-8c1f-5e79542fbea7","org.testcontainers.version":"2.0.3"},"StopSignal":"SIGINT"},"NetworkSettings":{"Bridge":"","SandboxID":"591c5cdfd07fb415c3545dbc8bd6ae8804cf34d321c779455d8c5ad6f4879c39","SandboxKey":"/var/run/docker/netns/591c5cdfd07f","Ports":{"5432/tcp":[{"HostIp":"0.0.0.0","HostPort":"62407"},{"HostIp":"::","HostPort":"62407"}]},"HairpinMode":false,"LinkLocalIPv6Address":"","LinkLocalIPv6PrefixLen":0,"SecondaryIPAddresses":null,"SecondaryIPv6Addresses":null,"EndpointID":"827d3e972e614e29ff229641a327ce50de0d7fc867d6844a1a32f9a44c5d8cae","Gateway":"172.17.0.1","GlobalIPv6Address":"","GlobalIPv6PrefixLen":0,"IPAddress":"172.17.0.4","IPPrefixLen":16,"IPv6Gateway":"","MacAddress":"12:16:48:91:52:e4","Networks":{"bridge":{"IPAMConfig":null,"Links":null,"Aliases":null,"MacAddress":"12:16:48:91:52:e4","DriverOpts":null,"GwPriority":0,"NetworkID":"1e44434101c149c518bf8e57d52b01d41ac5daf93c348e62fb2e4f0bbdfec1b8","EndpointID":"827d3e972e614e29ff229641a327ce50de0d7fc867d6844a1a32f9a44c5d8cae","Gateway":"172.17.0.1","IPAddress":"172.17.0.4","IPPrefixLen":16,"IPv6Gateway":"","GlobalIPv6Address":"","GlobalIPv6PrefixLen":0,"DNSNames":null}}}}[\n]"
00:53:14.040 [main] DEBUG com.github.dockerjava.zerodep.shaded.org.apache.hc.client5.http.wire -- http-outgoing-2 << "[\r][\n]"
00:53:14.040 [main] DEBUG com.github.dockerjava.zerodep.shaded.org.apache.hc.client5.http.wire -- http-outgoing-2 << "0[\r][\n]"
00:53:14.040 [main] DEBUG com.github.dockerjava.zerodep.shaded.org.apache.hc.client5.http.wire -- http-outgoing-2 << "[\r][\n]"
00:53:14.040 [main] DEBUG com.github.dockerjava.zerodep.shaded.org.apache.hc.client5.http.impl.classic.InternalHttpClient -- ep-0000000023 releasing valid endpoint
00:53:14.040 [main] DEBUG com.github.dockerjava.zerodep.shaded.org.apache.hc.client5.http.impl.io.PoolingHttpClientConnectionManager -- ep-0000000023 releasing endpoint
00:53:14.040 [main] DEBUG com.github.dockerjava.zerodep.shaded.org.apache.hc.client5.http.impl.io.PoolingHttpClientConnectionManager -- ep-0000000023 connection http-outgoing-2 can be kept alive for 3 MINUTES
00:53:14.040 [main] DEBUG com.github.dockerjava.zerodep.shaded.org.apache.hc.client5.http.impl.io.PoolingHttpClientConnectionManager -- ep-0000000023 connection released [route: {}->[unix://localhost:2375]][total available: 1; route allocated: 1 of 2147483647; total allocated: 1 of 2147483647]
00:53:14.040 [main] DEBUG org.testcontainers.shaded.com.github.dockerjava.core.command.AbstrDockerCmd -- Cmd: sha256:0f7a666480d0a8efb29f3c7876fc612147be6a37f071b74a3131248d3818ae3e
00:53:14.041 [main] DEBUG com.github.dockerjava.zerodep.shaded.org.apache.hc.client5.http.impl.classic.InternalHttpClient -- ex-0000000024 preparing request execution
00:53:14.041 [main] DEBUG com.github.dockerjava.zerodep.shaded.org.apache.hc.client5.http.impl.classic.ProtocolExec -- ex-0000000024 target auth state: UNCHALLENGED
00:53:14.041 [main] DEBUG com.github.dockerjava.zerodep.shaded.org.apache.hc.client5.http.impl.classic.ProtocolExec -- ex-0000000024 proxy auth state: UNCHALLENGED
00:53:14.041 [main] DEBUG com.github.dockerjava.zerodep.shaded.org.apache.hc.client5.http.impl.classic.ConnectExec -- ex-0000000024 acquiring connection with route {}->[unix://localhost:2375]
00:53:14.041 [main] DEBUG com.github.dockerjava.zerodep.shaded.org.apache.hc.client5.http.impl.classic.InternalHttpClient -- ex-0000000024 acquiring endpoint (3 MINUTES)
00:53:14.041 [main] DEBUG com.github.dockerjava.zerodep.shaded.org.apache.hc.client5.http.impl.io.PoolingHttpClientConnectionManager -- ex-0000000024 endpoint lease request (3 MINUTES) [route: {}->[unix://localhost:2375]][total available: 1; route allocated: 1 of 2147483647; total allocated: 1 of 2147483647]
00:53:14.041 [main] DEBUG com.github.dockerjava.zerodep.shaded.org.apache.hc.client5.http.impl.io.PoolingHttpClientConnectionManager -- ex-0000000024 endpoint leased [route: {}->[unix://localhost:2375]][total available: 0; route allocated: 1 of 2147483647; total allocated: 1 of 2147483647]
00:53:14.041 [main] DEBUG com.github.dockerjava.zerodep.shaded.org.apache.hc.client5.http.impl.io.PoolingHttpClientConnectionManager -- ex-0000000024 acquired ep-0000000024
00:53:14.041 [main] DEBUG com.github.dockerjava.zerodep.shaded.org.apache.hc.client5.http.impl.classic.InternalHttpClient -- ex-0000000024 acquired endpoint ep-0000000024
00:53:14.041 [main] DEBUG com.github.dockerjava.zerodep.shaded.org.apache.hc.client5.http.impl.classic.MainClientExec -- ex-0000000024 executing GET /v1.44/images/sha256:0f7a666480d0a8efb29f3c7876fc612147be6a37f071b74a3131248d3818ae3e/json
00:53:14.041 [main] DEBUG com.github.dockerjava.zerodep.shaded.org.apache.hc.client5.http.protocol.RequestAddCookies -- ex-0000000024 Cookie spec selected: strict
00:53:14.041 [main] DEBUG com.github.dockerjava.zerodep.shaded.org.apache.hc.client5.http.impl.classic.InternalHttpClient -- ep-0000000024 start execution ex-0000000024
00:53:14.041 [main] DEBUG com.github.dockerjava.zerodep.shaded.org.apache.hc.client5.http.impl.io.PoolingHttpClientConnectionManager -- ep-0000000024 executing exchange ex-0000000024 over http-outgoing-2
00:53:14.041 [main] DEBUG com.github.dockerjava.zerodep.shaded.org.apache.hc.client5.http.headers -- http-outgoing-2 >> GET /v1.44/images/sha256:0f7a666480d0a8efb29f3c7876fc612147be6a37f071b74a3131248d3818ae3e/json HTTP/1.1
00:53:14.041 [main] DEBUG com.github.dockerjava.zerodep.shaded.org.apache.hc.client5.http.headers -- http-outgoing-2 >> accept: application/json
00:53:14.041 [main] DEBUG com.github.dockerjava.zerodep.shaded.org.apache.hc.client5.http.headers -- http-outgoing-2 >> x-tc-sid: 13d5cf75-8f78-4c11-8c1f-5e79542fbea7
00:53:14.041 [main] DEBUG com.github.dockerjava.zerodep.shaded.org.apache.hc.client5.http.headers -- http-outgoing-2 >> User-Agent: tc-java/2.0.3
00:53:14.041 [main] DEBUG com.github.dockerjava.zerodep.shaded.org.apache.hc.client5.http.headers -- http-outgoing-2 >> Accept-Encoding: gzip, x-gzip, deflate
00:53:14.041 [main] DEBUG com.github.dockerjava.zerodep.shaded.org.apache.hc.client5.http.headers -- http-outgoing-2 >> Host: localhost:2375
00:53:14.041 [main] DEBUG com.github.dockerjava.zerodep.shaded.org.apache.hc.client5.http.headers -- http-outgoing-2 >> Connection: keep-alive
00:53:14.041 [main] DEBUG com.github.dockerjava.zerodep.shaded.org.apache.hc.client5.http.wire -- http-outgoing-2 >> "GET /v1.44/images/sha256:0f7a666480d0a8efb29f3c7876fc612147be6a37f071b74a3131248d3818ae3e/json HTTP/1.1[\r][\n]"
00:53:14.041 [main] DEBUG com.github.dockerjava.zerodep.shaded.org.apache.hc.client5.http.wire -- http-outgoing-2 >> "accept: application/json[\r][\n]"
00:53:14.041 [main] DEBUG com.github.dockerjava.zerodep.shaded.org.apache.hc.client5.http.wire -- http-outgoing-2 >> "x-tc-sid: 13d5cf75-8f78-4c11-8c1f-5e79542fbea7[\r][\n]"
00:53:14.041 [main] DEBUG com.github.dockerjava.zerodep.shaded.org.apache.hc.client5.http.wire -- http-outgoing-2 >> "User-Agent: tc-java/2.0.3[\r][\n]"
00:53:14.041 [main] DEBUG com.github.dockerjava.zerodep.shaded.org.apache.hc.client5.http.wire -- http-outgoing-2 >> "Accept-Encoding: gzip, x-gzip, deflate[\r][\n]"
00:53:14.041 [main] DEBUG com.github.dockerjava.zerodep.shaded.org.apache.hc.client5.http.wire -- http-outgoing-2 >> "Host: localhost:2375[\r][\n]"
00:53:14.041 [main] DEBUG com.github.dockerjava.zerodep.shaded.org.apache.hc.client5.http.wire -- http-outgoing-2 >> "Connection: keep-alive[\r][\n]"
00:53:14.041 [main] DEBUG com.github.dockerjava.zerodep.shaded.org.apache.hc.client5.http.wire -- http-outgoing-2 >> "[\r][\n]"
00:53:14.043 [main] DEBUG com.github.dockerjava.zerodep.shaded.org.apache.hc.client5.http.wire -- http-outgoing-2 << "HTTP/1.1 200 OK[\r][\n]"
00:53:14.043 [main] DEBUG com.github.dockerjava.zerodep.shaded.org.apache.hc.client5.http.wire -- http-outgoing-2 << "Api-Version: 1.51[\r][\n]"
00:53:14.043 [main] DEBUG com.github.dockerjava.zerodep.shaded.org.apache.hc.client5.http.wire -- http-outgoing-2 << "Content-Type: application/json[\r][\n]"
00:53:14.043 [main] DEBUG com.github.dockerjava.zerodep.shaded.org.apache.hc.client5.http.wire -- http-outgoing-2 << "Date: Wed, 23 Sep 2026 22:53:14 GMT[\r][\n]"
00:53:14.043 [main] DEBUG com.github.dockerjava.zerodep.shaded.org.apache.hc.client5.http.wire -- http-outgoing-2 << "Docker-Experimental: false[\r][\n]"
00:53:14.043 [main] DEBUG com.github.dockerjava.zerodep.shaded.org.apache.hc.client5.http.wire -- http-outgoing-2 << "Ostype: linux[\r][\n]"
00:53:14.043 [main] DEBUG com.github.dockerjava.zerodep.shaded.org.apache.hc.client5.http.wire -- http-outgoing-2 << "Server: Docker/28.4.0 (linux)[\r][\n]"
00:53:14.043 [main] DEBUG com.github.dockerjava.zerodep.shaded.org.apache.hc.client5.http.wire -- http-outgoing-2 << "Transfer-Encoding: chunked[\r][\n]"
00:53:14.043 [main] DEBUG com.github.dockerjava.zerodep.shaded.org.apache.hc.client5.http.wire -- http-outgoing-2 << "[\r][\n]"
00:53:14.043 [main] DEBUG com.github.dockerjava.zerodep.shaded.org.apache.hc.client5.http.headers -- http-outgoing-2 << HTTP/1.1 200 OK
00:53:14.043 [main] DEBUG com.github.dockerjava.zerodep.shaded.org.apache.hc.client5.http.headers -- http-outgoing-2 << Api-Version: 1.51
00:53:14.043 [main] DEBUG com.github.dockerjava.zerodep.shaded.org.apache.hc.client5.http.headers -- http-outgoing-2 << Content-Type: application/json
00:53:14.043 [main] DEBUG com.github.dockerjava.zerodep.shaded.org.apache.hc.client5.http.headers -- http-outgoing-2 << Date: Wed, 23 Sep 2026 22:53:14 GMT
00:53:14.043 [main] DEBUG com.github.dockerjava.zerodep.shaded.org.apache.hc.client5.http.headers -- http-outgoing-2 << Docker-Experimental: false
00:53:14.043 [main] DEBUG com.github.dockerjava.zerodep.shaded.org.apache.hc.client5.http.headers -- http-outgoing-2 << Ostype: linux
00:53:14.043 [main] DEBUG com.github.dockerjava.zerodep.shaded.org.apache.hc.client5.http.headers -- http-outgoing-2 << Server: Docker/28.4.0 (linux)
00:53:14.043 [main] DEBUG com.github.dockerjava.zerodep.shaded.org.apache.hc.client5.http.headers -- http-outgoing-2 << Transfer-Encoding: chunked
00:53:14.043 [main] DEBUG com.github.dockerjava.zerodep.shaded.org.apache.hc.client5.http.impl.classic.MainClientExec -- ex-0000000024 connection can be kept alive for 3 MINUTES
00:53:14.043 [main] DEBUG com.github.dockerjava.zerodep.shaded.org.apache.hc.client5.http.wire -- http-outgoing-2 << "e07[\r][\n]"
00:53:14.043 [main] DEBUG com.github.dockerjava.zerodep.shaded.org.apache.hc.client5.http.wire -- http-outgoing-2 << "{"Id":"sha256:0f7a666480d0a8efb29f3c7876fc612147be6a37f071b74a3131248d3818ae3e","RepoTags":["postgres:16-alpine"],"RepoDigests":["postgres@sha256:b7587f3cb74f4f4b2a4f9d67f052edbf95eb93f4fec7c5ada3792546caaf7383"],"Parent":"","Comment":"buildkit.dockerfile.v0","Created":"2026-02-26T19:27:51.369155461Z","ContainerConfig":{"Hostname":"","Domainname":"","User":"","AttachStdin":false,"AttachStdout":false,"AttachStderr":false,"Tty":false,"OpenStdin":false,"StdinOnce":false,"Env":null,"Cmd":null,"Image":"","Volumes":null,"WorkingDir":"","Entrypoint":null,"OnBuild":null,"Labels":null},"DockerVersion":"","Author":"","Architecture":"arm64","Variant":"v8","Os":"linux","Size":271565094,"GraphDriver":{"Data":{"LowerDir":"/var/lib/docker/overlay2/c1539bb9a3fa95a9bae4150e2ef298935d72b0aefa6fb46ee683204d93f7a7b3/diff:/var/lib/docker/overlay2/8b76406e458ad32d190a9ab382b143d78abfd8fe461cbf0ab3389142433f91ea/diff:/var/lib/docker/overlay2/9bb1fc7d57d236622fe2f2cad2712070991f5d8757e72496fa36e2ef4c22f95a/diff:/var/lib/docker/overlay2/735c8ab99eaac1ff094d8fd763f86177de579f3cb327b5cc477e704f46065201/diff:/var/lib/docker/overlay2/cd697a1a5976a7f163ec52f4b87dafc5cd84dfb6b8aeff29a2034715fae509ee/diff:/var/lib/docker/overlay2/735a6baf140e4fbd2f2505086dab68d6de9726b613021332ff30e74444aa1ce4/diff:/var/lib/docker/overlay2/9a5954c7a3976a1245d5f8abf733b45a82c190455858f8e724f95f6b0b44a86b/diff:/var/lib/docker/overlay2/ee910e3fb5245e673738c077fd6e63b7cdbf6c30d5b133fe12169f8b57dc1c1d/diff:/var/lib/docker/overlay2/310827d8e2fdea93960b904fe63ab3e9b67f35abf2b2ffa8e18e69ef9bb91e7d/diff:/var/lib/docker/overlay2/8795ea30c96fa4bf17258d726c375b7dec7bbfc19b1facc3f572545d599adeb3/diff","MergedDir":"/var/lib/docker/overlay2/889a9ee6bbb770c5b07e9b5615aa1d207f52a9bb21e7e8d417fb08cf68a45fea/merged","UpperDir":"/var/lib/docker/overlay2/889a9ee6bbb770c5b07e9b5615aa1d207f52a9bb21e7e8d417fb08cf68a45fea/diff","WorkDir":"/var/lib/docker/overlay2/889a9ee6bbb770c5b07e9b5615aa1d207f52a9bb21e7e8d417fb08cf68a45fea/work"},"Name":"overlay2"},"RootFS":{"Type":"layers","Layers":["sha256:45f3ea5848e8a25ca27718b640a21ffd8c8745d342a24e1d4ddfc8c449b0a724","sha256:ada43adf1fc2d3b4b649676518bc0c43916064b2b35d8a0173546e51590ef8e8","sha256:5be1763d95b66c38507416ead63f328a69cca9d96b18e2826eeea79aecc24bca","sha256:7559f1217c49652bbda6e96a90ea03e95aad8eec59364a6794e9dde424bc40cb","sha256:ad033b99ab88621649fd2bdb13d89b2e67ca9a43ebd2a4eca88f2b78574043a4","sha256:b9fe4ea46b82e317b850085cb6596a1cdf6751c60067e9c4c464ec916c41e32e","sha256:ff874477ce2f81f0f6b234082d8df56a96cf0ed68547d401595e0f761c36c095","sha256:00929c2a4904581bd47d3582eb8df7d1bef48320b0b904271dac5ffc7603cd1e","sha256:83bb1982d2e7a0d6620fe70c0836af7651aa57df8b08647fa638266c5abc9764","sha256:6aa7d3a867c00d5b145934c0f0b74558cc4919c22db891de0a1cd7a37f2e0b89","sha256:882887cbe44db83538030213a7b0b12ce7316b2c226c26ae8d0b9650d931ca6c"]},"Metadata":{"LastTagTime":"0001-01-01T00:00:00Z"},"Config":{"AttachStderr":false,"AttachStdin":false,"AttachStdout":false,"Cmd":["postgres"],"Domainname":"","Entrypoint":["docker-entrypoint.sh"],"Env":["PATH=/usr/local/sbin:/usr/local/bin:/usr/sbin:/usr/bin:/sbin:/bin","GOSU_VERSION=1.19","LANG=en_US.utf8","PG_MAJOR=16","PG_VERSION=16.13","PG_SHA256=dc2ddbbd245c0265a689408e3d2f2f3f9ba2da96bd19318214b313cdd9797287","DOCKER_PG_LLVM_DEPS=llvm19-dev \t\tclang19","PGDATA=/var/lib/postgresql/data"],"ExposedPorts":{"5432/tcp":{}},"Hostname":"","Image":"","Labels":null,"OnBuild":null,"OpenStdin":false,"StdinOnce":false,"StopSignal":"SIGINT","Tty":false,"User":"","Volumes":{"/var/lib/postgresql/data":{}},"WorkingDir":"/"}}[\n]"
00:53:14.043 [main] DEBUG com.github.dockerjava.zerodep.shaded.org.apache.hc.client5.http.wire -- http-outgoing-2 << "[\r][\n]"
00:53:14.043 [main] DEBUG com.github.dockerjava.zerodep.shaded.org.apache.hc.client5.http.wire -- http-outgoing-2 << "0[\r][\n]"
00:53:14.043 [main] DEBUG com.github.dockerjava.zerodep.shaded.org.apache.hc.client5.http.wire -- http-outgoing-2 << "[\r][\n]"
00:53:14.044 [main] DEBUG com.github.dockerjava.zerodep.shaded.org.apache.hc.client5.http.impl.classic.InternalHttpClient -- ep-0000000024 releasing valid endpoint
00:53:14.044 [main] DEBUG com.github.dockerjava.zerodep.shaded.org.apache.hc.client5.http.impl.io.PoolingHttpClientConnectionManager -- ep-0000000024 releasing endpoint
00:53:14.044 [main] DEBUG com.github.dockerjava.zerodep.shaded.org.apache.hc.client5.http.impl.io.PoolingHttpClientConnectionManager -- ep-0000000024 connection http-outgoing-2 can be kept alive for 3 MINUTES
00:53:14.044 [main] DEBUG com.github.dockerjava.zerodep.shaded.org.apache.hc.client5.http.impl.io.PoolingHttpClientConnectionManager -- ep-0000000024 connection released [route: {}->[unix://localhost:2375]][total available: 1; route allocated: 1 of 2147483647; total allocated: 1 of 2147483647]
00:53:14.044 [main] DEBUG org.testcontainers.shaded.com.github.dockerjava.core.command.AbstrDockerCmd -- Cmd: 
00:53:14.044 [main] DEBUG com.github.dockerjava.zerodep.shaded.org.apache.hc.client5.http.impl.classic.InternalHttpClient -- ex-0000000025 preparing request execution
00:53:14.044 [main] DEBUG com.github.dockerjava.zerodep.shaded.org.apache.hc.client5.http.impl.classic.ProtocolExec -- ex-0000000025 target auth state: UNCHALLENGED
00:53:14.044 [main] DEBUG com.github.dockerjava.zerodep.shaded.org.apache.hc.client5.http.impl.classic.ProtocolExec -- ex-0000000025 proxy auth state: UNCHALLENGED
00:53:14.044 [main] DEBUG com.github.dockerjava.zerodep.shaded.org.apache.hc.client5.http.impl.classic.ConnectExec -- ex-0000000025 acquiring connection with route {}->[unix://localhost:2375]
00:53:14.044 [main] DEBUG com.github.dockerjava.zerodep.shaded.org.apache.hc.client5.http.impl.classic.InternalHttpClient -- ex-0000000025 acquiring endpoint (3 MINUTES)
00:53:14.044 [main] DEBUG com.github.dockerjava.zerodep.shaded.org.apache.hc.client5.http.impl.io.PoolingHttpClientConnectionManager -- ex-0000000025 endpoint lease request (3 MINUTES) [route: {}->[unix://localhost:2375]][total available: 1; route allocated: 1 of 2147483647; total allocated: 1 of 2147483647]
00:53:14.044 [main] DEBUG com.github.dockerjava.zerodep.shaded.org.apache.hc.client5.http.impl.io.PoolingHttpClientConnectionManager -- ex-0000000025 endpoint leased [route: {}->[unix://localhost:2375]][total available: 0; route allocated: 1 of 2147483647; total allocated: 1 of 2147483647]
00:53:14.044 [main] DEBUG com.github.dockerjava.zerodep.shaded.org.apache.hc.client5.http.impl.io.PoolingHttpClientConnectionManager -- ex-0000000025 acquired ep-0000000025
00:53:14.044 [main] DEBUG com.github.dockerjava.zerodep.shaded.org.apache.hc.client5.http.impl.classic.InternalHttpClient -- ex-0000000025 acquired endpoint ep-0000000025
00:53:14.044 [main] DEBUG com.github.dockerjava.zerodep.shaded.org.apache.hc.client5.http.impl.classic.MainClientExec -- ex-0000000025 executing GET /v1.44/version
00:53:14.044 [main] DEBUG com.github.dockerjava.zerodep.shaded.org.apache.hc.client5.http.protocol.RequestAddCookies -- ex-0000000025 Cookie spec selected: strict
00:53:14.044 [main] DEBUG com.github.dockerjava.zerodep.shaded.org.apache.hc.client5.http.impl.classic.InternalHttpClient -- ep-0000000025 start execution ex-0000000025
00:53:14.044 [main] DEBUG com.github.dockerjava.zerodep.shaded.org.apache.hc.client5.http.impl.io.PoolingHttpClientConnectionManager -- ep-0000000025 executing exchange ex-0000000025 over http-outgoing-2
00:53:14.044 [main] DEBUG com.github.dockerjava.zerodep.shaded.org.apache.hc.client5.http.headers -- http-outgoing-2 >> GET /v1.44/version HTTP/1.1
00:53:14.044 [main] DEBUG com.github.dockerjava.zerodep.shaded.org.apache.hc.client5.http.headers -- http-outgoing-2 >> accept: application/json
00:53:14.044 [main] DEBUG com.github.dockerjava.zerodep.shaded.org.apache.hc.client5.http.headers -- http-outgoing-2 >> x-tc-sid: 13d5cf75-8f78-4c11-8c1f-5e79542fbea7
00:53:14.044 [main] DEBUG com.github.dockerjava.zerodep.shaded.org.apache.hc.client5.http.headers -- http-outgoing-2 >> User-Agent: tc-java/2.0.3
00:53:14.044 [main] DEBUG com.github.dockerjava.zerodep.shaded.org.apache.hc.client5.http.headers -- http-outgoing-2 >> Accept-Encoding: gzip, x-gzip, deflate
00:53:14.044 [main] DEBUG com.github.dockerjava.zerodep.shaded.org.apache.hc.client5.http.headers -- http-outgoing-2 >> Host: localhost:2375
00:53:14.044 [main] DEBUG com.github.dockerjava.zerodep.shaded.org.apache.hc.client5.http.headers -- http-outgoing-2 >> Connection: keep-alive
00:53:14.044 [main] DEBUG com.github.dockerjava.zerodep.shaded.org.apache.hc.client5.http.wire -- http-outgoing-2 >> "GET /v1.44/version HTTP/1.1[\r][\n]"
00:53:14.044 [main] DEBUG com.github.dockerjava.zerodep.shaded.org.apache.hc.client5.http.wire -- http-outgoing-2 >> "accept: application/json[\r][\n]"
00:53:14.044 [main] DEBUG com.github.dockerjava.zerodep.shaded.org.apache.hc.client5.http.wire -- http-outgoing-2 >> "x-tc-sid: 13d5cf75-8f78-4c11-8c1f-5e79542fbea7[\r][\n]"
00:53:14.044 [main] DEBUG com.github.dockerjava.zerodep.shaded.org.apache.hc.client5.http.wire -- http-outgoing-2 >> "User-Agent: tc-java/2.0.3[\r][\n]"
00:53:14.044 [main] DEBUG com.github.dockerjava.zerodep.shaded.org.apache.hc.client5.http.wire -- http-outgoing-2 >> "Accept-Encoding: gzip, x-gzip, deflate[\r][\n]"
00:53:14.044 [main] DEBUG com.github.dockerjava.zerodep.shaded.org.apache.hc.client5.http.wire -- http-outgoing-2 >> "Host: localhost:2375[\r][\n]"
00:53:14.044 [main] DEBUG com.github.dockerjava.zerodep.shaded.org.apache.hc.client5.http.wire -- http-outgoing-2 >> "Connection: keep-alive[\r][\n]"
00:53:14.044 [main] DEBUG com.github.dockerjava.zerodep.shaded.org.apache.hc.client5.http.wire -- http-outgoing-2 >> "[\r][\n]"
00:53:14.047 [main] DEBUG com.github.dockerjava.zerodep.shaded.org.apache.hc.client5.http.wire -- http-outgoing-2 << "HTTP/1.1 200 OK[\r][\n]"
00:53:14.047 [main] DEBUG com.github.dockerjava.zerodep.shaded.org.apache.hc.client5.http.wire -- http-outgoing-2 << "Api-Version: 1.51[\r][\n]"
00:53:14.047 [main] DEBUG com.github.dockerjava.zerodep.shaded.org.apache.hc.client5.http.wire -- http-outgoing-2 << "Content-Type: application/json[\r][\n]"
00:53:14.047 [main] DEBUG com.github.dockerjava.zerodep.shaded.org.apache.hc.client5.http.wire -- http-outgoing-2 << "Date: Wed, 23 Sep 2026 22:53:14 GMT[\r][\n]"
00:53:14.047 [main] DEBUG com.github.dockerjava.zerodep.shaded.org.apache.hc.client5.http.wire -- http-outgoing-2 << "Docker-Experimental: false[\r][\n]"
00:53:14.047 [main] DEBUG com.github.dockerjava.zerodep.shaded.org.apache.hc.client5.http.wire -- http-outgoing-2 << "Ostype: linux[\r][\n]"
00:53:14.047 [main] DEBUG com.github.dockerjava.zerodep.shaded.org.apache.hc.client5.http.wire -- http-outgoing-2 << "Server: Docker/28.4.0 (linux)[\r][\n]"
00:53:14.047 [main] DEBUG com.github.dockerjava.zerodep.shaded.org.apache.hc.client5.http.wire -- http-outgoing-2 << "Transfer-Encoding: chunked[\r][\n]"
00:53:14.047 [main] DEBUG com.github.dockerjava.zerodep.shaded.org.apache.hc.client5.http.wire -- http-outgoing-2 << "[\r][\n]"
00:53:14.048 [main] DEBUG com.github.dockerjava.zerodep.shaded.org.apache.hc.client5.http.headers -- http-outgoing-2 << HTTP/1.1 200 OK
00:53:14.048 [main] DEBUG com.github.dockerjava.zerodep.shaded.org.apache.hc.client5.http.headers -- http-outgoing-2 << Api-Version: 1.51
00:53:14.048 [main] DEBUG com.github.dockerjava.zerodep.shaded.org.apache.hc.client5.http.headers -- http-outgoing-2 << Content-Type: application/json
00:53:14.048 [main] DEBUG com.github.dockerjava.zerodep.shaded.org.apache.hc.client5.http.headers -- http-outgoing-2 << Date: Wed, 23 Sep 2026 22:53:14 GMT
00:53:14.048 [main] DEBUG com.github.dockerjava.zerodep.shaded.org.apache.hc.client5.http.headers -- http-outgoing-2 << Docker-Experimental: false
00:53:14.048 [main] DEBUG com.github.dockerjava.zerodep.shaded.org.apache.hc.client5.http.headers -- http-outgoing-2 << Ostype: linux
00:53:14.048 [main] DEBUG com.github.dockerjava.zerodep.shaded.org.apache.hc.client5.http.headers -- http-outgoing-2 << Server: Docker/28.4.0 (linux)
00:53:14.048 [main] DEBUG com.github.dockerjava.zerodep.shaded.org.apache.hc.client5.http.headers -- http-outgoing-2 << Transfer-Encoding: chunked
00:53:14.048 [main] DEBUG com.github.dockerjava.zerodep.shaded.org.apache.hc.client5.http.impl.classic.MainClientExec -- ex-0000000025 connection can be kept alive for 3 MINUTES
00:53:14.048 [main] DEBUG com.github.dockerjava.zerodep.shaded.org.apache.hc.client5.http.wire -- http-outgoing-2 << "339[\r][\n]"
00:53:14.048 [main] DEBUG com.github.dockerjava.zerodep.shaded.org.apache.hc.client5.http.wire -- http-outgoing-2 << "{"Platform":{"Name":"Docker Desktop 4.46.0 (204649)"},"Components":[{"Name":"Engine","Version":"28.4.0","Details":{"ApiVersion":"1.51","Arch":"arm64","BuildTime":"2025-09-03T20:58:53.000000000+00:00","Experimental":"false","GitCommit":"249d679","GoVersion":"go1.24.7","KernelVersion":"6.10.14-linuxkit","MinAPIVersion":"1.24","Os":"linux"}},{"Name":"containerd","Version":"1.7.27","Details":{"GitCommit":"05044ec0a9a75232cad458027ca83437aae3f4da"}},{"Name":"runc","Version":"1.2.5","Details":{"GitCommit":"v1.2.5-0-g59923ef"}},{"Name":"docker-init","Version":"0.19.0","Details":{"GitCommit":"de40ad0"}}],"Version":"28.4.0","ApiVersion":"1.51","MinAPIVersion":"1.24","GitCommit":"249d679","GoVersion":"go1.24.7","Os":"linux","Arch":"arm64","KernelVersion":"6.10.14-linuxkit","BuildTime":"2025-09-03T20:58:53.000000000+00:00"}[\n]"
00:53:14.048 [main] DEBUG com.github.dockerjava.zerodep.shaded.org.apache.hc.client5.http.wire -- http-outgoing-2 << "[\r][\n]"
00:53:14.048 [main] DEBUG com.github.dockerjava.zerodep.shaded.org.apache.hc.client5.http.wire -- http-outgoing-2 << "0[\r][\n]"
00:53:14.048 [main] DEBUG com.github.dockerjava.zerodep.shaded.org.apache.hc.client5.http.wire -- http-outgoing-2 << "[\r][\n]"
00:53:14.048 [main] DEBUG com.github.dockerjava.zerodep.shaded.org.apache.hc.client5.http.impl.classic.InternalHttpClient -- ep-0000000025 releasing valid endpoint
00:53:14.048 [main] DEBUG com.github.dockerjava.zerodep.shaded.org.apache.hc.client5.http.impl.io.PoolingHttpClientConnectionManager -- ep-0000000025 releasing endpoint
00:53:14.048 [main] DEBUG com.github.dockerjava.zerodep.shaded.org.apache.hc.client5.http.impl.io.PoolingHttpClientConnectionManager -- ep-0000000025 connection http-outgoing-2 can be kept alive for 3 MINUTES
00:53:14.048 [main] DEBUG com.github.dockerjava.zerodep.shaded.org.apache.hc.client5.http.impl.io.PoolingHttpClientConnectionManager -- ep-0000000025 connection released [route: {}->[unix://localhost:2375]][total available: 1; route allocated: 1 of 2147483647; total allocated: 1 of 2147483647]
00:53:14.048 [docker-java-stream-1139170897] DEBUG com.github.dockerjava.zerodep.shaded.org.apache.hc.client5.http.impl.classic.InternalHttpClient -- ex-0000000026 preparing request execution
00:53:14.048 [docker-java-stream-1139170897] DEBUG com.github.dockerjava.zerodep.shaded.org.apache.hc.client5.http.impl.classic.ProtocolExec -- ex-0000000026 target auth state: UNCHALLENGED
00:53:14.048 [docker-java-stream-1139170897] DEBUG com.github.dockerjava.zerodep.shaded.org.apache.hc.client5.http.impl.classic.ProtocolExec -- ex-0000000026 proxy auth state: UNCHALLENGED
00:53:14.048 [docker-java-stream-1139170897] DEBUG com.github.dockerjava.zerodep.shaded.org.apache.hc.client5.http.impl.classic.ConnectExec -- ex-0000000026 acquiring connection with route {}->[unix://localhost:2375]
00:53:14.048 [docker-java-stream-1139170897] DEBUG com.github.dockerjava.zerodep.shaded.org.apache.hc.client5.http.impl.classic.InternalHttpClient -- ex-0000000026 acquiring endpoint (3 MINUTES)
00:53:14.049 [docker-java-stream-1139170897] DEBUG com.github.dockerjava.zerodep.shaded.org.apache.hc.client5.http.impl.io.PoolingHttpClientConnectionManager -- ex-0000000026 endpoint lease request (3 MINUTES) [route: {}->[unix://localhost:2375]][total available: 1; route allocated: 1 of 2147483647; total allocated: 1 of 2147483647]
00:53:14.049 [docker-java-stream-1139170897] DEBUG com.github.dockerjava.zerodep.shaded.org.apache.hc.client5.http.impl.io.PoolingHttpClientConnectionManager -- ex-0000000026 endpoint leased [route: {}->[unix://localhost:2375]][total available: 0; route allocated: 1 of 2147483647; total allocated: 1 of 2147483647]
00:53:14.049 [docker-java-stream-1139170897] DEBUG com.github.dockerjava.zerodep.shaded.org.apache.hc.client5.http.impl.io.PoolingHttpClientConnectionManager -- ex-0000000026 acquired ep-0000000026
00:53:14.049 [docker-java-stream-1139170897] DEBUG com.github.dockerjava.zerodep.shaded.org.apache.hc.client5.http.impl.classic.InternalHttpClient -- ex-0000000026 acquired endpoint ep-0000000026
00:53:14.049 [docker-java-stream-1139170897] DEBUG com.github.dockerjava.zerodep.shaded.org.apache.hc.client5.http.impl.classic.MainClientExec -- ex-0000000026 executing GET /v1.44/containers/6ae3b9f25929876fd5f74daad4a43eb45419a267b6beb50793691cee4cd79dcc/logs?stdout=true&stderr=true&follow=true&since=0
00:53:14.049 [docker-java-stream-1139170897] DEBUG com.github.dockerjava.zerodep.shaded.org.apache.hc.client5.http.protocol.RequestAddCookies -- ex-0000000026 Cookie spec selected: strict
00:53:14.049 [docker-java-stream-1139170897] DEBUG com.github.dockerjava.zerodep.shaded.org.apache.hc.client5.http.impl.classic.InternalHttpClient -- ep-0000000026 start execution ex-0000000026
00:53:14.049 [docker-java-stream-1139170897] DEBUG com.github.dockerjava.zerodep.shaded.org.apache.hc.client5.http.impl.io.PoolingHttpClientConnectionManager -- ep-0000000026 executing exchange ex-0000000026 over http-outgoing-2
00:53:14.049 [docker-java-stream-1139170897] DEBUG com.github.dockerjava.zerodep.shaded.org.apache.hc.client5.http.headers -- http-outgoing-2 >> GET /v1.44/containers/6ae3b9f25929876fd5f74daad4a43eb45419a267b6beb50793691cee4cd79dcc/logs?stdout=true&stderr=true&follow=true&since=0 HTTP/1.1
00:53:14.049 [docker-java-stream-1139170897] DEBUG com.github.dockerjava.zerodep.shaded.org.apache.hc.client5.http.headers -- http-outgoing-2 >> x-tc-sid: 13d5cf75-8f78-4c11-8c1f-5e79542fbea7
00:53:14.049 [docker-java-stream-1139170897] DEBUG com.github.dockerjava.zerodep.shaded.org.apache.hc.client5.http.headers -- http-outgoing-2 >> User-Agent: tc-java/2.0.3
00:53:14.049 [docker-java-stream-1139170897] DEBUG com.github.dockerjava.zerodep.shaded.org.apache.hc.client5.http.headers -- http-outgoing-2 >> Accept-Encoding: gzip, x-gzip, deflate
00:53:14.049 [docker-java-stream-1139170897] DEBUG com.github.dockerjava.zerodep.shaded.org.apache.hc.client5.http.headers -- http-outgoing-2 >> Host: localhost:2375
00:53:14.049 [docker-java-stream-1139170897] DEBUG com.github.dockerjava.zerodep.shaded.org.apache.hc.client5.http.headers -- http-outgoing-2 >> Connection: keep-alive
00:53:14.049 [docker-java-stream-1139170897] DEBUG com.github.dockerjava.zerodep.shaded.org.apache.hc.client5.http.wire -- http-outgoing-2 >> "GET /v1.44/containers/6ae3b9f25929876fd5f74daad4a43eb45419a267b6beb50793691cee4cd79dcc/logs?stdout=true&stderr=true&follow=true&since=0 HTTP/1.1[\r][\n]"
00:53:14.049 [docker-java-stream-1139170897] DEBUG com.github.dockerjava.zerodep.shaded.org.apache.hc.client5.http.wire -- http-outgoing-2 >> "x-tc-sid: 13d5cf75-8f78-4c11-8c1f-5e79542fbea7[\r][\n]"
00:53:14.049 [docker-java-stream-1139170897] DEBUG com.github.dockerjava.zerodep.shaded.org.apache.hc.client5.http.wire -- http-outgoing-2 >> "User-Agent: tc-java/2.0.3[\r][\n]"
00:53:14.049 [docker-java-stream-1139170897] DEBUG com.github.dockerjava.zerodep.shaded.org.apache.hc.client5.http.wire -- http-outgoing-2 >> "Accept-Encoding: gzip, x-gzip, deflate[\r][\n]"
00:53:14.049 [docker-java-stream-1139170897] DEBUG com.github.dockerjava.zerodep.shaded.org.apache.hc.client5.http.wire -- http-outgoing-2 >> "Host: localhost:2375[\r][\n]"
00:53:14.049 [docker-java-stream-1139170897] DEBUG com.github.dockerjava.zerodep.shaded.org.apache.hc.client5.http.wire -- http-outgoing-2 >> "Connection: keep-alive[\r][\n]"
00:53:14.049 [docker-java-stream-1139170897] DEBUG com.github.dockerjava.zerodep.shaded.org.apache.hc.client5.http.wire -- http-outgoing-2 >> "[\r][\n]"
00:53:14.050 [docker-java-stream-1139170897] DEBUG com.github.dockerjava.zerodep.shaded.org.apache.hc.client5.http.wire -- http-outgoing-2 << "HTTP/1.1 200 OK[\r][\n]"
00:53:14.050 [docker-java-stream-1139170897] DEBUG com.github.dockerjava.zerodep.shaded.org.apache.hc.client5.http.wire -- http-outgoing-2 << "Api-Version: 1.51[\r][\n]"
00:53:14.050 [docker-java-stream-1139170897] DEBUG com.github.dockerjava.zerodep.shaded.org.apache.hc.client5.http.wire -- http-outgoing-2 << "Content-Type: application/vnd.docker.multiplexed-stream[\r][\n]"
00:53:14.050 [docker-java-stream-1139170897] DEBUG com.github.dockerjava.zerodep.shaded.org.apache.hc.client5.http.wire -- http-outgoing-2 << "Date: Wed, 23 Sep 2026 22:53:14 GMT[\r][\n]"
00:53:14.050 [docker-java-stream-1139170897] DEBUG com.github.dockerjava.zerodep.shaded.org.apache.hc.client5.http.wire -- http-outgoing-2 << "Docker-Experimental: false[\r][\n]"
00:53:14.050 [docker-java-stream-1139170897] DEBUG com.github.dockerjava.zerodep.shaded.org.apache.hc.client5.http.wire -- http-outgoing-2 << "Ostype: linux[\r][\n]"
00:53:14.050 [docker-java-stream-1139170897] DEBUG com.github.dockerjava.zerodep.shaded.org.apache.hc.client5.http.wire -- http-outgoing-2 << "Server: Docker/28.4.0 (linux)[\r][\n]"
00:53:14.050 [docker-java-stream-1139170897] DEBUG com.github.dockerjava.zerodep.shaded.org.apache.hc.client5.http.wire -- http-outgoing-2 << "Transfer-Encoding: chunked[\r][\n]"
00:53:14.050 [docker-java-stream-1139170897] DEBUG com.github.dockerjava.zerodep.shaded.org.apache.hc.client5.http.wire -- http-outgoing-2 << "[\r][\n]"
00:53:14.050 [docker-java-stream-1139170897] DEBUG com.github.dockerjava.zerodep.shaded.org.apache.hc.client5.http.headers -- http-outgoing-2 << HTTP/1.1 200 OK
00:53:14.050 [docker-java-stream-1139170897] DEBUG com.github.dockerjava.zerodep.shaded.org.apache.hc.client5.http.headers -- http-outgoing-2 << Api-Version: 1.51
00:53:14.050 [docker-java-stream-1139170897] DEBUG com.github.dockerjava.zerodep.shaded.org.apache.hc.client5.http.headers -- http-outgoing-2 << Content-Type: application/vnd.docker.multiplexed-stream
00:53:14.050 [docker-java-stream-1139170897] DEBUG com.github.dockerjava.zerodep.shaded.org.apache.hc.client5.http.headers -- http-outgoing-2 << Date: Wed, 23 Sep 2026 22:53:14 GMT
00:53:14.050 [docker-java-stream-1139170897] DEBUG com.github.dockerjava.zerodep.shaded.org.apache.hc.client5.http.headers -- http-outgoing-2 << Docker-Experimental: false
00:53:14.050 [docker-java-stream-1139170897] DEBUG com.github.dockerjava.zerodep.shaded.org.apache.hc.client5.http.headers -- http-outgoing-2 << Ostype: linux
00:53:14.050 [docker-java-stream-1139170897] DEBUG com.github.dockerjava.zerodep.shaded.org.apache.hc.client5.http.headers -- http-outgoing-2 << Server: Docker/28.4.0 (linux)
00:53:14.050 [docker-java-stream-1139170897] DEBUG com.github.dockerjava.zerodep.shaded.org.apache.hc.client5.http.headers -- http-outgoing-2 << Transfer-Encoding: chunked
00:53:14.050 [docker-java-stream-1139170897] DEBUG com.github.dockerjava.zerodep.shaded.org.apache.hc.client5.http.impl.classic.MainClientExec -- ex-0000000026 connection can be kept alive for 3 MINUTES
00:53:14.055 [docker-java-stream-1139170897] DEBUG com.github.dockerjava.zerodep.shaded.org.apache.hc.client5.http.wire -- http-outgoing-2 << "1fd[\r][\n]"
00:53:14.055 [docker-java-stream-1139170897] DEBUG com.github.dockerjava.zerodep.shaded.org.apache.hc.client5.http.wire -- http-outgoing-2 << "[0x1][0x0][0x0][0x0][0x0][0x0][0x0]NThe files belonging to this database system will be owned by user "postgres".[\n]"
00:53:14.055 [docker-java-stream-1139170897] DEBUG com.github.dockerjava.zerodep.shaded.org.apache.hc.client5.http.wire -- http-outgoing-2 << "[0x1][0x0][0x0][0x0][0x0][0x0][0x0],This user must also own the server process.[\n]"
00:53:14.055 [docker-java-stream-1139170897] DEBUG com.github.dockerjava.zerodep.shaded.org.apache.hc.client5.http.wire -- http-outgoing-2 << "[0x1][0x0][0x0][0x0][0x0][0x0][0x0][0x1][\n]"
00:53:14.055 [docker-java-stream-1139170897] DEBUG com.github.dockerjava.zerodep.shaded.org.apache.hc.client5.http.wire -- http-outgoing-2 << "[0x1][0x0][0x0][0x0][0x0][0x0][0x0]CThe database cluster will be initialized with locale "en_US.utf8".[\n]"
00:53:14.055 [docker-java-stream-1139170897] DEBUG com.github.dockerjava.zerodep.shaded.org.apache.hc.client5.http.wire -- http-outgoing-2 << "[0x1][0x0][0x0][0x0][0x0][0x0][0x0]BThe default database encoding has accordingly been set to "UTF8".[\n]"
00:53:14.055 [docker-java-stream-1139170897] DEBUG com.github.dockerjava.zerodep.shaded.org.apache.hc.client5.http.wire -- http-outgoing-2 << "[0x1][0x0][0x0][0x0][0x0][0x0][0x0]@The default text search configuration will be set to "english".[\n]"
00:53:14.055 [docker-java-stream-1139170897] DEBUG com.github.dockerjava.zerodep.shaded.org.apache.hc.client5.http.wire -- http-outgoing-2 << "[0x1][0x0][0x0][0x0][0x0][0x0][0x0][0x1][\n]"
00:53:14.055 [docker-java-stream-1139170897] DEBUG com.github.dockerjava.zerodep.shaded.org.apache.hc.client5.http.wire -- http-outgoing-2 << "[0x1][0x0][0x0][0x0][0x0][0x0][0x0]"Data page checksums are disabled.[\n]"
00:53:14.055 [docker-java-stream-1139170897] DEBUG com.github.dockerjava.zerodep.shaded.org.apache.hc.client5.http.wire -- http-outgoing-2 << "[0x1][0x0][0x0][0x0][0x0][0x0][0x0][0x1][\n]"
00:53:14.055 [docker-java-stream-1139170897] DEBUG com.github.dockerjava.zerodep.shaded.org.apache.hc.client5.http.wire -- http-outgoing-2 << "[0x1][0x0][0x0][0x0][0x0][0x0][0x0]Ifixing permissions on existing directory /var/lib/postgresql/data ... ok[\n]"
00:53:14.055 [docker-java-stream-1139170897] DEBUG com.github.dockerjava.zerodep.shaded.org.apache.hc.client5.http.wire -- http-outgoing-2 << "[\r][\n]"
00:53:14.055 [main] DEBUG org.testcontainers.containers.output.WaitingConsumer -- STDOUT: This user must also own the server process.
00:53:14.055 [main] DEBUG org.testcontainers.containers.output.WaitingConsumer -- STDOUT: fixing permissions on existing directory /var/lib/postgresql/data ... ok
00:53:14.055 [main] DEBUG org.testcontainers.containers.output.WaitingConsumer -- STDOUT: 
00:53:14.055 [main] DEBUG org.testcontainers.containers.output.WaitingConsumer -- STDOUT: Data page checksums are disabled.
00:53:14.055 [main] DEBUG org.testcontainers.containers.output.WaitingConsumer -- STDOUT: 
00:53:14.055 [main] DEBUG org.testcontainers.containers.output.WaitingConsumer -- STDOUT: The default text search configuration will be set to "english".
00:53:14.055 [main] DEBUG org.testcontainers.containers.output.WaitingConsumer -- STDOUT: The default database encoding has accordingly been set to "UTF8".
00:53:14.055 [main] DEBUG org.testcontainers.containers.output.WaitingConsumer -- STDOUT: The database cluster will be initialized with locale "en_US.utf8".
00:53:14.055 [main] DEBUG org.testcontainers.containers.output.WaitingConsumer -- STDOUT: 
00:53:14.055 [main] DEBUG org.testcontainers.containers.output.WaitingConsumer -- STDOUT: The files belonging to this database system will be owned by user "postgres".
00:53:14.055 [docker-java-stream-1139170897] DEBUG com.github.dockerjava.zerodep.shaded.org.apache.hc.client5.http.wire -- http-outgoing-2 << "68[\r][\n]"
00:53:14.055 [docker-java-stream-1139170897] DEBUG com.github.dockerjava.zerodep.shaded.org.apache.hc.client5.http.wire -- http-outgoing-2 << "[0x1][0x0][0x0][0x0][0x0][0x0][0x0][0x1f]creating subdirectories ... ok[\n]"
00:53:14.055 [docker-java-stream-1139170897] DEBUG com.github.dockerjava.zerodep.shaded.org.apache.hc.client5.http.wire -- http-outgoing-2 << "[0x1][0x0][0x0][0x0][0x0][0x0][0x0]9selecting dynamic shared memory implementation ... posix[\n]"
00:53:14.055 [docker-java-stream-1139170897] DEBUG com.github.dockerjava.zerodep.shaded.org.apache.hc.client5.http.wire -- http-outgoing-2 << "[\r][\n]"
00:53:14.062 [docker-java-stream-1139170897] DEBUG com.github.dockerjava.zerodep.shaded.org.apache.hc.client5.http.wire -- http-outgoing-2 << "32[\r][\n]"
00:53:14.062 [docker-java-stream-1139170897] DEBUG com.github.dockerjava.zerodep.shaded.org.apache.hc.client5.http.wire -- http-outgoing-2 << "[0x1][0x0][0x0][0x0][0x0][0x0][0x0]*selecting default max_connections ... 100[\n]"
00:53:14.062 [docker-java-stream-1139170897] DEBUG com.github.dockerjava.zerodep.shaded.org.apache.hc.client5.http.wire -- http-outgoing-2 << "[\r][\n]"
00:53:14.066 [main] DEBUG org.testcontainers.containers.output.WaitingConsumer -- STDOUT: selecting default max_connections ... 100
00:53:14.066 [main] DEBUG org.testcontainers.containers.output.WaitingConsumer -- STDOUT: selecting dynamic shared memory implementation ... posix
00:53:14.066 [main] DEBUG org.testcontainers.containers.output.WaitingConsumer -- STDOUT: creating subdirectories ... ok
00:53:14.068 [docker-java-stream-1139170897] DEBUG com.github.dockerjava.zerodep.shaded.org.apache.hc.client5.http.wire -- http-outgoing-2 << "33[\r][\n]"
00:53:14.068 [docker-java-stream-1139170897] DEBUG com.github.dockerjava.zerodep.shaded.org.apache.hc.client5.http.wire -- http-outgoing-2 << "[0x1][0x0][0x0][0x0][0x0][0x0][0x0]+selecting default shared_buffers ... 128MB[\n]"
00:53:14.068 [docker-java-stream-1139170897] DEBUG com.github.dockerjava.zerodep.shaded.org.apache.hc.client5.http.wire -- http-outgoing-2 << "[\r][\n]"
[...]
	Integer octet_length(STRING_OR_CLOB arg)
	OffsetDateTime offset datetime
	OffsetDateTime offset_datetime
	Integer ordinal(ENUM arg)
	String overlay(string placing replacement from start[ for length])
	String pad(STRING string with INTEGER length {leading|trailing}[ STRING character])
	Double percent_rank([arg0[, ...]])
	percentile_cont(NUMERIC arg)
	percentile_disc(NUMERIC arg)
	Double pi
	Integer position(STRING pattern in STRING string)
	Double power(NUMERIC arg0, NUMERIC arg1)
	Double radians(NUMERIC arg)
	Long rank([arg0[, ...]])
	(STRING string, STRING pattern[, STRING flags])
	Double regr_avgx(NUMERIC arg0, NUMERIC arg1)
	Double regr_avgy(NUMERIC arg0, NUMERIC arg1)
	Double regr_count(NUMERIC arg0, NUMERIC arg1)
	Double regr_intercept(NUMERIC arg0, NUMERIC arg1)
	Double regr_r2(NUMERIC arg0, NUMERIC arg1)
	Double regr_slope(NUMERIC arg0, NUMERIC arg1)
	Double regr_sxx(NUMERIC arg0, NUMERIC arg1)
	Double regr_sxy(NUMERIC arg0, NUMERIC arg1)
	Double regr_syy(NUMERIC arg0, NUMERIC arg1)
	String repeat(STRING string, INTEGER times)
	String replace(STRING string, STRING pattern, STRING replacement)
	String reverse(STRING arg)
	String right(STRING string, INTEGER length)
	round(NUMERIC number[, INTEGER places])
	Long row_number()
	String rpad(STRING string, INTEGER length[, STRING padding])
	String rtrim(STRING string[, STRING characters])
	byte[] sha(arg)
	Integer sign(NUMERIC arg)
	Double sin(NUMERIC arg)
	Double sinh(NUMERIC arg)
	String soundex(arg)
	sql
	Double sqrt(NUMERIC arg)
	Double stddev(NUMERIC arg)
	Double stddev_pop(NUMERIC arg)
	Double stddev_samp(NUMERIC arg)
	String str(arg)
	String string(ENUM arg)
	String substr(STRING string, INTEGER start[, INTEGER length])
	String substring(STRING string{ from|,} INTEGER start[{ for|,} INTEGER length])
	sum(arg)
	Double tan(NUMERIC arg)
	Double tanh(NUMERIC arg)
	timestampadd(TEMPORAL_UNIT field, INTEGER magnitude, TEMPORAL datetime)
	Long|Double timestampdiff(TEMPORAL_UNIT field, TEMPORAL start, TEMPORAL end)
	String to_char(ANY arg0[, STRING arg1, STRING arg2])
	Date to_date(STRING arg0[, STRING arg1, STRING arg2])
	Double to_number(STRING arg0[, STRING arg1, STRING arg2])
	Timestamp to_timestamp(STRING arg0[, STRING arg1, STRING arg2])
	String translate(STRING arg0, STRING arg1, STRING arg2)
	String trim([[{leading|trailing|both} ][STRING arg0 ]from] STRING arg1)
	trunc( ... )
	truncate( ... )
	String upper(STRING string)
	Double var_pop(NUMERIC arg)
	Double var_samp(NUMERIC arg)
	Double variance(NUMERIC arg)
	String xmlagg( ... )
	String xmlcomment(STRING arg)
	String xmlconcat( ... )
	String xmlelement( ... )
	Boolean xmlexists( ... )
	String xmlforest( ... )
	String xmlpi( ... )
	String xmlquery( ... )

00:53:14.687 [main] DEBUG org.hibernate.orm.core -- HHH000513: Unable to create the ReflectionOptimizer for [app.entities.Project]: private accessor [assignmentIds]
00:53:14.688 [main] DEBUG org.hibernate.orm.core -- HHH000513: Unable to create the ReflectionOptimizer for [app.entities.Assignment]: private accessor [address]
00:53:14.688 [main] DEBUG org.hibernate.orm.bytecode.interceptor -- HHH90005905: To-one property 'app.entities.User.primaryCategory' was mapped with LAZY + NO_PROXY but the class was not enhanced
00:53:14.688 [main] DEBUG org.hibernate.orm.bytecode.interceptor -- HHH90005905: To-one property 'app.entities.User.primaryCategory' was mapped with LAZY + NO_PROXY but the class was not enhanced
00:53:14.688 [main] DEBUG org.hibernate.orm.core -- HHH000513: Unable to create the ReflectionOptimizer for [app.entities.User]: private accessor [customRoles]
00:53:14.688 [main] DEBUG org.hibernate.orm.bytecode.interceptor -- HHH90005905: To-one property 'app.entities.User.primaryCategory' was mapped with LAZY + NO_PROXY but the class was not enhanced
00:53:14.689 [main] DEBUG org.hibernate.orm.core -- HHH000513: Unable to create the ReflectionOptimizer for [app.entities.Tenant]: private accessor [name]
00:53:14.689 [main] DEBUG org.hibernate.orm.core -- HHH000513: Unable to create the ReflectionOptimizer for [app.entities.Role]: private accessor [roleName]
00:53:14.689 [main] DEBUG org.hibernate.orm.core -- HHH000513: Unable to create the ReflectionOptimizer for [app.entities.EmployeeCategory]: private accessor [active]
00:53:14.695 [main] DEBUG org.hibernate.orm.service -- HHH010454: EventListenerRegistry access via ServiceRegistry is deprecated - use 'sessionFactory.getEventEngine().getListenerRegistry()' instead
00:53:14.695 [main] DEBUG org.hibernate.SQL -- set client_min_messages = WARNING
00:53:14.696 [main] DEBUG org.hibernate.SQL -- alter table if exists project_assignments drop constraint if exists FKbwds7sls0j9asmsm2do8cn8co
00:53:14.696 [main] DEBUG org.hibernate.SQL -- alter table if exists roles drop constraint if exists FKmvypqr2nolkxxru0qnbw8rh5m
00:53:14.697 [main] DEBUG org.hibernate.SQL -- alter table if exists user_custom_roles drop constraint if exists FKqe4g9mx18h02hy5qg5bfkv1mk
00:53:14.697 [main] DEBUG org.hibernate.SQL -- alter table if exists user_custom_roles drop constraint if exists FK8rx2hpulrfq3f19b0p6qufkgb
00:53:14.697 [main] DEBUG org.hibernate.SQL -- alter table if exists user_roles drop constraint if exists FKhfh9dx7w3ubf1co1vdev94g3f
00:53:14.697 [main] DEBUG org.hibernate.SQL -- alter table if exists users drop constraint if exists FK2245x4n1ii1pt3kemr9xe0ynm
00:53:14.698 [main] DEBUG org.hibernate.SQL -- drop table if exists assignments cascade
00:53:14.698 [main] DEBUG org.hibernate.SQL -- drop table if exists employee_categories cascade
00:53:14.698 [main] DEBUG org.hibernate.SQL -- drop table if exists project_assignments cascade
00:53:14.699 [main] DEBUG org.hibernate.SQL -- drop table if exists projects cascade
00:53:14.699 [main] DEBUG org.hibernate.SQL -- drop table if exists roles cascade
00:53:14.699 [main] DEBUG org.hibernate.SQL -- drop table if exists tenants cascade
00:53:14.699 [main] DEBUG org.hibernate.SQL -- drop table if exists user_custom_roles cascade
00:53:14.700 [main] DEBUG org.hibernate.SQL -- drop table if exists user_roles cascade
00:53:14.700 [main] DEBUG org.hibernate.SQL -- drop table if exists users cascade
00:53:14.700 [main] DEBUG org.hibernate.SQL -- create table assignments (cost numeric(12,2), estimated_minutes integer, is_active boolean not null, assigned_employee_id bigint, id bigint generated by default as identity, tenant_id bigint not null, address varchar(255), name varchar(255) not null, primary key (id), unique (tenant_id, name))
00:53:14.703 [main] DEBUG org.hibernate.SQL -- create table employee_categories (is_active boolean not null, id bigint generated by default as identity, tenant_id bigint not null, name varchar(255) not null, primary key (id), unique (tenant_id, name))
00:53:14.704 [main] DEBUG org.hibernate.SQL -- create table project_assignments (assignment_order integer not null, assignment_id bigint not null, project_id bigint not null, primary key (assignment_order, project_id))
00:53:14.705 [main] DEBUG org.hibernate.SQL -- create table projects (id bigint generated by default as identity, tenant_id bigint not null, description varchar(1000), name varchar(255) not null, status varchar(255) not null check ((status in ('DRAFT','ONHOLD','COMPLETED','ARCHIVED'))), primary key (id), unique (tenant_id, name))
00:53:14.707 [main] DEBUG org.hibernate.SQL -- create table roles (id bigint generated by default as identity, tenant_id bigint not null, role_name varchar(255) not null, primary key (id), unique (tenant_id, role_name))
00:53:14.709 [main] DEBUG org.hibernate.SQL -- create table tenants (id bigint generated by default as identity, name varchar(255) not null unique, primary key (id))
00:53:14.710 [main] DEBUG org.hibernate.SQL -- create table user_custom_roles (role_id bigint not null, user_id bigint not null, primary key (role_id, user_id))
00:53:14.710 [main] DEBUG org.hibernate.SQL -- create table user_roles (user_id bigint not null, role varchar(255) not null, primary key (user_id, role))
00:53:14.711 [main] DEBUG org.hibernate.SQL -- create table users (is_active boolean, id bigint generated by default as identity, primary_category_id bigint, tenant_id bigint, email varchar(255) not null unique, name varchar(255), password varchar(255) not null, phoneNumber varchar(255), primary key (id))
00:53:14.713 [main] DEBUG org.hibernate.SQL -- alter table if exists project_assignments add constraint FKbwds7sls0j9asmsm2do8cn8co foreign key (project_id) references projects
00:53:14.714 [main] DEBUG org.hibernate.SQL -- alter table if exists roles add constraint FKmvypqr2nolkxxru0qnbw8rh5m foreign key (tenant_id) references tenants
00:53:14.715 [main] DEBUG org.hibernate.SQL -- alter table if exists user_custom_roles add constraint FKqe4g9mx18h02hy5qg5bfkv1mk foreign key (role_id) references roles
00:53:14.716 [main] DEBUG org.hibernate.SQL -- alter table if exists user_custom_roles add constraint FK8rx2hpulrfq3f19b0p6qufkgb foreign key (user_id) references users
00:53:14.716 [main] DEBUG org.hibernate.SQL -- alter table if exists user_roles add constraint FKhfh9dx7w3ubf1co1vdev94g3f foreign key (user_id) references users
00:53:14.717 [main] DEBUG org.hibernate.SQL -- alter table if exists users add constraint FK2245x4n1ii1pt3kemr9xe0ynm foreign key (primary_category_id) references employee_categories
00:53:14.718 [main] DEBUG org.hibernate.orm.factoryRegistry -- HHH020384: Registering SessionFactory [e12ad1a0-1e97-4d60-a4aa-46f81ee7f22a] (<unnamed>)
00:53:14.719 [main] DEBUG org.hibernate.orm.core -- HHH006588: Opening session [tenant=null]
00:53:14.726 [main] DEBUG org.hibernate.SQL -- SELECT 1
00:53:14.727 [main] DEBUG org.hibernate.session.metrics -- HHH000401: Logging session metrics:
	52917 ns acquiring 1 JDBC connections
	13458 ns releasing 1 JDBC connections
	135500 ns preparing 1 JDBC statements
	567541 ns executing 1 JDBC statements
	0 ns executing 0 JDBC batches
	0 ns performing 0 second-level cache puts
	0 ns performing 0 second-level cache hits
	0 ns performing 0 second-level cache misses
	0 ns executing 0 flushes (flushing a total of 0 entities and 0 collections)
	0 ns executing 0 pre-partial-flushes
	0 ns executing 0 partial-flushes (flushing a total of 0 entities and 0 collections)

]]></system-out>
  </testcase>
  <testcase name="userDaoCanCreateAndFetchUserFromPostgres" classname="app.dao.UserDAOIntegrationTest" time="0.125">
    <system-out><![CDATA[00:53:14.728 [main] DEBUG org.hibernate.orm.core -- HHH006588: Opening session [tenant=null]
00:53:14.729 [main] DEBUG org.hibernate.SQL -- select u1_0.id,u1_0.email,u1_0.is_active,u1_0.name,u1_0.password,u1_0.phoneNumber,u1_0.primary_category_id,u1_0.tenant_id from users u1_0 where lower(u1_0.email)=lower(?)
00:53:14.731 [main] DEBUG org.hibernate.session.metrics -- HHH000401: Logging session metrics:
	33375 ns acquiring 1 JDBC connections
	9333 ns releasing 1 JDBC connections
	138125 ns preparing 1 JDBC statements
	778333 ns executing 1 JDBC statements
	0 ns executing 0 JDBC batches
	0 ns performing 0 second-level cache puts
	0 ns performing 0 second-level cache hits
	0 ns performing 0 second-level cache misses
	0 ns executing 0 flushes (flushing a total of 0 entities and 0 collections)
	0 ns executing 0 pre-partial-flushes
	0 ns executing 0 partial-flushes (flushing a total of 0 entities and 0 collections)

00:53:14.731 [main] DEBUG org.hibernate.orm.core -- HHH006588: Opening session [tenant=null]
00:53:14.731 [main] DEBUG org.hibernate.orm.core -- HHH006583: Beginning transaction
00:53:14.773 [HikariPool-2:housekeeper] DEBUG com.zaxxer.hikari.pool.HikariPool -- HikariPool-2 - Before cleanup stats (total=1/10, idle=0/2, active=1, waiting=0)
00:53:14.773 [HikariPool-2:housekeeper] DEBUG com.zaxxer.hikari.pool.HikariPool -- HikariPool-2 - After  cleanup stats (total=1/10, idle=0/2, active=1, waiting=0)
00:53:14.773 [HikariPool-2:connection-adder] DEBUG com.zaxxer.hikari.pool.PoolBase -- HikariPool-2 - Attempting to create/setup new connection (d436a363-b04e-4b1d-a02d-98469b50c0da)
00:53:14.777 [HikariPool-2:connection-adder] DEBUG com.zaxxer.hikari.pool.PoolBase -- HikariPool-2 - Established new connection (d436a363-b04e-4b1d-a02d-98469b50c0da)
00:53:14.777 [HikariPool-2:connection-adder] DEBUG com.zaxxer.hikari.pool.HikariPool -- HikariPool-2 - Added connection org.postgresql.jdbc.PgConnection@3cef9cac
00:53:14.786 [main] DEBUG org.hibernate.SQL -- insert into users (email,is_active,name,password,phoneNumber,primary_category_id,tenant_id) values (?,?,?,?,?,?,?)
00:53:14.788 [main] DEBUG org.hibernate.orm.core -- HHH006584: Committing transaction
00:53:14.788 [main] DEBUG org.hibernate.orm.event -- HHH90060071: Flushed: 0 insertions, 0 updates, 0 deletions to 1 objects
00:53:14.788 [main] DEBUG org.hibernate.orm.event -- HHH90060072: Flushed: 2 (re)creations, 0 updates, 0 removals to 2 collections
00:53:14.788 [main] DEBUG org.hibernate.orm.core -- Listing entities:
00:53:14.788 [main] DEBUG org.hibernate.orm.core -- app.entities.User{password=$2a$10$sv8LC2a1hsAuRD1Ttsx6LeKpqSXq.mzThlealJkoWC9HUQfJ2zStG, phoneNumber=null, primaryCategory=null, roles=[USER], name=null, tenantId=null, id=1, isActive=false, email=employee@example.com, customRoles=[]}
00:53:14.788 [main] DEBUG org.hibernate.SQL -- insert into user_roles (user_id,role) values (?,?)
00:53:14.789 [main] DEBUG org.hibernate.session.metrics -- HHH000401: Logging session metrics:
	15375 ns acquiring 1 JDBC connections
	24625 ns releasing 1 JDBC connections
	125084 ns preparing 2 JDBC statements
	1583541 ns executing 2 JDBC statements
	0 ns executing 0 JDBC batches
	0 ns performing 0 second-level cache puts
	0 ns performing 0 second-level cache hits
	0 ns performing 0 second-level cache misses
	1406000 ns executing 1 flushes (flushing a total of 1 entities and 2 collections)
	0 ns executing 0 pre-partial-flushes
	0 ns executing 0 partial-flushes (flushing a total of 0 entities and 0 collections)

00:53:14.789 [main] DEBUG org.hibernate.orm.core -- HHH006588: Opening session [tenant=null]
00:53:14.790 [main] DEBUG org.hibernate.SQL -- select u1_0.id,u1_0.email,u1_0.is_active,u1_0.name,u1_0.password,u1_0.phoneNumber,u1_0.primary_category_id,u1_0.tenant_id from users u1_0 where lower(u1_0.email)=lower(?)
00:53:14.792 [main] DEBUG org.hibernate.SQL -- select r1_0.user_id,r1_0.role from user_roles r1_0 where r1_0.user_id=?
00:53:14.793 [main] DEBUG org.hibernate.SQL -- select cr1_0.user_id,cr1_1.id,cr1_1.role_name,cr1_1.tenant_id from user_custom_roles cr1_0 join roles cr1_1 on cr1_1.id=cr1_0.role_id where cr1_0.user_id=?
00:53:14.794 [main] DEBUG org.hibernate.session.metrics -- HHH000401: Logging session metrics:
	77583 ns acquiring 2 JDBC connections
	25917 ns releasing 2 JDBC connections
	158375 ns preparing 3 JDBC statements
	1818458 ns executing 3 JDBC statements
	0 ns executing 0 JDBC batches
	0 ns performing 0 second-level cache puts
	0 ns performing 0 second-level cache hits
	0 ns performing 0 second-level cache misses
	0 ns executing 0 flushes (flushing a total of 0 entities and 0 collections)
	0 ns executing 0 pre-partial-flushes
	0 ns executing 0 partial-flushes (flushing a total of 0 entities and 0 collections)

00:53:14.794 [main] DEBUG org.hibernate.orm.core -- HHH006588: Opening session [tenant=null]
00:53:14.794 [main] DEBUG org.hibernate.SQL -- select u1_0.id,u1_0.email,u1_0.is_active,u1_0.name,u1_0.password,u1_0.phoneNumber,u1_0.primary_category_id,u1_0.tenant_id from users u1_0 where lower(u1_0.email)=lower(?)
00:53:14.795 [main] DEBUG org.hibernate.SQL -- select r1_0.user_id,r1_0.role from user_roles r1_0 where r1_0.user_id=?
00:53:14.796 [main] DEBUG org.hibernate.SQL -- select cr1_0.user_id,cr1_1.id,cr1_1.role_name,cr1_1.tenant_id from user_custom_roles cr1_0 join roles cr1_1 on cr1_1.id=cr1_0.role_id where cr1_0.user_id=?
00:53:14.797 [main] DEBUG org.hibernate.session.metrics -- HHH000401: Logging session metrics:
	64834 ns acquiring 2 JDBC connections
	21584 ns releasing 2 JDBC connections
	98375 ns preparing 3 JDBC statements
	1376583 ns executing 3 JDBC statements
	0 ns executing 0 JDBC batches
	0 ns performing 0 second-level cache puts
	0 ns performing 0 second-level cache hits
	0 ns performing 0 second-level cache misses
	0 ns executing 0 flushes (flushing a total of 0 entities and 0 collections)
	0 ns executing 0 pre-partial-flushes
	0 ns executing 0 partial-flushes (flushing a total of 0 entities and 0 collections)

00:53:14.812 [HikariPool-2:connection-adder] DEBUG com.zaxxer.hikari.pool.HikariPool -- HikariPool-2 - After adding stats (total=2/10, idle=2/2, active=0, waiting=0)
00:53:14.812 [HikariPool-2:connection-adder] DEBUG com.zaxxer.hikari.pool.HikariPool -- HikariPool-2 - Connection not added, stats (total=2/10, idle=2/2, active=0, waiting=0)
]]></system-out>
  </testcase>
  <testcase name="userDaoCanFetchUsersByTenantId" classname="app.dao.UserDAOIntegrationTest" time="0.071">
    <system-out><![CDATA[00:53:14.853 [main] DEBUG org.hibernate.orm.core -- HHH006588: Opening session [tenant=null]
00:53:14.853 [main] DEBUG org.hibernate.orm.core -- HHH006583: Beginning transaction
00:53:14.909 [main] DEBUG org.hibernate.SQL -- insert into users (email,is_active,name,password,phoneNumber,primary_category_id,tenant_id) values (?,?,?,?,?,?,?)
00:53:14.910 [main] DEBUG org.hibernate.orm.core -- HHH006584: Committing transaction
00:53:14.910 [main] DEBUG org.hibernate.orm.event -- HHH90060071: Flushed: 0 insertions, 0 updates, 0 deletions to 1 objects
00:53:14.910 [main] DEBUG org.hibernate.orm.event -- HHH90060072: Flushed: 2 (re)creations, 0 updates, 0 removals to 2 collections
00:53:14.910 [main] DEBUG org.hibernate.orm.core -- Listing entities:
00:53:14.911 [main] DEBUG org.hibernate.orm.core -- app.entities.User{password=$2a$10$iSk/W8IusZ1RGWJXMVvG6ew1zkV96Sfnq0Yu9DuOAlWxEH9qLQ/vi, phoneNumber=null, primaryCategory=null, roles=[USER], name=null, tenantId=42, id=2, isActive=false, email=tenant-user@example.com, customRoles=[]}
00:53:14.911 [main] DEBUG org.hibernate.SQL -- insert into user_roles (user_id,role) values (?,?)
00:53:14.913 [main] DEBUG org.hibernate.session.metrics -- HHH000401: Logging session metrics:
	35209 ns acquiring 1 JDBC connections
	17542 ns releasing 1 JDBC connections
	31958 ns preparing 2 JDBC statements
	3007208 ns executing 2 JDBC statements
	0 ns executing 0 JDBC batches
	0 ns performing 0 second-level cache puts
	0 ns performing 0 second-level cache hits
	0 ns performing 0 second-level cache misses
	1762791 ns executing 1 flushes (flushing a total of 1 entities and 2 collections)
	0 ns executing 0 pre-partial-flushes
	0 ns executing 0 partial-flushes (flushing a total of 0 entities and 0 collections)

00:53:14.913 [main] DEBUG org.hibernate.orm.core -- HHH006588: Opening session [tenant=null]
00:53:14.919 [main] DEBUG org.hibernate.SQL -- select u1_0.id,u1_0.email,u1_0.is_active,u1_0.name,u1_0.password,u1_0.phoneNumber,u1_0.primary_category_id,u1_0.tenant_id from users u1_0 where u1_0.tenant_id=? order by u1_0.id
00:53:14.922 [main] DEBUG org.hibernate.SQL -- select r1_0.user_id,r1_0.role from user_roles r1_0 where r1_0.user_id=?
00:53:14.923 [main] DEBUG org.hibernate.SQL -- select cr1_0.user_id,cr1_1.id,cr1_1.role_name,cr1_1.tenant_id from user_custom_roles cr1_0 join roles cr1_1 on cr1_1.id=cr1_0.role_id where cr1_0.user_id=?
00:53:14.924 [main] DEBUG org.hibernate.session.metrics -- HHH000401: Logging session metrics:
	88917 ns acquiring 2 JDBC connections
	27751 ns releasing 2 JDBC connections
	179668 ns preparing 3 JDBC statements
	3268167 ns executing 3 JDBC statements
	0 ns executing 0 JDBC batches
	0 ns performing 0 second-level cache puts
	0 ns performing 0 second-level cache hits
	0 ns performing 0 second-level cache misses
	0 ns executing 0 flushes (flushing a total of 0 entities and 0 collections)
	0 ns executing 0 pre-partial-flushes
	0 ns executing 0 partial-flushes (flushing a total of 0 entities and 0 collections)

]]></system-out>
  </testcase>
</testsuite>