<?xml version="1.0" encoding="UTF-8"?>
<testsuite xmlns:xsi="http://www.w3.org/2001/XMLSchema-instance" xsi:noNamespaceSchemaLocation="https://maven.apache.org/surefire/maven-surefire-plugin/xsd/surefire-test-report.xsd" version="3.0.2" name="app.services.routeSecurity.TokenSecurityTest" time="0.1" tests="5" errors="0" skipped="0" failures="0">
  <properties>
[...]
</properties>
  <testcase name="tokenExpiredWithinReturnsFalseForTokenExpiredOutsideGraceWindow" classname="app.services.routeSecurity.TokenSecurityTest" time="0.085"/>
  <testcase name="tenantIdSurvivesTokenRoundTrip" classname="app.services.routeSecurity.TokenSecurityTest" time="0.002"/>
  <testcase name="missingTenantIdParsesAsNull" classname="app.services.routeSecurity.TokenSecurityTest" time="0.002"/>
  <testcase name="tokenExpiredWithinReturnsFalseForTokenThatHasNotExpired" classname="app.services.routeSecurity.TokenSecurityTest" time="0.001"/>
  <testcase name="tokenExpiredWithinReturnsTrueForRecentlyExpiredToken" classname="app.services.routeSecurity.TokenSecurityTest" time="0.001"/>
</testsuite>